-------------------------------------------------------------------------------
Test set: com.innovatepam.idea.service.IdeaServiceTest
-------------------------------------------------------------------------------
Tests run: 10, Failures: 1, Errors: 0, Skipped: 0, Time elapsed: 0.275 s <<< FAILURE! -- in com.innovatepam.idea.service.IdeaServiceTest
com.innovatepam.idea.service.IdeaServiceTest.testUpdateStatusInvalidTransition -- Time elapsed: 0.003 s <<< FAILURE!
org.opentest4j.AssertionFailedError: Unexpected exception type thrown, expected: <com.innovatepam.idea.exception.InvalidStatusTransitionException> but was: <java.lang.NullPointerException>
	at org.junit.jupiter.api.AssertionFailureBuilder.build(AssertionFailureBuilder.java:151)
	at org.junit.jupiter.api.AssertThrows.assertThrows(AssertThrows.java:67)
	at org.junit.jupiter.api.AssertThrows.assertThrows(AssertThrows.java:35)
	at org.junit.jupiter.api.Assertions.assertThrows(Assertions.java:3115)
	at com.innovatepam.idea.service.IdeaServiceTest.testUpdateStatusInvalidTransition(IdeaServiceTest.java:201)
	at java.base/java.lang.reflect.Method.invoke(Method.java:580)
	at java.base/java.util.ArrayList.forEach(ArrayList.java:1597)
	at java.base/java.util.ArrayList.forEach(ArrayList.java:1597)
Caused by: java.lang.NullPointerException: Cannot invoke "com.innovatepam.idea.model.Idea.getEvaluations()" because "saved" is null
	at com.innovatepam.idea.service.IdeaService.updateStatus(IdeaService.java:114)
	at com.innovatepam.idea.service.IdeaServiceTest.lambda$testUpdateStatusInvalidTransition$4(IdeaServiceTest.java:202)
	at org.junit.jupiter.api.AssertThrows.assertThrows(AssertThrows.java:53)
	... 6 more

