-------------------------------------------------------------------------------
Test set: com.innovatepam.auth.controller.AuthControllerRegistrationIntegrationTest
-------------------------------------------------------------------------------
Tests run: 10, Failures: 3, Errors: 0, Skipped: 0, Time elapsed: 0.225 s <<< FAILURE! -- in com.innovatepam.auth.controller.AuthControllerRegistrationIntegrationTest
com.innovatepam.auth.controller.AuthControllerRegistrationIntegrationTest.register_WithDuplicateEmail_ReturnsBadRequest -- Time elapsed: 0.036 s <<< FAILURE!
java.lang.AssertionError: Status expected:<409> but was:<400>
	at org.springframework.test.util.AssertionErrors.fail(AssertionErrors.java:59)
	at org.springframework.test.util.AssertionErrors.assertEquals(AssertionErrors.java:122)
	at org.springframework.test.web.servlet.result.StatusResultMatchers.lambda$matcher$9(StatusResultMatchers.java:637)
	at org.springframework.test.web.servlet.MockMvc$1.andExpect(MockMvc.java:214)
	at com.innovatepam.auth.controller.AuthControllerRegistrationIntegrationTest.register_WithDuplicateEmail_ReturnsBadRequest(AuthControllerRegistrationIntegrationTest.java:75)
	at java.base/java.lang.reflect.Method.invoke(Method.java:580)
	at java.base/java.util.ArrayList.forEach(ArrayList.java:1597)
	at java.base/java.util.ArrayList.forEach(ArrayList.java:1597)

com.innovatepam.auth.controller.AuthControllerRegistrationIntegrationTest.register_WithValidData_ReturnsCreatedAndToken -- Time elapsed: 0.025 s <<< FAILURE!
java.lang.AssertionError: Status expected:<201> but was:<400>
	at org.springframework.test.util.AssertionErrors.fail(AssertionErrors.java:59)
	at org.springframework.test.util.AssertionErrors.assertEquals(AssertionErrors.java:122)
	at org.springframework.test.web.servlet.result.StatusResultMatchers.lambda$matcher$9(StatusResultMatchers.java:637)
	at org.springframework.test.web.servlet.MockMvc$1.andExpect(MockMvc.java:214)
	at com.innovatepam.auth.controller.AuthControllerRegistrationIntegrationTest.register_WithValidData_ReturnsCreatedAndToken(AuthControllerRegistrationIntegrationTest.java:53)
	at java.base/java.lang.reflect.Method.invoke(Method.java:580)
	at java.base/java.util.ArrayList.forEach(ArrayList.java:1597)
	at java.base/java.util.ArrayList.forEach(ArrayList.java:1597)

com.innovatepam.auth.controller.AuthControllerRegistrationIntegrationTest.register_WithEvaluatorAdminRole_ReturnsCreatedAndToken -- Time elapsed: 0.024 s <<< FAILURE!
java.lang.AssertionError: Status expected:<201> but was:<400>
	at org.springframework.test.util.AssertionErrors.fail(AssertionErrors.java:59)
	at org.springframework.test.util.AssertionErrors.assertEquals(AssertionErrors.java:122)
	at org.springframework.test.web.servlet.result.StatusResultMatchers.lambda$matcher$9(StatusResultMatchers.java:637)
	at org.springframework.test.web.servlet.MockMvc$1.andExpect(MockMvc.java:214)
	at com.innovatepam.auth.controller.AuthControllerRegistrationIntegrationTest.register_WithEvaluatorAdminRole_ReturnsCreatedAndToken(AuthControllerRegistrationIntegrationTest.java:170)
	at java.base/java.lang.reflect.Method.invoke(Method.java:580)
	at java.base/java.util.ArrayList.forEach(ArrayList.java:1597)
	at java.base/java.util.ArrayList.forEach(ArrayList.java:1597)

