<?xml version="1.0" encoding="UTF-8"?>
<testsuite xmlns:xsi="http://www.w3.org/2001/XMLSchema-instance" xsi:noNamespaceSchemaLocation="https://maven.apache.org/surefire/maven-surefire-plugin/xsd/surefire-test-report-3.0.xsd" version="3.0" name="com.innovatepam.idea.controller.IdeaControllerIntegrationTest" time="16.511" tests="11" errors="0" skipped="0" failures="0">
  <properties>
[...]
</properties>
  <testcase name="testCreateIdeaWithInvalidFileType" classname="com.innovatepam.idea.controller.IdeaControllerIntegrationTest" time="1.014">
    <system-out><![CDATA[2026-02-26T04:44:27.208+03:00  INFO 23776 --- [           main] tc.postgres:15-alpine                    : Creating container for image: postgres:15-alpine
2026-02-26T04:44:27.352+03:00  INFO 23776 --- [           main] tc.postgres:15-alpine                    : Container postgres:15-alpine is starting: 2676289300de9a553d76134c45a38026ea16e7e51c6ff606e4ace8da2d52b341
2026-02-26T04:44:30.321+03:00  INFO 23776 --- [           main] tc.postgres:15-alpine                    : Container postgres:15-alpine started in PT3.1132342S
2026-02-26T04:44:30.321+03:00  INFO 23776 --- [           main] tc.postgres:15-alpine                    : Container is started (JDBC URL: jdbc:postgresql://localhost:62313/testdb?loggerLevel=OFF)

  .   ____          _            __ _ _
 /\\ / ___'_ __ _ _(_)_ __  __ _ \ \ \ \
( ( )\___ | '_ | '_| | '_ \/ _` | \ \ \ \
 \\/  ___)| |_)| | | | | || (_| |  ) ) ) )
  '  |____| .__|_| |_|_| |_\__, | / / / /
 =========|_|==============|___/=/_/_/_/
 :: Spring Boot ::                (v3.2.2)

2026-02-26T04:44:30.361+03:00  INFO 23776 --- [           main] c.i.i.c.IdeaControllerIntegrationTest    : Starting IdeaControllerIntegrationTest using Java 23 with PID 23776 (started by osman in C:\Users\osman\OneDrive\Masaüstü\InnovatEPAM\backend)
2026-02-26T04:44:30.361+03:00  INFO 23776 --- [           main] c.i.i.c.IdeaControllerIntegrationTest    : No active profile set, falling back to 1 default profile: "default"
2026-02-26T04:44:30.710+03:00  INFO 23776 --- [           main] .s.d.r.c.RepositoryConfigurationDelegate : Bootstrapping Spring Data JPA repositories in DEFAULT mode.
2026-02-26T04:44:30.737+03:00  INFO 23776 --- [           main] .s.d.r.c.RepositoryConfigurationDelegate : Finished Spring Data repository scanning in 27 ms. Found 6 JPA repository interfaces.
2026-02-26T04:44:31.072+03:00  INFO 23776 --- [           main] com.zaxxer.hikari.HikariDataSource       : HikariPool-3 - Starting...
2026-02-26T04:44:31.107+03:00  INFO 23776 --- [           main] com.zaxxer.hikari.pool.HikariPool        : HikariPool-3 - Added connection org.postgresql.jdbc.PgConnection@50cf8d10
2026-02-26T04:44:31.107+03:00  INFO 23776 --- [           main] com.zaxxer.hikari.HikariDataSource       : HikariPool-3 - Start completed.
2026-02-26T04:44:31.123+03:00  INFO 23776 --- [           main] org.flywaydb.core.FlywayExecutor         : Database: jdbc:postgresql://localhost:62313/testdb (PostgreSQL 15.16)
2026-02-26T04:44:31.152+03:00  INFO 23776 --- [           main] o.f.c.i.s.JdbcTableSchemaHistory         : Schema history table "public"."flyway_schema_history" does not exist yet
2026-02-26T04:44:31.154+03:00  INFO 23776 --- [           main] o.f.core.internal.command.DbValidate     : Successfully validated 6 migrations (execution time 00:00.014s)
2026-02-26T04:44:31.173+03:00  INFO 23776 --- [           main] o.f.c.i.s.JdbcTableSchemaHistory         : Creating Schema History table "public"."flyway_schema_history" ...
2026-02-26T04:44:31.238+03:00  INFO 23776 --- [           main] o.f.core.internal.command.DbMigrate      : Current version of schema "public": << Empty Schema >>
2026-02-26T04:44:31.247+03:00  INFO 23776 --- [           main] o.f.core.internal.command.DbMigrate      : Migrating schema "public" to version "1 - create roles table"
2026-02-26T04:44:31.296+03:00  INFO 23776 --- [           main] o.f.core.internal.command.DbMigrate      : Migrating schema "public" to version "2 - create users table"
2026-02-26T04:44:31.344+03:00  INFO 23776 --- [           main] o.f.core.internal.command.DbMigrate      : Migrating schema "public" to version "3 - create authentication attempts table"
2026-02-26T04:44:31.382+03:00  INFO 23776 --- [           main] o.f.core.internal.command.DbMigrate      : Migrating schema "public" to version "4 - create ideas table"
2026-02-26T04:44:31.428+03:00  INFO 23776 --- [           main] o.f.core.internal.command.DbMigrate      : Migrating schema "public" to version "5 - create idea evaluations table"
2026-02-26T04:44:31.474+03:00  INFO 23776 --- [           main] o.f.core.internal.command.DbMigrate      : Migrating schema "public" to version "6 - create idea attachments table"
2026-02-26T04:44:31.510+03:00  INFO 23776 --- [           main] o.f.core.internal.command.DbMigrate      : Successfully applied 6 migrations to schema "public", now at version v6 (execution time 00:00.137s)
2026-02-26T04:44:31.574+03:00  INFO 23776 --- [           main] o.hibernate.jpa.internal.util.LogHelper  : HHH000204: Processing PersistenceUnitInfo [name: default]
2026-02-26T04:44:31.579+03:00  INFO 23776 --- [           main] o.h.c.internal.RegionFactoryInitiator    : HHH000026: Second-level cache disabled
2026-02-26T04:44:31.587+03:00  INFO 23776 --- [           main] o.s.o.j.p.SpringPersistenceUnitInfo      : No LoadTimeWeaver setup: ignoring JPA class transformer
2026-02-26T04:44:31.769+03:00  INFO 23776 --- [           main] o.h.e.t.j.p.i.JtaPlatformInitiator       : HHH000489: No JTA platform available (set 'hibernate.transaction.jta.platform' to enable JTA platform integration)
2026-02-26T04:44:31.804+03:00  INFO 23776 --- [           main] j.LocalContainerEntityManagerFactoryBean : Initialized JPA EntityManagerFactory for persistence unit 'default'
2026-02-26T04:44:32.242+03:00  WARN 23776 --- [           main] .s.s.UserDetailsServiceAutoConfiguration : 

Using generated security password: 911cd46f-4f35-4100-9627-93d3053d9452

This generated password is for development use only. Your security configuration must be updated before running your application in production.

2026-02-26T04:44:32.641+03:00  INFO 23776 --- [           main] o.s.b.a.e.web.EndpointLinksResolver      : Exposing 2 endpoint(s) beneath base path '/actuator'
2026-02-26T04:44:32.736+03:00  INFO 23776 --- [           main] o.s.s.web.DefaultSecurityFilterChain     : Will secure any request with [org.springframework.security.web.session.DisableEncodeUrlFilter@665865df, org.springframework.security.web.context.request.async.WebAsyncManagerIntegrationFilter@14df00d1, org.springframework.security.web.context.SecurityContextHolderFilter@1d4dfdf2, org.springframework.security.web.header.HeaderWriterFilter@240a2448, org.springframework.web.filter.CorsFilter@63f51ba5, org.springframework.security.web.authentication.logout.LogoutFilter@25a7f5c5, com.innovatepam.auth.security.JwtAuthenticationFilter@3b7e5726, org.springframework.security.web.savedrequest.RequestCacheAwareFilter@20ac6290, org.springframework.security.web.servletapi.SecurityContextHolderAwareRequestFilter@561dca32, org.springframework.security.web.authentication.AnonymousAuthenticationFilter@453c881, org.springframework.security.web.session.SessionManagementFilter@23bc4e05, org.springframework.security.web.access.ExceptionTranslationFilter@2873ee6c, org.springframework.security.web.access.intercept.AuthorizationFilter@48575459]
2026-02-26T04:44:33.242+03:00  INFO 23776 --- [           main] o.s.b.t.m.w.SpringBootMockServletContext : Initializing Spring TestDispatcherServlet ''
2026-02-26T04:44:33.242+03:00  INFO 23776 --- [           main] o.s.t.web.servlet.TestDispatcherServlet  : Initializing Servlet ''
2026-02-26T04:44:33.242+03:00  INFO 23776 --- [           main] o.s.t.web.servlet.TestDispatcherServlet  : Completed initialization in 0 ms
2026-02-26T04:44:33.282+03:00  INFO 23776 --- [           main] c.i.i.c.IdeaControllerIntegrationTest    : Started IdeaControllerIntegrationTest in 2.954 seconds (process running for 56.595)
2026-02-26T04:44:33.311+03:00 DEBUG 23776 --- [           main] org.hibernate.SQL                        : 
    select
        r1_0.id,
        r1_0.created_at,
        r1_0.name 
    from
        roles r1_0 
    where
        r1_0.id=?
2026-02-26T04:44:33.323+03:00 DEBUG 23776 --- [           main] org.hibernate.SQL                        : 
    select
        r1_0.id,
        r1_0.created_at,
        r1_0.name 
    from
        roles r1_0 
    where
        r1_0.id=?
2026-02-26T04:44:33.738+03:00 DEBUG 23776 --- [           main] org.hibernate.SQL                        : 
    select
        u1_0.id,
        u1_0.created_at,
        u1_0.email,
        u1_0.is_locked,
        u1_0.locked_until,
        u1_0.password_hash,
        u1_0.role_id,
        r1_0.id,
        r1_0.created_at,
        r1_0.name,
        u1_0.updated_at 
    from
        users u1_0 
    join
        roles r1_0 
            on r1_0.id=u1_0.role_id 
    where
        u1_0.id=?
2026-02-26T04:44:34.144+03:00 DEBUG 23776 --- [           main] org.hibernate.SQL                        : 
    select
        u1_0.id,
        u1_0.created_at,
        u1_0.email,
        u1_0.is_locked,
        u1_0.locked_until,
        u1_0.password_hash,
        u1_0.role_id,
        r1_0.id,
        r1_0.created_at,
        r1_0.name,
        u1_0.updated_at 
    from
        users u1_0 
    join
        roles r1_0 
            on r1_0.id=u1_0.role_id 
    where
        u1_0.id=?
2026-02-26T04:44:34.166+03:00 DEBUG 23776 --- [           main] org.hibernate.SQL                        : 
    insert 
    into
        roles
        (created_at, name, id) 
    values
        (?, ?, ?)
2026-02-26T04:44:34.174+03:00 DEBUG 23776 --- [           main] org.hibernate.SQL                        : 
    insert 
    into
        roles
        (created_at, name, id) 
    values
        (?, ?, ?)
2026-02-26T04:44:34.177+03:00 DEBUG 23776 --- [           main] org.hibernate.SQL                        : 
    insert 
    into
        users
        (created_at, email, is_locked, locked_until, password_hash, role_id, updated_at, id) 
    values
        (?, ?, ?, ?, ?, ?, ?, ?)
2026-02-26T04:44:34.181+03:00 DEBUG 23776 --- [           main] org.hibernate.SQL                        : 
    insert 
    into
        users
        (created_at, email, is_locked, locked_until, password_hash, role_id, updated_at, id) 
    values
        (?, ?, ?, ?, ?, ?, ?, ?)
2026-02-26T04:44:34.191+03:00 DEBUG 23776 --- [           main] org.hibernate.SQL                        : 
    insert 
    into
        ideas
        (category, created_at, description, status, submitter_id, title, updated_at, version) 
    values
        (?, ?, ?, ?, ?, ?, ?, ?)
[DEBUG] Looking up user with email: submitter@test.com
2026-02-26T04:44:34.279+03:00 DEBUG 23776 --- [           main] org.hibernate.SQL                        : 
    select
        u1_0.id,
        u1_0.created_at,
        u1_0.email,
        u1_0.is_locked,
        u1_0.locked_until,
        u1_0.password_hash,
        u1_0.role_id,
        u1_0.updated_at 
    from
        users u1_0 
    where
        u1_0.email=?
[DEBUG] Found user: ID=a519c664-a7d1-40cb-8c29-33db92c6f17e, Email=submitter@test.com
2026-02-26T04:44:34.285+03:00 DEBUG 23776 --- [           main] org.hibernate.SQL                        : 
    insert 
    into
        ideas
        (category, created_at, description, status, submitter_id, title, updated_at, version) 
    values
        (?, ?, ?, ?, ?, ?, ?, ?)
]]></system-out>
  </testcase>
  <testcase name="testGetIdeaByIdNotFound" classname="com.innovatepam.idea.controller.IdeaControllerIntegrationTest" time="0.861">
    <system-out><![CDATA[2026-02-26T04:44:34.305+03:00 DEBUG 23776 --- [           main] org.hibernate.SQL                        : 
    select
        r1_0.id,
        r1_0.created_at,
        r1_0.name 
    from
        roles r1_0 
    where
        r1_0.id=?
2026-02-26T04:44:34.309+03:00 DEBUG 23776 --- [           main] org.hibernate.SQL                        : 
    select
        r1_0.id,
        r1_0.created_at,
        r1_0.name 
    from
        roles r1_0 
    where
        r1_0.id=?
2026-02-26T04:44:34.707+03:00 DEBUG 23776 --- [           main] org.hibernate.SQL                        : 
    select
        u1_0.id,
        u1_0.created_at,
        u1_0.email,
        u1_0.is_locked,
        u1_0.locked_until,
        u1_0.password_hash,
        u1_0.role_id,
        r1_0.id,
        r1_0.created_at,
        r1_0.name,
        u1_0.updated_at 
    from
        users u1_0 
    join
        roles r1_0 
            on r1_0.id=u1_0.role_id 
    where
        u1_0.id=?
2026-02-26T04:44:35.116+03:00 DEBUG 23776 --- [           main] org.hibernate.SQL                        : 
    select
        u1_0.id,
        u1_0.created_at,
        u1_0.email,
        u1_0.is_locked,
        u1_0.locked_until,
        u1_0.password_hash,
        u1_0.role_id,
        r1_0.id,
        r1_0.created_at,
        r1_0.name,
        u1_0.updated_at 
    from
        users u1_0 
    join
        roles r1_0 
            on r1_0.id=u1_0.role_id 
    where
        u1_0.id=?
2026-02-26T04:44:35.122+03:00 DEBUG 23776 --- [           main] org.hibernate.SQL                        : 
    insert 
    into
        roles
        (created_at, name, id) 
    values
        (?, ?, ?)
2026-02-26T04:44:35.124+03:00 DEBUG 23776 --- [           main] org.hibernate.SQL                        : 
    insert 
    into
        roles
        (created_at, name, id) 
    values
        (?, ?, ?)
2026-02-26T04:44:35.126+03:00 DEBUG 23776 --- [           main] org.hibernate.SQL                        : 
    insert 
    into
        users
        (created_at, email, is_locked, locked_until, password_hash, role_id, updated_at, id) 
    values
        (?, ?, ?, ?, ?, ?, ?, ?)
2026-02-26T04:44:35.129+03:00 DEBUG 23776 --- [           main] org.hibernate.SQL                        : 
    insert 
    into
        users
        (created_at, email, is_locked, locked_until, password_hash, role_id, updated_at, id) 
    values
        (?, ?, ?, ?, ?, ?, ?, ?)
2026-02-26T04:44:35.131+03:00 DEBUG 23776 --- [           main] org.hibernate.SQL                        : 
    insert 
    into
        ideas
        (category, created_at, description, status, submitter_id, title, updated_at, version) 
    values
        (?, ?, ?, ?, ?, ?, ?, ?)
2026-02-26T04:44:35.150+03:00 DEBUG 23776 --- [           main] org.hibernate.SQL                        : 
    select
        i1_0.id,
        a1_0.id,
        a1_0.created_at,
        a1_0.file_size,
        a1_0.file_type,
        a1_0.idea_id,
        a1_0.original_filename,
        a1_0.storage_location,
        a1_0.stored_filename,
        i1_0.category,
        i1_0.created_at,
        i1_0.description,
        i1_0.status,
        i1_0.submitter_id,
        s1_0.id,
        s1_0.created_at,
        s1_0.email,
        s1_0.is_locked,
        s1_0.locked_until,
        s1_0.password_hash,
        s1_0.role_id,
        r1_0.id,
        r1_0.created_at,
        r1_0.name,
        s1_0.updated_at,
        i1_0.title,
        i1_0.updated_at,
        i1_0.version 
    from
        ideas i1_0 
    left join
        idea_attachments a1_0 
            on i1_0.id=a1_0.idea_id 
    join
        users s1_0 
            on s1_0.id=i1_0.submitter_id 
    left join
        roles r1_0 
            on r1_0.id=s1_0.role_id 
    where
        i1_0.id=?
]]></system-out>
  </testcase>
  <testcase name="testGetAllIdeas" classname="com.innovatepam.idea.controller.IdeaControllerIntegrationTest" time="0.879">
    <system-out><![CDATA[2026-02-26T04:44:35.167+03:00 DEBUG 23776 --- [           main] org.hibernate.SQL                        : 
    select
        r1_0.id,
        r1_0.created_at,
        r1_0.name 
    from
        roles r1_0 
    where
        r1_0.id=?
2026-02-26T04:44:35.171+03:00 DEBUG 23776 --- [           main] org.hibernate.SQL                        : 
    select
        r1_0.id,
        r1_0.created_at,
        r1_0.name 
    from
        roles r1_0 
    where
        r1_0.id=?
2026-02-26T04:44:35.563+03:00 DEBUG 23776 --- [           main] org.hibernate.SQL                        : 
    select
        u1_0.id,
        u1_0.created_at,
        u1_0.email,
        u1_0.is_locked,
        u1_0.locked_until,
        u1_0.password_hash,
        u1_0.role_id,
        r1_0.id,
        r1_0.created_at,
        r1_0.name,
        u1_0.updated_at 
    from
        users u1_0 
    join
        roles r1_0 
            on r1_0.id=u1_0.role_id 
    where
        u1_0.id=?
2026-02-26T04:44:35.981+03:00 DEBUG 23776 --- [           main] org.hibernate.SQL                        : 
    select
        u1_0.id,
        u1_0.created_at,
        u1_0.email,
        u1_0.is_locked,
        u1_0.locked_until,
        u1_0.password_hash,
        u1_0.role_id,
        r1_0.id,
        r1_0.created_at,
        r1_0.name,
        u1_0.updated_at 
    from
        users u1_0 
    join
        roles r1_0 
            on r1_0.id=u1_0.role_id 
    where
        u1_0.id=?
2026-02-26T04:44:35.985+03:00 DEBUG 23776 --- [           main] org.hibernate.SQL                        : 
    insert 
    into
        roles
        (created_at, name, id) 
    values
        (?, ?, ?)
2026-02-26T04:44:35.987+03:00 DEBUG 23776 --- [           main] org.hibernate.SQL                        : 
    insert 
    into
        roles
        (created_at, name, id) 
    values
        (?, ?, ?)
2026-02-26T04:44:35.988+03:00 DEBUG 23776 --- [           main] org.hibernate.SQL                        : 
    insert 
    into
        users
        (created_at, email, is_locked, locked_until, password_hash, role_id, updated_at, id) 
    values
        (?, ?, ?, ?, ?, ?, ?, ?)
2026-02-26T04:44:35.991+03:00 DEBUG 23776 --- [           main] org.hibernate.SQL                        : 
    insert 
    into
        users
        (created_at, email, is_locked, locked_until, password_hash, role_id, updated_at, id) 
    values
        (?, ?, ?, ?, ?, ?, ?, ?)
2026-02-26T04:44:35.993+03:00 DEBUG 23776 --- [           main] org.hibernate.SQL                        : 
    insert 
    into
        ideas
        (category, created_at, description, status, submitter_id, title, updated_at, version) 
    values
        (?, ?, ?, ?, ?, ?, ?, ?)
2026-02-26T04:44:36.008+03:00 DEBUG 23776 --- [           main] org.hibernate.SQL                        : 
    select
        i1_0.id,
        i1_0.category,
        i1_0.created_at,
        i1_0.description,
        i1_0.status,
        i1_0.submitter_id,
        i1_0.title,
        i1_0.updated_at,
        i1_0.version 
    from
        ideas i1_0 
    order by
        i1_0.created_at desc 
    offset
        ? rows 
    fetch
        first ? rows only
]]></system-out>
  </testcase>
  <testcase name="testUpdateIdeaStatusInvalidTransition" classname="com.innovatepam.idea.controller.IdeaControllerIntegrationTest" time="0.869">
    <system-out><![CDATA[2026-02-26T04:44:36.049+03:00 DEBUG 23776 --- [           main] org.hibernate.SQL                        : 
    select
        r1_0.id,
        r1_0.created_at,
        r1_0.name 
    from
        roles r1_0 
    where
        r1_0.id=?
2026-02-26T04:44:36.053+03:00 DEBUG 23776 --- [           main] org.hibernate.SQL                        : 
    select
        r1_0.id,
        r1_0.created_at,
        r1_0.name 
    from
        roles r1_0 
    where
        r1_0.id=?
2026-02-26T04:44:36.455+03:00 DEBUG 23776 --- [           main] org.hibernate.SQL                        : 
    select
        u1_0.id,
        u1_0.created_at,
        u1_0.email,
        u1_0.is_locked,
        u1_0.locked_until,
        u1_0.password_hash,
        u1_0.role_id,
        r1_0.id,
        r1_0.created_at,
        r1_0.name,
        u1_0.updated_at 
    from
        users u1_0 
    join
        roles r1_0 
            on r1_0.id=u1_0.role_id 
    where
        u1_0.id=?
2026-02-26T04:44:36.859+03:00 DEBUG 23776 --- [           main] org.hibernate.SQL                        : 
    select
        u1_0.id,
        u1_0.created_at,
        u1_0.email,
        u1_0.is_locked,
        u1_0.locked_until,
        u1_0.password_hash,
        u1_0.role_id,
        r1_0.id,
        r1_0.created_at,
        r1_0.name,
        u1_0.updated_at 
    from
        users u1_0 
    join
        roles r1_0 
            on r1_0.id=u1_0.role_id 
    where
        u1_0.id=?
2026-02-26T04:44:36.866+03:00 DEBUG 23776 --- [           main] org.hibernate.SQL                        : 
    insert 
    into
        roles
        (created_at, name, id) 
    values
        (?, ?, ?)
2026-02-26T04:44:36.868+03:00 DEBUG 23776 --- [           main] org.hibernate.SQL                        : 
    insert 
    into
        roles
        (created_at, name, id) 
    values
        (?, ?, ?)
2026-02-26T04:44:36.869+03:00 DEBUG 23776 --- [           main] org.hibernate.SQL                        : 
    insert 
    into
        users
        (created_at, email, is_locked, locked_until, password_hash, role_id, updated_at, id) 
    values
        (?, ?, ?, ?, ?, ?, ?, ?)
2026-02-26T04:44:36.871+03:00 DEBUG 23776 --- [           main] org.hibernate.SQL                        : 
    insert 
    into
        users
        (created_at, email, is_locked, locked_until, password_hash, role_id, updated_at, id) 
    values
        (?, ?, ?, ?, ?, ?, ?, ?)
2026-02-26T04:44:36.873+03:00 DEBUG 23776 --- [           main] org.hibernate.SQL                        : 
    insert 
    into
        ideas
        (category, created_at, description, status, submitter_id, title, updated_at, version) 
    values
        (?, ?, ?, ?, ?, ?, ?, ?)
2026-02-26T04:44:36.892+03:00 DEBUG 23776 --- [           main] org.hibernate.SQL                        : 
    select
        u1_0.id,
        u1_0.created_at,
        u1_0.email,
        u1_0.is_locked,
        u1_0.locked_until,
        u1_0.password_hash,
        u1_0.role_id,
        u1_0.updated_at 
    from
        users u1_0 
    where
        u1_0.email=?
]]></system-out>
  </testcase>
  <testcase name="testUpdateIdeaStatusUnauthorized" classname="com.innovatepam.idea.controller.IdeaControllerIntegrationTest" time="0.849">
    <system-out><![CDATA[2026-02-26T04:44:36.917+03:00 DEBUG 23776 --- [           main] org.hibernate.SQL                        : 
    select
        r1_0.id,
        r1_0.created_at,
        r1_0.name 
    from
        roles r1_0 
    where
        r1_0.id=?
2026-02-26T04:44:36.920+03:00 DEBUG 23776 --- [           main] org.hibernate.SQL                        : 
    select
        r1_0.id,
        r1_0.created_at,
        r1_0.name 
    from
        roles r1_0 
    where
        r1_0.id=?
2026-02-26T04:44:37.332+03:00 DEBUG 23776 --- [           main] org.hibernate.SQL                        : 
    select
        u1_0.id,
        u1_0.created_at,
        u1_0.email,
        u1_0.is_locked,
        u1_0.locked_until,
        u1_0.password_hash,
        u1_0.role_id,
        r1_0.id,
        r1_0.created_at,
        r1_0.name,
        u1_0.updated_at 
    from
        users u1_0 
    join
        roles r1_0 
            on r1_0.id=u1_0.role_id 
    where
        u1_0.id=?
2026-02-26T04:44:37.738+03:00 DEBUG 23776 --- [           main] org.hibernate.SQL                        : 
    select
        u1_0.id,
        u1_0.created_at,
        u1_0.email,
        u1_0.is_locked,
        u1_0.locked_until,
        u1_0.password_hash,
        u1_0.role_id,
        r1_0.id,
        r1_0.created_at,
        r1_0.name,
        u1_0.updated_at 
    from
        users u1_0 
    join
        roles r1_0 
            on r1_0.id=u1_0.role_id 
    where
        u1_0.id=?
2026-02-26T04:44:37.743+03:00 DEBUG 23776 --- [           main] org.hibernate.SQL                        : 
    insert 
    into
        roles
        (created_at, name, id) 
    values
        (?, ?, ?)
2026-02-26T04:44:37.745+03:00 DEBUG 23776 --- [           main] org.hibernate.SQL                        : 
    insert 
    into
        roles
        (created_at, name, id) 
    values
        (?, ?, ?)
2026-02-26T04:44:37.746+03:00 DEBUG 23776 --- [           main] org.hibernate.SQL                        : 
    insert 
    into
        users
        (created_at, email, is_locked, locked_until, password_hash, role_id, updated_at, id) 
    values
        (?, ?, ?, ?, ?, ?, ?, ?)
2026-02-26T04:44:37.748+03:00 DEBUG 23776 --- [           main] org.hibernate.SQL                        : 
    insert 
    into
        users
        (created_at, email, is_locked, locked_until, password_hash, role_id, updated_at, id) 
    values
        (?, ?, ?, ?, ?, ?, ?, ?)
2026-02-26T04:44:37.750+03:00 DEBUG 23776 --- [           main] org.hibernate.SQL                        : 
    insert 
    into
        ideas
        (category, created_at, description, status, submitter_id, title, updated_at, version) 
    values
        (?, ?, ?, ?, ?, ?, ?, ?)
]]></system-out>
  </testcase>
  <testcase name="testCreateIdeaUnauthorized" classname="com.innovatepam.idea.controller.IdeaControllerIntegrationTest" time="0.841">
    <system-out><![CDATA[2026-02-26T04:44:37.767+03:00 DEBUG 23776 --- [           main] org.hibernate.SQL                        : 
    select
        r1_0.id,
        r1_0.created_at,
        r1_0.name 
    from
        roles r1_0 
    where
        r1_0.id=?
2026-02-26T04:44:37.770+03:00 DEBUG 23776 --- [           main] org.hibernate.SQL                        : 
    select
        r1_0.id,
        r1_0.created_at,
        r1_0.name 
    from
        roles r1_0 
    where
        r1_0.id=?
2026-02-26T04:44:38.183+03:00 DEBUG 23776 --- [           main] org.hibernate.SQL                        : 
    select
        u1_0.id,
        u1_0.created_at,
        u1_0.email,
        u1_0.is_locked,
        u1_0.locked_until,
        u1_0.password_hash,
        u1_0.role_id,
        r1_0.id,
        r1_0.created_at,
        r1_0.name,
        u1_0.updated_at 
    from
        users u1_0 
    join
        roles r1_0 
            on r1_0.id=u1_0.role_id 
    where
        u1_0.id=?
2026-02-26T04:44:38.585+03:00 DEBUG 23776 --- [           main] org.hibernate.SQL                        : 
    select
        u1_0.id,
        u1_0.created_at,
        u1_0.email,
        u1_0.is_locked,
        u1_0.locked_until,
        u1_0.password_hash,
        u1_0.role_id,
        r1_0.id,
        r1_0.created_at,
        r1_0.name,
        u1_0.updated_at 
    from
        users u1_0 
    join
        roles r1_0 
            on r1_0.id=u1_0.role_id 
    where
        u1_0.id=?
2026-02-26T04:44:38.590+03:00 DEBUG 23776 --- [           main] org.hibernate.SQL                        : 
    insert 
    into
        roles
        (created_at, name, id) 
    values
        (?, ?, ?)
2026-02-26T04:44:38.591+03:00 DEBUG 23776 --- [           main] org.hibernate.SQL                        : 
    insert 
    into
        roles
        (created_at, name, id) 
    values
        (?, ?, ?)
2026-02-26T04:44:38.592+03:00 DEBUG 23776 --- [           main] org.hibernate.SQL                        : 
    insert 
    into
        users
        (created_at, email, is_locked, locked_until, password_hash, role_id, updated_at, id) 
    values
        (?, ?, ?, ?, ?, ?, ?, ?)
2026-02-26T04:44:38.594+03:00 DEBUG 23776 --- [           main] org.hibernate.SQL                        : 
    insert 
    into
        users
        (created_at, email, is_locked, locked_until, password_hash, role_id, updated_at, id) 
    values
        (?, ?, ?, ?, ?, ?, ?, ?)
2026-02-26T04:44:38.596+03:00 DEBUG 23776 --- [           main] org.hibernate.SQL                        : 
    insert 
    into
        ideas
        (category, created_at, description, status, submitter_id, title, updated_at, version) 
    values
        (?, ?, ?, ?, ?, ?, ?, ?)
]]></system-out>
  </testcase>
  <testcase name="testFilterByStatus" classname="com.innovatepam.idea.controller.IdeaControllerIntegrationTest" time="0.862">
    <system-out><![CDATA[2026-02-26T04:44:38.609+03:00 DEBUG 23776 --- [           main] org.hibernate.SQL                        : 
    select
        r1_0.id,
        r1_0.created_at,
        r1_0.name 
    from
        roles r1_0 
    where
        r1_0.id=?
2026-02-26T04:44:38.612+03:00 DEBUG 23776 --- [           main] org.hibernate.SQL                        : 
    select
        r1_0.id,
        r1_0.created_at,
        r1_0.name 
    from
        roles r1_0 
    where
        r1_0.id=?
2026-02-26T04:44:39.031+03:00 DEBUG 23776 --- [           main] org.hibernate.SQL                        : 
    select
        u1_0.id,
        u1_0.created_at,
        u1_0.email,
        u1_0.is_locked,
        u1_0.locked_until,
        u1_0.password_hash,
        u1_0.role_id,
        r1_0.id,
        r1_0.created_at,
        r1_0.name,
        u1_0.updated_at 
    from
        users u1_0 
    join
        roles r1_0 
            on r1_0.id=u1_0.role_id 
    where
        u1_0.id=?
2026-02-26T04:44:39.425+03:00 DEBUG 23776 --- [           main] org.hibernate.SQL                        : 
    select
        u1_0.id,
        u1_0.created_at,
        u1_0.email,
        u1_0.is_locked,
        u1_0.locked_until,
        u1_0.password_hash,
        u1_0.role_id,
        r1_0.id,
        r1_0.created_at,
        r1_0.name,
        u1_0.updated_at 
    from
        users u1_0 
    join
        roles r1_0 
            on r1_0.id=u1_0.role_id 
    where
        u1_0.id=?
2026-02-26T04:44:39.435+03:00 DEBUG 23776 --- [           main] org.hibernate.SQL                        : 
    insert 
    into
        roles
        (created_at, name, id) 
    values
        (?, ?, ?)
2026-02-26T04:44:39.438+03:00 DEBUG 23776 --- [           main] org.hibernate.SQL                        : 
    insert 
    into
        roles
        (created_at, name, id) 
    values
        (?, ?, ?)
2026-02-26T04:44:39.439+03:00 DEBUG 23776 --- [           main] org.hibernate.SQL                        : 
    insert 
    into
        users
        (created_at, email, is_locked, locked_until, password_hash, role_id, updated_at, id) 
    values
        (?, ?, ?, ?, ?, ?, ?, ?)
2026-02-26T04:44:39.442+03:00 DEBUG 23776 --- [           main] org.hibernate.SQL                        : 
    insert 
    into
        users
        (created_at, email, is_locked, locked_until, password_hash, role_id, updated_at, id) 
    values
        (?, ?, ?, ?, ?, ?, ?, ?)
2026-02-26T04:44:39.444+03:00 DEBUG 23776 --- [           main] org.hibernate.SQL                        : 
    insert 
    into
        ideas
        (category, created_at, description, status, submitter_id, title, updated_at, version) 
    values
        (?, ?, ?, ?, ?, ?, ?, ?)
2026-02-26T04:44:39.457+03:00 DEBUG 23776 --- [           main] org.hibernate.SQL                        : 
    select
        i1_0.id,
        i1_0.category,
        i1_0.created_at,
        i1_0.description,
        i1_0.status,
        i1_0.submitter_id,
        i1_0.title,
        i1_0.updated_at,
        i1_0.version 
    from
        ideas i1_0 
    where
        i1_0.status=? 
    order by
        i1_0.created_at desc 
    offset
        ? rows 
    fetch
        first ? rows only
]]></system-out>
  </testcase>
  <testcase name="testCreateIdeaWithoutFile" classname="com.innovatepam.idea.controller.IdeaControllerIntegrationTest" time="0.861">
    <system-out><![CDATA[2026-02-26T04:44:39.471+03:00 DEBUG 23776 --- [           main] org.hibernate.SQL                        : 
    select
        r1_0.id,
        r1_0.created_at,
        r1_0.name 
    from
        roles r1_0 
    where
        r1_0.id=?
2026-02-26T04:44:39.474+03:00 DEBUG 23776 --- [           main] org.hibernate.SQL                        : 
    select
        r1_0.id,
        r1_0.created_at,
        r1_0.name 
    from
        roles r1_0 
    where
        r1_0.id=?
2026-02-26T04:44:39.882+03:00 DEBUG 23776 --- [           main] org.hibernate.SQL                        : 
    select
        u1_0.id,
        u1_0.created_at,
        u1_0.email,
        u1_0.is_locked,
        u1_0.locked_until,
        u1_0.password_hash,
        u1_0.role_id,
        r1_0.id,
        r1_0.created_at,
        r1_0.name,
        u1_0.updated_at 
    from
        users u1_0 
    join
        roles r1_0 
            on r1_0.id=u1_0.role_id 
    where
        u1_0.id=?
2026-02-26T04:44:40.289+03:00 DEBUG 23776 --- [           main] org.hibernate.SQL                        : 
    select
        u1_0.id,
        u1_0.created_at,
        u1_0.email,
        u1_0.is_locked,
        u1_0.locked_until,
        u1_0.password_hash,
        u1_0.role_id,
        r1_0.id,
        r1_0.created_at,
        r1_0.name,
        u1_0.updated_at 
    from
        users u1_0 
    join
        roles r1_0 
            on r1_0.id=u1_0.role_id 
    where
        u1_0.id=?
2026-02-26T04:44:40.293+03:00 DEBUG 23776 --- [           main] org.hibernate.SQL                        : 
    insert 
    into
        roles
        (created_at, name, id) 
    values
        (?, ?, ?)
2026-02-26T04:44:40.296+03:00 DEBUG 23776 --- [           main] org.hibernate.SQL                        : 
    insert 
    into
        roles
        (created_at, name, id) 
    values
        (?, ?, ?)
2026-02-26T04:44:40.297+03:00 DEBUG 23776 --- [           main] org.hibernate.SQL                        : 
    insert 
    into
        users
        (created_at, email, is_locked, locked_until, password_hash, role_id, updated_at, id) 
    values
        (?, ?, ?, ?, ?, ?, ?, ?)
2026-02-26T04:44:40.298+03:00 DEBUG 23776 --- [           main] org.hibernate.SQL                        : 
    insert 
    into
        users
        (created_at, email, is_locked, locked_until, password_hash, role_id, updated_at, id) 
    values
        (?, ?, ?, ?, ?, ?, ?, ?)
2026-02-26T04:44:40.301+03:00 DEBUG 23776 --- [           main] org.hibernate.SQL                        : 
    insert 
    into
        ideas
        (category, created_at, description, status, submitter_id, title, updated_at, version) 
    values
        (?, ?, ?, ?, ?, ?, ?, ?)
[DEBUG] Looking up user with email: submitter@test.com
2026-02-26T04:44:40.309+03:00 DEBUG 23776 --- [           main] org.hibernate.SQL                        : 
    select
        u1_0.id,
        u1_0.created_at,
        u1_0.email,
        u1_0.is_locked,
        u1_0.locked_until,
        u1_0.password_hash,
        u1_0.role_id,
        u1_0.updated_at 
    from
        users u1_0 
    where
        u1_0.email=?
[DEBUG] Found user: ID=db26668c-9d54-4eb4-a24d-38e088d6de7a, Email=submitter@test.com
2026-02-26T04:44:40.317+03:00 DEBUG 23776 --- [           main] org.hibernate.SQL                        : 
    insert 
    into
        ideas
        (category, created_at, description, status, submitter_id, title, updated_at, version) 
    values
        (?, ?, ?, ?, ?, ?, ?, ?)
]]></system-out>
  </testcase>
  <testcase name="testUpdateIdeaStatus" classname="com.innovatepam.idea.controller.IdeaControllerIntegrationTest" time="0.899">
    <system-out><![CDATA[2026-02-26T04:44:40.334+03:00 DEBUG 23776 --- [           main] org.hibernate.SQL                        : 
    select
        r1_0.id,
        r1_0.created_at,
        r1_0.name 
    from
        roles r1_0 
    where
        r1_0.id=?
2026-02-26T04:44:40.339+03:00 DEBUG 23776 --- [           main] org.hibernate.SQL                        : 
    select
        r1_0.id,
        r1_0.created_at,
        r1_0.name 
    from
        roles r1_0 
    where
        r1_0.id=?
2026-02-26T04:44:40.771+03:00 DEBUG 23776 --- [           main] org.hibernate.SQL                        : 
    select
        u1_0.id,
        u1_0.created_at,
        u1_0.email,
        u1_0.is_locked,
        u1_0.locked_until,
        u1_0.password_hash,
        u1_0.role_id,
        r1_0.id,
        r1_0.created_at,
        r1_0.name,
        u1_0.updated_at 
    from
        users u1_0 
    join
        roles r1_0 
            on r1_0.id=u1_0.role_id 
    where
        u1_0.id=?
2026-02-26T04:44:41.186+03:00 DEBUG 23776 --- [           main] org.hibernate.SQL                        : 
    select
        u1_0.id,
        u1_0.created_at,
        u1_0.email,
        u1_0.is_locked,
        u1_0.locked_until,
        u1_0.password_hash,
        u1_0.role_id,
        r1_0.id,
        r1_0.created_at,
        r1_0.name,
        u1_0.updated_at 
    from
        users u1_0 
    join
        roles r1_0 
            on r1_0.id=u1_0.role_id 
    where
        u1_0.id=?
2026-02-26T04:44:41.191+03:00 DEBUG 23776 --- [           main] org.hibernate.SQL                        : 
    insert 
    into
        roles
        (created_at, name, id) 
    values
        (?, ?, ?)
2026-02-26T04:44:41.193+03:00 DEBUG 23776 --- [           main] org.hibernate.SQL                        : 
    insert 
    into
        roles
        (created_at, name, id) 
    values
        (?, ?, ?)
2026-02-26T04:44:41.195+03:00 DEBUG 23776 --- [           main] org.hibernate.SQL                        : 
    insert 
    into
        users
        (created_at, email, is_locked, locked_until, password_hash, role_id, updated_at, id) 
    values
        (?, ?, ?, ?, ?, ?, ?, ?)
2026-02-26T04:44:41.197+03:00 DEBUG 23776 --- [           main] org.hibernate.SQL                        : 
    insert 
    into
        users
        (created_at, email, is_locked, locked_until, password_hash, role_id, updated_at, id) 
    values
        (?, ?, ?, ?, ?, ?, ?, ?)
2026-02-26T04:44:41.199+03:00 DEBUG 23776 --- [           main] org.hibernate.SQL                        : 
    insert 
    into
        ideas
        (category, created_at, description, status, submitter_id, title, updated_at, version) 
    values
        (?, ?, ?, ?, ?, ?, ?, ?)
2026-02-26T04:44:41.210+03:00 DEBUG 23776 --- [           main] org.hibernate.SQL                        : 
    select
        u1_0.id,
        u1_0.created_at,
        u1_0.email,
        u1_0.is_locked,
        u1_0.locked_until,
        u1_0.password_hash,
        u1_0.role_id,
        u1_0.updated_at 
    from
        users u1_0 
    where
        u1_0.email=?
2026-02-26T04:44:41.216+03:00 DEBUG 23776 --- [           main] org.hibernate.SQL                        : 
    insert 
    into
        idea_evaluations
        (comment, created_at, evaluator_id, idea_id, status_snapshot) 
    values
        (?, ?, ?, ?, ?)
]]></system-out>
  </testcase>
  <testcase name="testGetIdeaById" classname="com.innovatepam.idea.controller.IdeaControllerIntegrationTest" time="0.858">
    <system-out><![CDATA[2026-02-26T04:44:41.233+03:00 DEBUG 23776 --- [           main] org.hibernate.SQL                        : 
    select
        r1_0.id,
        r1_0.created_at,
        r1_0.name 
    from
        roles r1_0 
    where
        r1_0.id=?
2026-02-26T04:44:41.237+03:00 DEBUG 23776 --- [           main] org.hibernate.SQL                        : 
    select
        r1_0.id,
        r1_0.created_at,
        r1_0.name 
    from
        roles r1_0 
    where
        r1_0.id=?
2026-02-26T04:44:41.644+03:00 DEBUG 23776 --- [           main] org.hibernate.SQL                        : 
    select
        u1_0.id,
        u1_0.created_at,
        u1_0.email,
        u1_0.is_locked,
        u1_0.locked_until,
        u1_0.password_hash,
        u1_0.role_id,
        r1_0.id,
        r1_0.created_at,
        r1_0.name,
        u1_0.updated_at 
    from
        users u1_0 
    join
        roles r1_0 
            on r1_0.id=u1_0.role_id 
    where
        u1_0.id=?
2026-02-26T04:44:42.050+03:00 DEBUG 23776 --- [           main] org.hibernate.SQL                        : 
    select
        u1_0.id,
        u1_0.created_at,
        u1_0.email,
        u1_0.is_locked,
        u1_0.locked_until,
        u1_0.password_hash,
        u1_0.role_id,
        r1_0.id,
        r1_0.created_at,
        r1_0.name,
        u1_0.updated_at 
    from
        users u1_0 
    join
        roles r1_0 
            on r1_0.id=u1_0.role_id 
    where
        u1_0.id=?
2026-02-26T04:44:42.056+03:00 DEBUG 23776 --- [           main] org.hibernate.SQL                        : 
    insert 
    into
        roles
        (created_at, name, id) 
    values
        (?, ?, ?)
2026-02-26T04:44:42.059+03:00 DEBUG 23776 --- [           main] org.hibernate.SQL                        : 
    insert 
    into
        roles
        (created_at, name, id) 
    values
        (?, ?, ?)
2026-02-26T04:44:42.060+03:00 DEBUG 23776 --- [           main] org.hibernate.SQL                        : 
    insert 
    into
        users
        (created_at, email, is_locked, locked_until, password_hash, role_id, updated_at, id) 
    values
        (?, ?, ?, ?, ?, ?, ?, ?)
2026-02-26T04:44:42.062+03:00 DEBUG 23776 --- [           main] org.hibernate.SQL                        : 
    insert 
    into
        users
        (created_at, email, is_locked, locked_until, password_hash, role_id, updated_at, id) 
    values
        (?, ?, ?, ?, ?, ?, ?, ?)
2026-02-26T04:44:42.065+03:00 DEBUG 23776 --- [           main] org.hibernate.SQL                        : 
    insert 
    into
        ideas
        (category, created_at, description, status, submitter_id, title, updated_at, version) 
    values
        (?, ?, ?, ?, ?, ?, ?, ?)
]]></system-out>
  </testcase>
  <testcase name="testCreateIdeaWithPdfFile" classname="com.innovatepam.idea.controller.IdeaControllerIntegrationTest" time="0.877">
    <system-out><![CDATA[2026-02-26T04:44:42.093+03:00 DEBUG 23776 --- [           main] org.hibernate.SQL                        : 
    select
        r1_0.id,
        r1_0.created_at,
        r1_0.name 
    from
        roles r1_0 
    where
        r1_0.id=?
2026-02-26T04:44:42.099+03:00 DEBUG 23776 --- [           main] org.hibernate.SQL                        : 
    select
        r1_0.id,
        r1_0.created_at,
        r1_0.name 
    from
        roles r1_0 
    where
        r1_0.id=?
2026-02-26T04:44:42.508+03:00 DEBUG 23776 --- [           main] org.hibernate.SQL                        : 
    select
        u1_0.id,
        u1_0.created_at,
        u1_0.email,
        u1_0.is_locked,
        u1_0.locked_until,
        u1_0.password_hash,
        u1_0.role_id,
        r1_0.id,
        r1_0.created_at,
        r1_0.name,
        u1_0.updated_at 
    from
        users u1_0 
    join
        roles r1_0 
            on r1_0.id=u1_0.role_id 
    where
        u1_0.id=?
2026-02-26T04:44:42.917+03:00 DEBUG 23776 --- [           main] org.hibernate.SQL                        : 
    select
        u1_0.id,
        u1_0.created_at,
        u1_0.email,
        u1_0.is_locked,
        u1_0.locked_until,
        u1_0.password_hash,
        u1_0.role_id,
        r1_0.id,
        r1_0.created_at,
        r1_0.name,
        u1_0.updated_at 
    from
        users u1_0 
    join
        roles r1_0 
            on r1_0.id=u1_0.role_id 
    where
        u1_0.id=?
2026-02-26T04:44:42.922+03:00 DEBUG 23776 --- [           main] org.hibernate.SQL                        : 
    insert 
    into
        roles
        (created_at, name, id) 
    values
        (?, ?, ?)
2026-02-26T04:44:42.924+03:00 DEBUG 23776 --- [           main] org.hibernate.SQL                        : 
    insert 
    into
        roles
        (created_at, name, id) 
    values
        (?, ?, ?)
2026-02-26T04:44:42.925+03:00 DEBUG 23776 --- [           main] org.hibernate.SQL                        : 
    insert 
    into
        users
        (created_at, email, is_locked, locked_until, password_hash, role_id, updated_at, id) 
    values
        (?, ?, ?, ?, ?, ?, ?, ?)
2026-02-26T04:44:42.928+03:00 DEBUG 23776 --- [           main] org.hibernate.SQL                        : 
    insert 
    into
        users
        (created_at, email, is_locked, locked_until, password_hash, role_id, updated_at, id) 
    values
        (?, ?, ?, ?, ?, ?, ?, ?)
2026-02-26T04:44:42.931+03:00 DEBUG 23776 --- [           main] org.hibernate.SQL                        : 
    insert 
    into
        ideas
        (category, created_at, description, status, submitter_id, title, updated_at, version) 
    values
        (?, ?, ?, ?, ?, ?, ?, ?)
[DEBUG] Looking up user with email: submitter@test.com
2026-02-26T04:44:42.942+03:00 DEBUG 23776 --- [           main] org.hibernate.SQL                        : 
    select
        u1_0.id,
        u1_0.created_at,
        u1_0.email,
        u1_0.is_locked,
        u1_0.locked_until,
        u1_0.password_hash,
        u1_0.role_id,
        u1_0.updated_at 
    from
        users u1_0 
    where
        u1_0.email=?
[DEBUG] Found user: ID=b5f61147-7fd1-49e9-80c7-a66eb184bc9c, Email=submitter@test.com
2026-02-26T04:44:42.947+03:00 DEBUG 23776 --- [           main] org.hibernate.SQL                        : 
    insert 
    into
        ideas
        (category, created_at, description, status, submitter_id, title, updated_at, version) 
    values
        (?, ?, ?, ?, ?, ?, ?, ?)
2026-02-26T04:44:42.956+03:00 DEBUG 23776 --- [           main] org.hibernate.SQL                        : 
    insert 
    into
        idea_attachments
        (created_at, file_size, file_type, idea_id, original_filename, storage_location, stored_filename) 
    values
        (?, ?, ?, ?, ?, ?, ?)
]]></system-out>
  </testcase>
</testsuite>