<?xml version="1.0" encoding="UTF-8"?>
<testsuite xmlns:xsi="http://www.w3.org/2001/XMLSchema-instance" xsi:noNamespaceSchemaLocation="https://maven.apache.org/surefire/maven-surefire-plugin/xsd/surefire-test-report-3.0.xsd" version="3.0" name="com.innovatepam.idea.repository.IdeaRepositoryIntegrationTest" time="2.661" tests="7" errors="0" skipped="0" failures="0">
  <properties>
[...]
</properties>
  <testcase name="testFindBySubmitterId" classname="com.innovatepam.idea.repository.IdeaRepositoryIntegrationTest" time="0.048">
    <system-out><![CDATA[
  .   ____          _            __ _ _
 /\\ / ___'_ __ _ _(_)_ __  __ _ \ \ \ \
( ( )\___ | '_ | '_| | '_ \/ _` | \ \ \ \
 \\/  ___)| |_)| | | | | || (_| |  ) ) ) )
  '  |____| .__|_| |_|_| |_\__, | / / / /
 =========|_|==============|___/=/_/_/_/
 :: Spring Boot ::                (v3.2.2)

2026-02-26T15:11:52.210+03:00  INFO 17952 --- [           main] c.i.i.r.IdeaRepositoryIntegrationTest    : Starting IdeaRepositoryIntegrationTest using Java 23 with PID 17952 (started by osman in C:\Users\osman\OneDrive\Masaüstü\InnovatEPAM\backend)
2026-02-26T15:11:52.211+03:00  INFO 17952 --- [           main] c.i.i.r.IdeaRepositoryIntegrationTest    : The following 1 profile is active: "test"
2026-02-26T15:11:52.585+03:00  INFO 17952 --- [           main] .s.d.r.c.RepositoryConfigurationDelegate : Bootstrapping Spring Data JPA repositories in DEFAULT mode.
2026-02-26T15:11:52.608+03:00  INFO 17952 --- [           main] .s.d.r.c.RepositoryConfigurationDelegate : Finished Spring Data repository scanning in 23 ms. Found 6 JPA repository interfaces.
2026-02-26T15:11:52.948+03:00  INFO 17952 --- [           main] o.hibernate.jpa.internal.util.LogHelper  : HHH000204: Processing PersistenceUnitInfo [name: default]
2026-02-26T15:11:52.952+03:00  INFO 17952 --- [           main] o.h.c.internal.RegionFactoryInitiator    : HHH000026: Second-level cache disabled
2026-02-26T15:11:52.959+03:00  INFO 17952 --- [           main] o.s.o.j.p.SpringPersistenceUnitInfo      : No LoadTimeWeaver setup: ignoring JPA class transformer
2026-02-26T15:11:52.960+03:00  INFO 17952 --- [           main] com.zaxxer.hikari.HikariDataSource       : HikariPool-3 - Starting...
2026-02-26T15:11:52.962+03:00  INFO 17952 --- [           main] com.zaxxer.hikari.pool.HikariPool        : HikariPool-3 - Added connection conn20: url=jdbc:h2:mem:testdb user=SA
2026-02-26T15:11:52.962+03:00  INFO 17952 --- [           main] com.zaxxer.hikari.HikariDataSource       : HikariPool-3 - Start completed.
2026-02-26T15:11:52.962+03:00  WARN 17952 --- [           main] org.hibernate.orm.deprecation            : HHH90000025: H2Dialect does not need to be specified explicitly using 'hibernate.dialect' (remove the property setting and it will be selected by default)
2026-02-26T15:11:53.111+03:00  INFO 17952 --- [           main] o.h.e.t.j.p.i.JtaPlatformInitiator       : HHH000489: No JTA platform available (set 'hibernate.transaction.jta.platform' to enable JTA platform integration)
2026-02-26T15:11:53.111+03:00 DEBUG 17952 --- [           main] org.hibernate.SQL                        : 
    drop table if exists authentication_attempts cascade 
2026-02-26T15:11:53.113+03:00 DEBUG 17952 --- [           main] org.hibernate.SQL                        : 
    drop table if exists idea_attachments cascade 
2026-02-26T15:11:53.114+03:00 DEBUG 17952 --- [           main] org.hibernate.SQL                        : 
    drop table if exists idea_evaluations cascade 
2026-02-26T15:11:53.115+03:00 DEBUG 17952 --- [           main] org.hibernate.SQL                        : 
    drop table if exists ideas cascade 
2026-02-26T15:11:53.116+03:00 DEBUG 17952 --- [           main] org.hibernate.SQL                        : 
    drop table if exists roles cascade 
2026-02-26T15:11:53.116+03:00 DEBUG 17952 --- [           main] org.hibernate.SQL                        : 
    drop table if exists users cascade 
2026-02-26T15:11:53.118+03:00 DEBUG 17952 --- [           main] org.hibernate.SQL                        : 
    create table authentication_attempts (
        success boolean not null,
        attempt_time timestamp(6) not null,
        id uuid not null,
        ip_address varchar(45),
        email varchar(255) not null,
        primary key (id)
    )
2026-02-26T15:11:53.120+03:00 DEBUG 17952 --- [           main] org.hibernate.SQL                        : 
    create table idea_attachments (
        created_at timestamp(6) not null,
        file_size bigint not null,
        id bigint generated by default as identity,
        idea_id bigint not null unique,
        file_type varchar(20) not null check (file_type in ('PDF','PNG')),
        storage_location varchar(500) not null,
        original_filename varchar(255) not null,
        stored_filename varchar(255) not null,
        primary key (id)
    )
2026-02-26T15:11:53.122+03:00 DEBUG 17952 --- [           main] org.hibernate.SQL                        : 
    create table idea_evaluations (
        created_at timestamp(6) not null,
        id bigint generated by default as identity,
        idea_id bigint not null,
        evaluator_id uuid not null,
        status_snapshot varchar(50) check (status_snapshot in ('SUBMITTED','UNDER_REVIEW','ACCEPTED','REJECTED')),
        comment TEXT not null,
        primary key (id)
    )
2026-02-26T15:11:53.124+03:00 DEBUG 17952 --- [           main] org.hibernate.SQL                        : 
    create table ideas (
        version integer,
        created_at timestamp(6) not null,
        id bigint generated by default as identity,
        updated_at timestamp(6) not null,
        submitter_id uuid not null,
        category varchar(50) not null,
        status varchar(50) not null check (status in ('SUBMITTED','UNDER_REVIEW','ACCEPTED','REJECTED')),
        description TEXT not null,
        title varchar(255) not null,
        primary key (id)
    )
2026-02-26T15:11:53.126+03:00 DEBUG 17952 --- [           main] org.hibernate.SQL                        : 
    create table roles (
        created_at timestamp(6) not null,
        id uuid not null,
        name varchar(50) not null unique,
        primary key (id)
    )
2026-02-26T15:11:53.128+03:00 DEBUG 17952 --- [           main] org.hibernate.SQL                        : 
    create table users (
        is_locked boolean not null,
        created_at timestamp(6) not null,
        locked_until timestamp(6),
        updated_at timestamp(6) not null,
        id uuid not null,
        role_id uuid not null,
        email varchar(255) not null unique,
        password_hash varchar(255) not null,
        primary key (id)
    )
2026-02-26T15:11:53.128+03:00 DEBUG 17952 --- [           main] org.hibernate.SQL                        : 
    alter table if exists idea_attachments 
       add constraint FKc7fghxqvf284fbtirq3ws1tru 
       foreign key (idea_id) 
       references ideas
2026-02-26T15:11:53.131+03:00 DEBUG 17952 --- [           main] org.hibernate.SQL                        : 
    alter table if exists idea_evaluations 
       add constraint FKiu6f3881ox19t4314cyacxpwp 
       foreign key (evaluator_id) 
       references users
2026-02-26T15:11:53.135+03:00 DEBUG 17952 --- [           main] org.hibernate.SQL                        : 
    alter table if exists idea_evaluations 
       add constraint FKqrepgjr8eqf8ll9fu5xlf8i6d 
       foreign key (idea_id) 
       references ideas
2026-02-26T15:11:53.137+03:00 DEBUG 17952 --- [           main] org.hibernate.SQL                        : 
    alter table if exists ideas 
       add constraint FKdt2pl2jqyym1qve2u31nxtmp7 
       foreign key (submitter_id) 
       references users
2026-02-26T15:11:53.137+03:00 DEBUG 17952 --- [           main] org.hibernate.SQL                        : 
    alter table if exists users 
       add constraint FKp56c1712k691lhsyewcssf40f 
       foreign key (role_id) 
       references roles
2026-02-26T15:11:53.141+03:00  INFO 17952 --- [           main] j.LocalContainerEntityManagerFactoryBean : Initialized JPA EntityManagerFactory for persistence unit 'default'
2026-02-26T15:11:53.633+03:00  WARN 17952 --- [           main] .s.s.UserDetailsServiceAutoConfiguration : 

Using generated security password: 13595b16-d250-4db1-963b-c065fdba5152

This generated password is for development use only. Your security configuration must be updated before running your application in production.

2026-02-26T15:11:53.906+03:00  INFO 17952 --- [           main] o.s.b.a.e.web.EndpointLinksResolver      : Exposing 2 endpoint(s) beneath base path '/actuator'
2026-02-26T15:11:53.996+03:00  INFO 17952 --- [           main] o.s.s.web.DefaultSecurityFilterChain     : Will secure any request with [org.springframework.security.web.session.DisableEncodeUrlFilter@349734c3, org.springframework.security.web.context.request.async.WebAsyncManagerIntegrationFilter@71372b0a, org.springframework.security.web.context.SecurityContextHolderFilter@634609cb, org.springframework.security.web.header.HeaderWriterFilter@37055a8e, org.springframework.web.filter.CorsFilter@786e926b, org.springframework.security.web.authentication.logout.LogoutFilter@27120089, com.innovatepam.auth.security.JwtAuthenticationFilter@6bfe941c, org.springframework.security.web.savedrequest.RequestCacheAwareFilter@556aa555, org.springframework.security.web.servletapi.SecurityContextHolderAwareRequestFilter@5d695c82, org.springframework.security.web.authentication.AnonymousAuthenticationFilter@293d592, org.springframework.security.web.session.SessionManagementFilter@5bc09b21, org.springframework.security.web.access.ExceptionTranslationFilter@6fb5671a, org.springframework.security.web.access.intercept.AuthorizationFilter@67444427]
2026-02-26T15:11:54.537+03:00  INFO 17952 --- [           main] c.i.i.r.IdeaRepositoryIntegrationTest    : Started IdeaRepositoryIntegrationTest in 2.376 seconds (process running for 67.313)
2026-02-26T15:11:54.560+03:00 DEBUG 17952 --- [           main] org.hibernate.SQL                        : 
    select
        r1_0.id,
        r1_0.created_at,
        r1_0.name 
    from
        roles r1_0 
    where
        r1_0.id=?
2026-02-26T15:11:54.565+03:00 DEBUG 17952 --- [           main] org.hibernate.SQL                        : 
    select
        u1_0.id,
        u1_0.created_at,
        u1_0.email,
        u1_0.is_locked,
        u1_0.locked_until,
        u1_0.password_hash,
        u1_0.role_id,
        r1_0.id,
        r1_0.created_at,
        r1_0.name,
        u1_0.updated_at 
    from
        users u1_0 
    join
        roles r1_0 
            on r1_0.id=u1_0.role_id 
    where
        u1_0.id=?
2026-02-26T15:11:54.570+03:00 DEBUG 17952 --- [           main] org.hibernate.SQL                        : 
    insert 
    into
        roles
        (created_at, name, id) 
    values
        (?, ?, ?)
2026-02-26T15:11:54.572+03:00 DEBUG 17952 --- [           main] org.hibernate.SQL                        : 
    insert 
    into
        users
        (created_at, email, is_locked, locked_until, password_hash, role_id, updated_at, id) 
    values
        (?, ?, ?, ?, ?, ?, ?, ?)
2026-02-26T15:11:54.574+03:00 DEBUG 17952 --- [           main] org.hibernate.SQL                        : 
    insert 
    into
        ideas
        (category, created_at, description, status, submitter_id, title, updated_at, version, id) 
    values
        (?, ?, ?, ?, ?, ?, ?, ?, default)
2026-02-26T15:11:54.577+03:00 DEBUG 17952 --- [           main] org.hibernate.SQL                        : 
    insert 
    into
        ideas
        (category, created_at, description, status, submitter_id, title, updated_at, version, id) 
    values
        (?, ?, ?, ?, ?, ?, ?, ?, default)
2026-02-26T15:11:54.582+03:00 DEBUG 17952 --- [           main] org.hibernate.SQL                        : 
    select
        i1_0.id,
        i1_0.category,
        i1_0.created_at,
        i1_0.description,
        i1_0.status,
        i1_0.submitter_id,
        i1_0.title,
        i1_0.updated_at,
        i1_0.version 
    from
        ideas i1_0 
    left join
        users s1_0 
            on s1_0.id=i1_0.submitter_id 
    where
        s1_0.id=? 
    offset
        ? rows 
    fetch
        first ? rows only
]]></system-out>
  </testcase>
  <testcase name="testFindByStatus" classname="com.innovatepam.idea.repository.IdeaRepositoryIntegrationTest" time="0.027">
    <system-out><![CDATA[2026-02-26T15:11:54.590+03:00 DEBUG 17952 --- [           main] org.hibernate.SQL                        : 
    select
        r1_0.id,
        r1_0.created_at,
        r1_0.name 
    from
        roles r1_0 
    where
        r1_0.id=?
2026-02-26T15:11:54.593+03:00 DEBUG 17952 --- [           main] org.hibernate.SQL                        : 
    select
        u1_0.id,
        u1_0.created_at,
        u1_0.email,
        u1_0.is_locked,
        u1_0.locked_until,
        u1_0.password_hash,
        u1_0.role_id,
        r1_0.id,
        r1_0.created_at,
        r1_0.name,
        u1_0.updated_at 
    from
        users u1_0 
    join
        roles r1_0 
            on r1_0.id=u1_0.role_id 
    where
        u1_0.id=?
2026-02-26T15:11:54.595+03:00 DEBUG 17952 --- [           main] org.hibernate.SQL                        : 
    insert 
    into
        roles
        (created_at, name, id) 
    values
        (?, ?, ?)
2026-02-26T15:11:54.596+03:00 DEBUG 17952 --- [           main] org.hibernate.SQL                        : 
    insert 
    into
        users
        (created_at, email, is_locked, locked_until, password_hash, role_id, updated_at, id) 
    values
        (?, ?, ?, ?, ?, ?, ?, ?)
2026-02-26T15:11:54.597+03:00 DEBUG 17952 --- [           main] org.hibernate.SQL                        : 
    insert 
    into
        ideas
        (category, created_at, description, status, submitter_id, title, updated_at, version, id) 
    values
        (?, ?, ?, ?, ?, ?, ?, ?, default)
2026-02-26T15:11:54.601+03:00 DEBUG 17952 --- [           main] org.hibernate.SQL                        : 
    insert 
    into
        ideas
        (category, created_at, description, status, submitter_id, title, updated_at, version, id) 
    values
        (?, ?, ?, ?, ?, ?, ?, ?, default)
2026-02-26T15:11:54.607+03:00 DEBUG 17952 --- [           main] org.hibernate.SQL                        : 
    select
        i1_0.id,
        i1_0.category,
        i1_0.created_at,
        i1_0.description,
        i1_0.status,
        i1_0.submitter_id,
        i1_0.title,
        i1_0.updated_at,
        i1_0.version 
    from
        ideas i1_0 
    where
        i1_0.status=? 
    offset
        ? rows 
    fetch
        first ? rows only
2026-02-26T15:11:54.611+03:00 DEBUG 17952 --- [           main] org.hibernate.SQL                        : 
    select
        i1_0.id,
        i1_0.category,
        i1_0.created_at,
        i1_0.description,
        i1_0.status,
        i1_0.submitter_id,
        i1_0.title,
        i1_0.updated_at,
        i1_0.version 
    from
        ideas i1_0 
    where
        i1_0.status=? 
    offset
        ? rows 
    fetch
        first ? rows only
]]></system-out>
  </testcase>
  <testcase name="testFindAllWithPagination" classname="com.innovatepam.idea.repository.IdeaRepositoryIntegrationTest" time="0.06">
    <system-out><![CDATA[2026-02-26T15:11:54.618+03:00 DEBUG 17952 --- [           main] org.hibernate.SQL                        : 
    select
        r1_0.id,
        r1_0.created_at,
        r1_0.name 
    from
        roles r1_0 
    where
        r1_0.id=?
2026-02-26T15:11:54.620+03:00 DEBUG 17952 --- [           main] org.hibernate.SQL                        : 
    select
        u1_0.id,
        u1_0.created_at,
        u1_0.email,
        u1_0.is_locked,
        u1_0.locked_until,
        u1_0.password_hash,
        u1_0.role_id,
        r1_0.id,
        r1_0.created_at,
        r1_0.name,
        u1_0.updated_at 
    from
        users u1_0 
    join
        roles r1_0 
            on r1_0.id=u1_0.role_id 
    where
        u1_0.id=?
2026-02-26T15:11:54.624+03:00 DEBUG 17952 --- [           main] org.hibernate.SQL                        : 
    insert 
    into
        roles
        (created_at, name, id) 
    values
        (?, ?, ?)
2026-02-26T15:11:54.624+03:00 DEBUG 17952 --- [           main] org.hibernate.SQL                        : 
    insert 
    into
        users
        (created_at, email, is_locked, locked_until, password_hash, role_id, updated_at, id) 
    values
        (?, ?, ?, ?, ?, ?, ?, ?)
2026-02-26T15:11:54.626+03:00 DEBUG 17952 --- [           main] org.hibernate.SQL                        : 
    insert 
    into
        ideas
        (category, created_at, description, status, submitter_id, title, updated_at, version, id) 
    values
        (?, ?, ?, ?, ?, ?, ?, ?, default)
2026-02-26T15:11:54.628+03:00 DEBUG 17952 --- [           main] org.hibernate.SQL                        : 
    insert 
    into
        ideas
        (category, created_at, description, status, submitter_id, title, updated_at, version, id) 
    values
        (?, ?, ?, ?, ?, ?, ?, ?, default)
2026-02-26T15:11:54.630+03:00 DEBUG 17952 --- [           main] org.hibernate.SQL                        : 
    insert 
    into
        ideas
        (category, created_at, description, status, submitter_id, title, updated_at, version, id) 
    values
        (?, ?, ?, ?, ?, ?, ?, ?, default)
2026-02-26T15:11:54.634+03:00 DEBUG 17952 --- [           main] org.hibernate.SQL                        : 
    insert 
    into
        ideas
        (category, created_at, description, status, submitter_id, title, updated_at, version, id) 
    values
        (?, ?, ?, ?, ?, ?, ?, ?, default)
2026-02-26T15:11:54.636+03:00 DEBUG 17952 --- [           main] org.hibernate.SQL                        : 
    insert 
    into
        ideas
        (category, created_at, description, status, submitter_id, title, updated_at, version, id) 
    values
        (?, ?, ?, ?, ?, ?, ?, ?, default)
2026-02-26T15:11:54.638+03:00 DEBUG 17952 --- [           main] org.hibernate.SQL                        : 
    insert 
    into
        ideas
        (category, created_at, description, status, submitter_id, title, updated_at, version, id) 
    values
        (?, ?, ?, ?, ?, ?, ?, ?, default)
2026-02-26T15:11:54.641+03:00 DEBUG 17952 --- [           main] org.hibernate.SQL                        : 
    insert 
    into
        ideas
        (category, created_at, description, status, submitter_id, title, updated_at, version, id) 
    values
        (?, ?, ?, ?, ?, ?, ?, ?, default)
2026-02-26T15:11:54.642+03:00 DEBUG 17952 --- [           main] org.hibernate.SQL                        : 
    insert 
    into
        ideas
        (category, created_at, description, status, submitter_id, title, updated_at, version, id) 
    values
        (?, ?, ?, ?, ?, ?, ?, ?, default)
2026-02-26T15:11:54.644+03:00 DEBUG 17952 --- [           main] org.hibernate.SQL                        : 
    insert 
    into
        ideas
        (category, created_at, description, status, submitter_id, title, updated_at, version, id) 
    values
        (?, ?, ?, ?, ?, ?, ?, ?, default)
2026-02-26T15:11:54.646+03:00 DEBUG 17952 --- [           main] org.hibernate.SQL                        : 
    insert 
    into
        ideas
        (category, created_at, description, status, submitter_id, title, updated_at, version, id) 
    values
        (?, ?, ?, ?, ?, ?, ?, ?, default)
2026-02-26T15:11:54.649+03:00 DEBUG 17952 --- [           main] org.hibernate.SQL                        : 
    insert 
    into
        ideas
        (category, created_at, description, status, submitter_id, title, updated_at, version, id) 
    values
        (?, ?, ?, ?, ?, ?, ?, ?, default)
2026-02-26T15:11:54.651+03:00 DEBUG 17952 --- [           main] org.hibernate.SQL                        : 
    insert 
    into
        ideas
        (category, created_at, description, status, submitter_id, title, updated_at, version, id) 
    values
        (?, ?, ?, ?, ?, ?, ?, ?, default)
2026-02-26T15:11:54.653+03:00 DEBUG 17952 --- [           main] org.hibernate.SQL                        : 
    insert 
    into
        ideas
        (category, created_at, description, status, submitter_id, title, updated_at, version, id) 
    values
        (?, ?, ?, ?, ?, ?, ?, ?, default)
2026-02-26T15:11:54.655+03:00 DEBUG 17952 --- [           main] org.hibernate.SQL                        : 
    insert 
    into
        ideas
        (category, created_at, description, status, submitter_id, title, updated_at, version, id) 
    values
        (?, ?, ?, ?, ?, ?, ?, ?, default)
2026-02-26T15:11:54.657+03:00 DEBUG 17952 --- [           main] org.hibernate.SQL                        : 
    insert 
    into
        ideas
        (category, created_at, description, status, submitter_id, title, updated_at, version, id) 
    values
        (?, ?, ?, ?, ?, ?, ?, ?, default)
2026-02-26T15:11:54.662+03:00 DEBUG 17952 --- [           main] org.hibernate.SQL                        : 
    select
        i1_0.id,
        i1_0.category,
        i1_0.created_at,
        i1_0.description,
        i1_0.status,
        i1_0.submitter_id,
        i1_0.title,
        i1_0.updated_at,
        i1_0.version 
    from
        ideas i1_0 
    offset
        ? rows 
    fetch
        first ? rows only
2026-02-26T15:11:54.667+03:00 DEBUG 17952 --- [           main] org.hibernate.SQL                        : 
    select
        count(i1_0.id) 
    from
        ideas i1_0
2026-02-26T15:11:54.672+03:00 DEBUG 17952 --- [           main] org.hibernate.SQL                        : 
    select
        i1_0.id,
        i1_0.category,
        i1_0.created_at,
        i1_0.description,
        i1_0.status,
        i1_0.submitter_id,
        i1_0.title,
        i1_0.updated_at,
        i1_0.version 
    from
        ideas i1_0 
    offset
        ? rows 
    fetch
        first ? rows only
]]></system-out>
  </testcase>
  <testcase name="testUpdateIdeaStatus" classname="com.innovatepam.idea.repository.IdeaRepositoryIntegrationTest" time="0.017">
    <system-out><![CDATA[2026-02-26T15:11:54.680+03:00 DEBUG 17952 --- [           main] org.hibernate.SQL                        : 
    select
        r1_0.id,
        r1_0.created_at,
        r1_0.name 
    from
        roles r1_0 
    where
        r1_0.id=?
2026-02-26T15:11:54.682+03:00 DEBUG 17952 --- [           main] org.hibernate.SQL                        : 
    select
        u1_0.id,
        u1_0.created_at,
        u1_0.email,
        u1_0.is_locked,
        u1_0.locked_until,
        u1_0.password_hash,
        u1_0.role_id,
        r1_0.id,
        r1_0.created_at,
        r1_0.name,
        u1_0.updated_at 
    from
        users u1_0 
    join
        roles r1_0 
            on r1_0.id=u1_0.role_id 
    where
        u1_0.id=?
2026-02-26T15:11:54.684+03:00 DEBUG 17952 --- [           main] org.hibernate.SQL                        : 
    insert 
    into
        roles
        (created_at, name, id) 
    values
        (?, ?, ?)
2026-02-26T15:11:54.685+03:00 DEBUG 17952 --- [           main] org.hibernate.SQL                        : 
    insert 
    into
        users
        (created_at, email, is_locked, locked_until, password_hash, role_id, updated_at, id) 
    values
        (?, ?, ?, ?, ?, ?, ?, ?)
2026-02-26T15:11:54.686+03:00 DEBUG 17952 --- [           main] org.hibernate.SQL                        : 
    insert 
    into
        ideas
        (category, created_at, description, status, submitter_id, title, updated_at, version, id) 
    values
        (?, ?, ?, ?, ?, ?, ?, ?, default)
]]></system-out>
  </testcase>
  <testcase name="testOptimisticLocking" classname="com.innovatepam.idea.repository.IdeaRepositoryIntegrationTest" time="0.081">
    <system-out><![CDATA[2026-02-26T15:11:54.698+03:00 DEBUG 17952 --- [           main] org.hibernate.SQL                        : 
    select
        r1_0.id,
        r1_0.created_at,
        r1_0.name 
    from
        roles r1_0 
    where
        r1_0.id=?
2026-02-26T15:11:54.699+03:00 DEBUG 17952 --- [           main] org.hibernate.SQL                        : 
    select
        u1_0.id,
        u1_0.created_at,
        u1_0.email,
        u1_0.is_locked,
        u1_0.locked_until,
        u1_0.password_hash,
        u1_0.role_id,
        r1_0.id,
        r1_0.created_at,
        r1_0.name,
        u1_0.updated_at 
    from
        users u1_0 
    join
        roles r1_0 
            on r1_0.id=u1_0.role_id 
    where
        u1_0.id=?
2026-02-26T15:11:54.702+03:00 DEBUG 17952 --- [           main] org.hibernate.SQL                        : 
    insert 
    into
        roles
        (created_at, name, id) 
    values
        (?, ?, ?)
2026-02-26T15:11:54.704+03:00 DEBUG 17952 --- [           main] org.hibernate.SQL                        : 
    insert 
    into
        users
        (created_at, email, is_locked, locked_until, password_hash, role_id, updated_at, id) 
    values
        (?, ?, ?, ?, ?, ?, ?, ?)
2026-02-26T15:11:54.705+03:00 DEBUG 17952 --- [           main] org.hibernate.SQL                        : 
    insert 
    into
        ideas
        (category, created_at, description, status, submitter_id, title, updated_at, version, id) 
    values
        (?, ?, ?, ?, ?, ?, ?, ?, default)
2026-02-26T15:11:54.718+03:00 DEBUG 17952 --- [           main] org.hibernate.SQL                        : 
    select
        i1_0.id,
        a1_0.id,
        a1_0.created_at,
        a1_0.file_size,
        a1_0.file_type,
        a1_0.idea_id,
        a1_0.original_filename,
        a1_0.storage_location,
        a1_0.stored_filename,
        i1_0.category,
        i1_0.created_at,
        i1_0.description,
        i1_0.status,
        i1_0.submitter_id,
        s1_0.id,
        s1_0.created_at,
        s1_0.email,
        s1_0.is_locked,
        s1_0.locked_until,
        s1_0.password_hash,
        s1_0.role_id,
        r1_0.id,
        r1_0.created_at,
        r1_0.name,
        s1_0.updated_at,
        i1_0.title,
        i1_0.updated_at,
        i1_0.version 
    from
        ideas i1_0 
    left join
        idea_attachments a1_0 
            on i1_0.id=a1_0.idea_id 
    join
        users s1_0 
            on s1_0.id=i1_0.submitter_id 
    left join
        roles r1_0 
            on r1_0.id=s1_0.role_id 
    where
        i1_0.id=?
2026-02-26T15:11:54.729+03:00 DEBUG 17952 --- [           main] org.hibernate.SQL                        : 
    select
        i1_0.id,
        a1_0.id,
        a1_0.created_at,
        a1_0.file_size,
        a1_0.file_type,
        a1_0.idea_id,
        a1_0.original_filename,
        a1_0.storage_location,
        a1_0.stored_filename,
        i1_0.category,
        i1_0.created_at,
        i1_0.description,
        i1_0.status,
        i1_0.submitter_id,
        s1_0.id,
        s1_0.created_at,
        s1_0.email,
        s1_0.is_locked,
        s1_0.locked_until,
        s1_0.password_hash,
        s1_0.role_id,
        r1_0.id,
        r1_0.created_at,
        r1_0.name,
        s1_0.updated_at,
        i1_0.title,
        i1_0.updated_at,
        i1_0.version 
    from
        ideas i1_0 
    left join
        idea_attachments a1_0 
            on i1_0.id=a1_0.idea_id 
    join
        users s1_0 
            on s1_0.id=i1_0.submitter_id 
    left join
        roles r1_0 
            on r1_0.id=s1_0.role_id 
    where
        i1_0.id=?
2026-02-26T15:11:54.746+03:00 DEBUG 17952 --- [           main] org.hibernate.SQL                        : 
    select
        i1_0.id,
        a1_0.id,
        a1_0.created_at,
        a1_0.file_size,
        a1_0.file_type,
        a1_0.idea_id,
        a1_0.original_filename,
        a1_0.storage_location,
        a1_0.stored_filename,
        i1_0.category,
        i1_0.created_at,
        i1_0.description,
        i1_0.status,
        i1_0.submitter_id,
        s1_0.id,
        s1_0.created_at,
        s1_0.email,
        s1_0.is_locked,
        s1_0.locked_until,
        s1_0.password_hash,
        s1_0.role_id,
        r1_0.id,
        r1_0.created_at,
        r1_0.name,
        s1_0.updated_at,
        i1_0.title,
        i1_0.updated_at,
        i1_0.version,
        e1_0.idea_id,
        e1_0.id,
        e1_0.comment,
        e1_0.created_at,
        e1_0.evaluator_id,
        e2_0.id,
        e2_0.created_at,
        e2_0.email,
        e2_0.is_locked,
        e2_0.locked_until,
        e2_0.password_hash,
        e2_0.role_id,
        r2_0.id,
        r2_0.created_at,
        r2_0.name,
        e2_0.updated_at,
        e1_0.status_snapshot 
    from
        ideas i1_0 
    left join
        idea_attachments a1_0 
            on i1_0.id=a1_0.idea_id 
    join
        users s1_0 
            on s1_0.id=i1_0.submitter_id 
    left join
        roles r1_0 
            on r1_0.id=s1_0.role_id 
    left join
        idea_evaluations e1_0 
            on i1_0.id=e1_0.idea_id 
    left join
        users e2_0 
            on e2_0.id=e1_0.evaluator_id 
    left join
        roles r2_0 
            on r2_0.id=e2_0.role_id 
    where
        i1_0.id=? 
    order by
        e1_0.created_at
2026-02-26T15:11:54.754+03:00 DEBUG 17952 --- [           main] org.hibernate.SQL                        : 
    update
        ideas 
    set
        category=?,
        created_at=?,
        description=?,
        status=?,
        submitter_id=?,
        title=?,
        updated_at=?,
        version=? 
    where
        id=? 
        and version=?
]]></system-out>
  </testcase>
  <testcase name="testDeleteIdea" classname="com.innovatepam.idea.repository.IdeaRepositoryIntegrationTest" time="0.023">
    <system-out><![CDATA[2026-02-26T15:11:54.779+03:00 DEBUG 17952 --- [           main] org.hibernate.SQL                        : 
    select
        r1_0.id,
        r1_0.created_at,
        r1_0.name 
    from
        roles r1_0 
    where
        r1_0.id=?
2026-02-26T15:11:54.781+03:00 DEBUG 17952 --- [           main] org.hibernate.SQL                        : 
    select
        u1_0.id,
        u1_0.created_at,
        u1_0.email,
        u1_0.is_locked,
        u1_0.locked_until,
        u1_0.password_hash,
        u1_0.role_id,
        r1_0.id,
        r1_0.created_at,
        r1_0.name,
        u1_0.updated_at 
    from
        users u1_0 
    join
        roles r1_0 
            on r1_0.id=u1_0.role_id 
    where
        u1_0.id=?
2026-02-26T15:11:54.783+03:00 DEBUG 17952 --- [           main] org.hibernate.SQL                        : 
    insert 
    into
        roles
        (created_at, name, id) 
    values
        (?, ?, ?)
2026-02-26T15:11:54.785+03:00 DEBUG 17952 --- [           main] org.hibernate.SQL                        : 
    insert 
    into
        users
        (created_at, email, is_locked, locked_until, password_hash, role_id, updated_at, id) 
    values
        (?, ?, ?, ?, ?, ?, ?, ?)
2026-02-26T15:11:54.786+03:00 DEBUG 17952 --- [           main] org.hibernate.SQL                        : 
    insert 
    into
        ideas
        (category, created_at, description, status, submitter_id, title, updated_at, version, id) 
    values
        (?, ?, ?, ?, ?, ?, ?, ?, default)
]]></system-out>
  </testcase>
  <testcase name="testSaveAndFindIdea" classname="com.innovatepam.idea.repository.IdeaRepositoryIntegrationTest" time="0.012">
    <system-out><![CDATA[2026-02-26T15:11:54.802+03:00 DEBUG 17952 --- [           main] org.hibernate.SQL                        : 
    select
        r1_0.id,
        r1_0.created_at,
        r1_0.name 
    from
        roles r1_0 
    where
        r1_0.id=?
2026-02-26T15:11:54.804+03:00 DEBUG 17952 --- [           main] org.hibernate.SQL                        : 
    select
        u1_0.id,
        u1_0.created_at,
        u1_0.email,
        u1_0.is_locked,
        u1_0.locked_until,
        u1_0.password_hash,
        u1_0.role_id,
        r1_0.id,
        r1_0.created_at,
        r1_0.name,
        u1_0.updated_at 
    from
        users u1_0 
    join
        roles r1_0 
            on r1_0.id=u1_0.role_id 
    where
        u1_0.id=?
2026-02-26T15:11:54.807+03:00 DEBUG 17952 --- [           main] org.hibernate.SQL                        : 
    insert 
    into
        roles
        (created_at, name, id) 
    values
        (?, ?, ?)
2026-02-26T15:11:54.808+03:00 DEBUG 17952 --- [           main] org.hibernate.SQL                        : 
    insert 
    into
        users
        (created_at, email, is_locked, locked_until, password_hash, role_id, updated_at, id) 
    values
        (?, ?, ?, ?, ?, ?, ?, ?)
2026-02-26T15:11:54.809+03:00 DEBUG 17952 --- [           main] org.hibernate.SQL                        : 
    insert 
    into
        ideas
        (category, created_at, description, status, submitter_id, title, updated_at, version, id) 
    values
        (?, ?, ?, ?, ?, ?, ?, ?, default)
]]></system-out>
  </testcase>
</testsuite>