<?xml version="1.0" encoding="UTF-8"?>
<testsuite xmlns:xsi="http://www.w3.org/2001/XMLSchema-instance" xsi:noNamespaceSchemaLocation="https://maven.apache.org/surefire/maven-surefire-plugin/xsd/surefire-test-report-3.0.xsd" version="3.0" name="com.innovatepam.idea.controller.IdeaEvaluationControllerIntegrationTest" time="22.04" tests="17" errors="0" skipped="0" failures="3">
  <properties>
[...]
</properties>
  <testcase name="testAddCommentUnauthorized" classname="com.innovatepam.idea.controller.IdeaEvaluationControllerIntegrationTest" time="1.311">
    <system-out><![CDATA[2026-02-26T15:11:30.068+03:00 DEBUG 17952 --- [           main] org.hibernate.SQL                        : 
    select
        r1_0.id,
        r1_0.created_at,
        r1_0.name 
    from
        roles r1_0 
    where
        r1_0.id=?
2026-02-26T15:11:30.073+03:00 DEBUG 17952 --- [           main] org.hibernate.SQL                        : 
    select
        r1_0.id,
        r1_0.created_at,
        r1_0.name 
    from
        roles r1_0 
    where
        r1_0.id=?
2026-02-26T15:11:30.076+03:00 DEBUG 17952 --- [           main] org.hibernate.SQL                        : 
    select
        r1_0.id,
        r1_0.created_at,
        r1_0.name 
    from
        roles r1_0 
    where
        r1_0.id=?
2026-02-26T15:11:30.511+03:00 DEBUG 17952 --- [           main] org.hibernate.SQL                        : 
    select
        u1_0.id,
        u1_0.created_at,
        u1_0.email,
        u1_0.is_locked,
        u1_0.locked_until,
        u1_0.password_hash,
        u1_0.role_id,
        r1_0.id,
        r1_0.created_at,
        r1_0.name,
        u1_0.updated_at 
    from
        users u1_0 
    join
        roles r1_0 
            on r1_0.id=u1_0.role_id 
    where
        u1_0.id=?
2026-02-26T15:11:30.933+03:00 DEBUG 17952 --- [           main] org.hibernate.SQL                        : 
    select
        u1_0.id,
        u1_0.created_at,
        u1_0.email,
        u1_0.is_locked,
        u1_0.locked_until,
        u1_0.password_hash,
        u1_0.role_id,
        r1_0.id,
        r1_0.created_at,
        r1_0.name,
        u1_0.updated_at 
    from
        users u1_0 
    join
        roles r1_0 
            on r1_0.id=u1_0.role_id 
    where
        u1_0.id=?
2026-02-26T15:11:31.353+03:00 DEBUG 17952 --- [           main] org.hibernate.SQL                        : 
    select
        u1_0.id,
        u1_0.created_at,
        u1_0.email,
        u1_0.is_locked,
        u1_0.locked_until,
        u1_0.password_hash,
        u1_0.role_id,
        r1_0.id,
        r1_0.created_at,
        r1_0.name,
        u1_0.updated_at 
    from
        users u1_0 
    join
        roles r1_0 
            on r1_0.id=u1_0.role_id 
    where
        u1_0.id=?
2026-02-26T15:11:31.358+03:00 DEBUG 17952 --- [           main] org.hibernate.SQL                        : 
    insert 
    into
        roles
        (created_at, name, id) 
    values
        (?, ?, ?)
2026-02-26T15:11:31.361+03:00 DEBUG 17952 --- [           main] org.hibernate.SQL                        : 
    insert 
    into
        roles
        (created_at, name, id) 
    values
        (?, ?, ?)
2026-02-26T15:11:31.362+03:00 DEBUG 17952 --- [           main] org.hibernate.SQL                        : 
    insert 
    into
        roles
        (created_at, name, id) 
    values
        (?, ?, ?)
2026-02-26T15:11:31.362+03:00 DEBUG 17952 --- [           main] org.hibernate.SQL                        : 
    insert 
    into
        users
        (created_at, email, is_locked, locked_until, password_hash, role_id, updated_at, id) 
    values
        (?, ?, ?, ?, ?, ?, ?, ?)
2026-02-26T15:11:31.363+03:00 DEBUG 17952 --- [           main] org.hibernate.SQL                        : 
    insert 
    into
        users
        (created_at, email, is_locked, locked_until, password_hash, role_id, updated_at, id) 
    values
        (?, ?, ?, ?, ?, ?, ?, ?)
2026-02-26T15:11:31.364+03:00 DEBUG 17952 --- [           main] org.hibernate.SQL                        : 
    insert 
    into
        users
        (created_at, email, is_locked, locked_until, password_hash, role_id, updated_at, id) 
    values
        (?, ?, ?, ?, ?, ?, ?, ?)
2026-02-26T15:11:31.365+03:00 DEBUG 17952 --- [           main] org.hibernate.SQL                        : 
    insert 
    into
        ideas
        (category, created_at, description, status, submitter_id, title, updated_at, version, id) 
    values
        (?, ?, ?, ?, ?, ?, ?, ?, default)
]]></system-out>
  </testcase>
  <testcase name="testUpdateIdeaStatusWithValidComment" classname="com.innovatepam.idea.controller.IdeaEvaluationControllerIntegrationTest" time="1.286">
    <system-out><![CDATA[2026-02-26T15:11:31.379+03:00 DEBUG 17952 --- [           main] org.hibernate.SQL                        : 
    select
        r1_0.id,
        r1_0.created_at,
        r1_0.name 
    from
        roles r1_0 
    where
        r1_0.id=?
2026-02-26T15:11:31.381+03:00 DEBUG 17952 --- [           main] org.hibernate.SQL                        : 
    select
        r1_0.id,
        r1_0.created_at,
        r1_0.name 
    from
        roles r1_0 
    where
        r1_0.id=?
2026-02-26T15:11:31.383+03:00 DEBUG 17952 --- [           main] org.hibernate.SQL                        : 
    select
        r1_0.id,
        r1_0.created_at,
        r1_0.name 
    from
        roles r1_0 
    where
        r1_0.id=?
2026-02-26T15:11:31.800+03:00 DEBUG 17952 --- [           main] org.hibernate.SQL                        : 
    select
        u1_0.id,
        u1_0.created_at,
        u1_0.email,
        u1_0.is_locked,
        u1_0.locked_until,
        u1_0.password_hash,
        u1_0.role_id,
        r1_0.id,
        r1_0.created_at,
        r1_0.name,
        u1_0.updated_at 
    from
        users u1_0 
    join
        roles r1_0 
            on r1_0.id=u1_0.role_id 
    where
        u1_0.id=?
2026-02-26T15:11:32.216+03:00 DEBUG 17952 --- [           main] org.hibernate.SQL                        : 
    select
        u1_0.id,
        u1_0.created_at,
        u1_0.email,
        u1_0.is_locked,
        u1_0.locked_until,
        u1_0.password_hash,
        u1_0.role_id,
        r1_0.id,
        r1_0.created_at,
        r1_0.name,
        u1_0.updated_at 
    from
        users u1_0 
    join
        roles r1_0 
            on r1_0.id=u1_0.role_id 
    where
        u1_0.id=?
2026-02-26T15:11:32.634+03:00 DEBUG 17952 --- [           main] org.hibernate.SQL                        : 
    select
        u1_0.id,
        u1_0.created_at,
        u1_0.email,
        u1_0.is_locked,
        u1_0.locked_until,
        u1_0.password_hash,
        u1_0.role_id,
        r1_0.id,
        r1_0.created_at,
        r1_0.name,
        u1_0.updated_at 
    from
        users u1_0 
    join
        roles r1_0 
            on r1_0.id=u1_0.role_id 
    where
        u1_0.id=?
2026-02-26T15:11:32.634+03:00 DEBUG 17952 --- [           main] org.hibernate.SQL                        : 
    insert 
    into
        roles
        (created_at, name, id) 
    values
        (?, ?, ?)
2026-02-26T15:11:32.634+03:00 DEBUG 17952 --- [           main] org.hibernate.SQL                        : 
    insert 
    into
        roles
        (created_at, name, id) 
    values
        (?, ?, ?)
2026-02-26T15:11:32.634+03:00 DEBUG 17952 --- [           main] org.hibernate.SQL                        : 
    insert 
    into
        roles
        (created_at, name, id) 
    values
        (?, ?, ?)
2026-02-26T15:11:32.634+03:00 DEBUG 17952 --- [           main] org.hibernate.SQL                        : 
    insert 
    into
        users
        (created_at, email, is_locked, locked_until, password_hash, role_id, updated_at, id) 
    values
        (?, ?, ?, ?, ?, ?, ?, ?)
2026-02-26T15:11:32.634+03:00 DEBUG 17952 --- [           main] org.hibernate.SQL                        : 
    insert 
    into
        users
        (created_at, email, is_locked, locked_until, password_hash, role_id, updated_at, id) 
    values
        (?, ?, ?, ?, ?, ?, ?, ?)
2026-02-26T15:11:32.634+03:00 DEBUG 17952 --- [           main] org.hibernate.SQL                        : 
    insert 
    into
        users
        (created_at, email, is_locked, locked_until, password_hash, role_id, updated_at, id) 
    values
        (?, ?, ?, ?, ?, ?, ?, ?)
2026-02-26T15:11:32.641+03:00 DEBUG 17952 --- [           main] org.hibernate.SQL                        : 
    insert 
    into
        ideas
        (category, created_at, description, status, submitter_id, title, updated_at, version, id) 
    values
        (?, ?, ?, ?, ?, ?, ?, ?, default)
2026-02-26T15:11:32.650+03:00 DEBUG 17952 --- [           main] org.hibernate.SQL                        : 
    select
        u1_0.id,
        u1_0.created_at,
        u1_0.email,
        u1_0.is_locked,
        u1_0.locked_until,
        u1_0.password_hash,
        u1_0.role_id,
        u1_0.updated_at 
    from
        users u1_0 
    where
        u1_0.email=?
2026-02-26T15:11:32.654+03:00 DEBUG 17952 --- [           main] org.hibernate.SQL                        : 
    insert 
    into
        idea_evaluations
        (comment, created_at, evaluator_id, idea_id, status_snapshot, id) 
    values
        (?, ?, ?, ?, ?, default)
]]></system-out>
  </testcase>
  <testcase name="testGetEvaluationHistoryUnauthorized" classname="com.innovatepam.idea.controller.IdeaEvaluationControllerIntegrationTest" time="1.284">
    <system-out><![CDATA[2026-02-26T15:11:32.665+03:00 DEBUG 17952 --- [           main] org.hibernate.SQL                        : 
    select
        r1_0.id,
        r1_0.created_at,
        r1_0.name 
    from
        roles r1_0 
    where
        r1_0.id=?
2026-02-26T15:11:32.665+03:00 DEBUG 17952 --- [           main] org.hibernate.SQL                        : 
    select
        r1_0.id,
        r1_0.created_at,
        r1_0.name 
    from
        roles r1_0 
    where
        r1_0.id=?
2026-02-26T15:11:32.665+03:00 DEBUG 17952 --- [           main] org.hibernate.SQL                        : 
    select
        r1_0.id,
        r1_0.created_at,
        r1_0.name 
    from
        roles r1_0 
    where
        r1_0.id=?
2026-02-26T15:11:33.084+03:00 DEBUG 17952 --- [           main] org.hibernate.SQL                        : 
    select
        u1_0.id,
        u1_0.created_at,
        u1_0.email,
        u1_0.is_locked,
        u1_0.locked_until,
        u1_0.password_hash,
        u1_0.role_id,
        r1_0.id,
        r1_0.created_at,
        r1_0.name,
        u1_0.updated_at 
    from
        users u1_0 
    join
        roles r1_0 
            on r1_0.id=u1_0.role_id 
    where
        u1_0.id=?
2026-02-26T15:11:33.509+03:00 DEBUG 17952 --- [           main] org.hibernate.SQL                        : 
    select
        u1_0.id,
        u1_0.created_at,
        u1_0.email,
        u1_0.is_locked,
        u1_0.locked_until,
        u1_0.password_hash,
        u1_0.role_id,
        r1_0.id,
        r1_0.created_at,
        r1_0.name,
        u1_0.updated_at 
    from
        users u1_0 
    join
        roles r1_0 
            on r1_0.id=u1_0.role_id 
    where
        u1_0.id=?
2026-02-26T15:11:33.932+03:00 DEBUG 17952 --- [           main] org.hibernate.SQL                        : 
    select
        u1_0.id,
        u1_0.created_at,
        u1_0.email,
        u1_0.is_locked,
        u1_0.locked_until,
        u1_0.password_hash,
        u1_0.role_id,
        r1_0.id,
        r1_0.created_at,
        r1_0.name,
        u1_0.updated_at 
    from
        users u1_0 
    join
        roles r1_0 
            on r1_0.id=u1_0.role_id 
    where
        u1_0.id=?
2026-02-26T15:11:33.936+03:00 DEBUG 17952 --- [           main] org.hibernate.SQL                        : 
    insert 
    into
        roles
        (created_at, name, id) 
    values
        (?, ?, ?)
2026-02-26T15:11:33.937+03:00 DEBUG 17952 --- [           main] org.hibernate.SQL                        : 
    insert 
    into
        roles
        (created_at, name, id) 
    values
        (?, ?, ?)
2026-02-26T15:11:33.938+03:00 DEBUG 17952 --- [           main] org.hibernate.SQL                        : 
    insert 
    into
        roles
        (created_at, name, id) 
    values
        (?, ?, ?)
2026-02-26T15:11:33.938+03:00 DEBUG 17952 --- [           main] org.hibernate.SQL                        : 
    insert 
    into
        users
        (created_at, email, is_locked, locked_until, password_hash, role_id, updated_at, id) 
    values
        (?, ?, ?, ?, ?, ?, ?, ?)
2026-02-26T15:11:33.939+03:00 DEBUG 17952 --- [           main] org.hibernate.SQL                        : 
    insert 
    into
        users
        (created_at, email, is_locked, locked_until, password_hash, role_id, updated_at, id) 
    values
        (?, ?, ?, ?, ?, ?, ?, ?)
2026-02-26T15:11:33.939+03:00 DEBUG 17952 --- [           main] org.hibernate.SQL                        : 
    insert 
    into
        users
        (created_at, email, is_locked, locked_until, password_hash, role_id, updated_at, id) 
    values
        (?, ?, ?, ?, ?, ?, ?, ?)
2026-02-26T15:11:33.940+03:00 DEBUG 17952 --- [           main] org.hibernate.SQL                        : 
    insert 
    into
        ideas
        (category, created_at, description, status, submitter_id, title, updated_at, version, id) 
    values
        (?, ?, ?, ?, ?, ?, ?, ?, default)
]]></system-out>
  </testcase>
  <testcase name="testUpdateIdeaStatusUnauthorized" classname="com.innovatepam.idea.controller.IdeaEvaluationControllerIntegrationTest" time="1.27">
    <system-out><![CDATA[2026-02-26T15:11:33.950+03:00 DEBUG 17952 --- [           main] org.hibernate.SQL                        : 
    select
        r1_0.id,
        r1_0.created_at,
        r1_0.name 
    from
        roles r1_0 
    where
        r1_0.id=?
2026-02-26T15:11:33.952+03:00 DEBUG 17952 --- [           main] org.hibernate.SQL                        : 
    select
        r1_0.id,
        r1_0.created_at,
        r1_0.name 
    from
        roles r1_0 
    where
        r1_0.id=?
2026-02-26T15:11:33.953+03:00 DEBUG 17952 --- [           main] org.hibernate.SQL                        : 
    select
        r1_0.id,
        r1_0.created_at,
        r1_0.name 
    from
        roles r1_0 
    where
        r1_0.id=?
2026-02-26T15:11:34.376+03:00 DEBUG 17952 --- [           main] org.hibernate.SQL                        : 
    select
        u1_0.id,
        u1_0.created_at,
        u1_0.email,
        u1_0.is_locked,
        u1_0.locked_until,
        u1_0.password_hash,
        u1_0.role_id,
        r1_0.id,
        r1_0.created_at,
        r1_0.name,
        u1_0.updated_at 
    from
        users u1_0 
    join
        roles r1_0 
            on r1_0.id=u1_0.role_id 
    where
        u1_0.id=?
2026-02-26T15:11:34.787+03:00 DEBUG 17952 --- [           main] org.hibernate.SQL                        : 
    select
        u1_0.id,
        u1_0.created_at,
        u1_0.email,
        u1_0.is_locked,
        u1_0.locked_until,
        u1_0.password_hash,
        u1_0.role_id,
        r1_0.id,
        r1_0.created_at,
        r1_0.name,
        u1_0.updated_at 
    from
        users u1_0 
    join
        roles r1_0 
            on r1_0.id=u1_0.role_id 
    where
        u1_0.id=?
2026-02-26T15:11:35.205+03:00 DEBUG 17952 --- [           main] org.hibernate.SQL                        : 
    select
        u1_0.id,
        u1_0.created_at,
        u1_0.email,
        u1_0.is_locked,
        u1_0.locked_until,
        u1_0.password_hash,
        u1_0.role_id,
        r1_0.id,
        r1_0.created_at,
        r1_0.name,
        u1_0.updated_at 
    from
        users u1_0 
    join
        roles r1_0 
            on r1_0.id=u1_0.role_id 
    where
        u1_0.id=?
2026-02-26T15:11:35.205+03:00 DEBUG 17952 --- [           main] org.hibernate.SQL                        : 
    insert 
    into
        roles
        (created_at, name, id) 
    values
        (?, ?, ?)
2026-02-26T15:11:35.210+03:00 DEBUG 17952 --- [           main] org.hibernate.SQL                        : 
    insert 
    into
        roles
        (created_at, name, id) 
    values
        (?, ?, ?)
2026-02-26T15:11:35.210+03:00 DEBUG 17952 --- [           main] org.hibernate.SQL                        : 
    insert 
    into
        roles
        (created_at, name, id) 
    values
        (?, ?, ?)
2026-02-26T15:11:35.210+03:00 DEBUG 17952 --- [           main] org.hibernate.SQL                        : 
    insert 
    into
        users
        (created_at, email, is_locked, locked_until, password_hash, role_id, updated_at, id) 
    values
        (?, ?, ?, ?, ?, ?, ?, ?)
2026-02-26T15:11:35.210+03:00 DEBUG 17952 --- [           main] org.hibernate.SQL                        : 
    insert 
    into
        users
        (created_at, email, is_locked, locked_until, password_hash, role_id, updated_at, id) 
    values
        (?, ?, ?, ?, ?, ?, ?, ?)
2026-02-26T15:11:35.210+03:00 DEBUG 17952 --- [           main] org.hibernate.SQL                        : 
    insert 
    into
        users
        (created_at, email, is_locked, locked_until, password_hash, role_id, updated_at, id) 
    values
        (?, ?, ?, ?, ?, ?, ?, ?)
2026-02-26T15:11:35.210+03:00 DEBUG 17952 --- [           main] org.hibernate.SQL                        : 
    insert 
    into
        ideas
        (category, created_at, description, status, submitter_id, title, updated_at, version, id) 
    values
        (?, ?, ?, ?, ?, ?, ?, ?, default)
]]></system-out>
  </testcase>
  <testcase name="testAddCommentByEvaluator" classname="com.innovatepam.idea.controller.IdeaEvaluationControllerIntegrationTest" time="1.283">
    <failure message="No value at JSON path &quot;$.evaluator&quot;" type="java.lang.AssertionError"><![CDATA[java.lang.AssertionError: No value at JSON path "$.evaluator"
	at org.springframework.test.util.JsonPathExpectationsHelper.evaluateJsonPath(JsonPathExpectationsHelper.java:302)
	at org.springframework.test.util.JsonPathExpectationsHelper.assertValue(JsonPathExpectationsHelper.java:73)
	at org.springframework.test.web.servlet.result.JsonPathResultMatchers.lambda$value$0(JsonPathResultMatchers.java:87)
	at org.springframework.test.web.servlet.MockMvc$1.andExpect(MockMvc.java:214)
	at com.innovatepam.idea.controller.IdeaEvaluationControllerIntegrationTest.testAddCommentByEvaluator(IdeaEvaluationControllerIntegrationTest.java:271)
	at java.base/java.lang.reflect.Method.invoke(Method.java:580)
	at java.base/java.util.ArrayList.forEach(ArrayList.java:1597)
	at java.base/java.util.ArrayList.forEach(ArrayList.java:1597)
Caused by: com.jayway.jsonpath.PathNotFoundException: No results for path: $['evaluator']
]]></failure>
    <system-out><![CDATA[2026-02-26T15:11:35.222+03:00 DEBUG 17952 --- [           main] org.hibernate.SQL                        : 
    select
        r1_0.id,
        r1_0.created_at,
        r1_0.name 
    from
        roles r1_0 
    where
        r1_0.id=?
2026-02-26T15:11:35.226+03:00 DEBUG 17952 --- [           main] org.hibernate.SQL                        : 
    select
        r1_0.id,
        r1_0.created_at,
        r1_0.name 
    from
        roles r1_0 
    where
        r1_0.id=?
2026-02-26T15:11:35.228+03:00 DEBUG 17952 --- [           main] org.hibernate.SQL                        : 
    select
        r1_0.id,
        r1_0.created_at,
        r1_0.name 
    from
        roles r1_0 
    where
        r1_0.id=?
2026-02-26T15:11:35.637+03:00 DEBUG 17952 --- [           main] org.hibernate.SQL                        : 
    select
        u1_0.id,
        u1_0.created_at,
        u1_0.email,
        u1_0.is_locked,
        u1_0.locked_until,
        u1_0.password_hash,
        u1_0.role_id,
        r1_0.id,
        r1_0.created_at,
        r1_0.name,
        u1_0.updated_at 
    from
        users u1_0 
    join
        roles r1_0 
            on r1_0.id=u1_0.role_id 
    where
        u1_0.id=?
2026-02-26T15:11:36.057+03:00 DEBUG 17952 --- [           main] org.hibernate.SQL                        : 
    select
        u1_0.id,
        u1_0.created_at,
        u1_0.email,
        u1_0.is_locked,
        u1_0.locked_until,
        u1_0.password_hash,
        u1_0.role_id,
        r1_0.id,
        r1_0.created_at,
        r1_0.name,
        u1_0.updated_at 
    from
        users u1_0 
    join
        roles r1_0 
            on r1_0.id=u1_0.role_id 
    where
        u1_0.id=?
2026-02-26T15:11:36.471+03:00 DEBUG 17952 --- [           main] org.hibernate.SQL                        : 
    select
        u1_0.id,
        u1_0.created_at,
        u1_0.email,
        u1_0.is_locked,
        u1_0.locked_until,
        u1_0.password_hash,
        u1_0.role_id,
        r1_0.id,
        r1_0.created_at,
        r1_0.name,
        u1_0.updated_at 
    from
        users u1_0 
    join
        roles r1_0 
            on r1_0.id=u1_0.role_id 
    where
        u1_0.id=?
2026-02-26T15:11:36.476+03:00 DEBUG 17952 --- [           main] org.hibernate.SQL                        : 
    insert 
    into
        roles
        (created_at, name, id) 
    values
        (?, ?, ?)
2026-02-26T15:11:36.477+03:00 DEBUG 17952 --- [           main] org.hibernate.SQL                        : 
    insert 
    into
        roles
        (created_at, name, id) 
    values
        (?, ?, ?)
2026-02-26T15:11:36.477+03:00 DEBUG 17952 --- [           main] org.hibernate.SQL                        : 
    insert 
    into
        roles
        (created_at, name, id) 
    values
        (?, ?, ?)
2026-02-26T15:11:36.478+03:00 DEBUG 17952 --- [           main] org.hibernate.SQL                        : 
    insert 
    into
        users
        (created_at, email, is_locked, locked_until, password_hash, role_id, updated_at, id) 
    values
        (?, ?, ?, ?, ?, ?, ?, ?)
2026-02-26T15:11:36.478+03:00 DEBUG 17952 --- [           main] org.hibernate.SQL                        : 
    insert 
    into
        users
        (created_at, email, is_locked, locked_until, password_hash, role_id, updated_at, id) 
    values
        (?, ?, ?, ?, ?, ?, ?, ?)
2026-02-26T15:11:36.479+03:00 DEBUG 17952 --- [           main] org.hibernate.SQL                        : 
    insert 
    into
        users
        (created_at, email, is_locked, locked_until, password_hash, role_id, updated_at, id) 
    values
        (?, ?, ?, ?, ?, ?, ?, ?)
2026-02-26T15:11:36.480+03:00 DEBUG 17952 --- [           main] org.hibernate.SQL                        : 
    insert 
    into
        ideas
        (category, created_at, description, status, submitter_id, title, updated_at, version, id) 
    values
        (?, ?, ?, ?, ?, ?, ?, ?, default)
2026-02-26T15:11:36.494+03:00 DEBUG 17952 --- [           main] org.hibernate.SQL                        : 
    select
        u1_0.id,
        u1_0.created_at,
        u1_0.email,
        u1_0.is_locked,
        u1_0.locked_until,
        u1_0.password_hash,
        u1_0.role_id,
        u1_0.updated_at 
    from
        users u1_0 
    where
        u1_0.email=?
2026-02-26T15:11:36.498+03:00 DEBUG 17952 --- [           main] org.hibernate.SQL                        : 
    insert 
    into
        idea_evaluations
        (comment, created_at, evaluator_id, idea_id, status_snapshot, id) 
    values
        (?, ?, ?, ?, ?, default)

MockHttpServletRequest:
      HTTP Method = POST
      Request URI = /api/v1/ideas/19/comments
       Parameters = {}
          Headers = [Content-Type:"application/json;charset=UTF-8", Authorization:"Bearer eyJhbGciOiJIUzI1NiJ9.eyJzdWIiOiJldmFsdWF0b3JAdGVzdC5jb20iLCJjcmVhdGVkQXQiOiIyMDI2LTAyLTI2VDE1OjExOjM2LjA1NzIzMDgwMCIsInJvbGUiOiJFVkFMVUFUT1IiLCJ1c2VySWQiOiI2MmFhMjdhOC0xNzE2LTRjOGUtYjZjNC01ZWRmZmZmZDMxZTgiLCJpYXQiOjE3NzIxMDc4OTYsImV4cCI6MTc3MjExMTQ5Nn0.QcVrseLq44jGIB2I6RrN-NpxES_hGBbMKI2k5Vc_52o", Content-Length:"35"]
             Body = {"comment":"This is a great idea!"}
    Session Attrs = {}

Handler:
             Type = com.innovatepam.idea.controller.IdeaEvaluationController
           Method = com.innovatepam.idea.controller.IdeaEvaluationController#addComment(Long, AddCommentRequest, Authentication)

Async:
    Async started = false
     Async result = null

Resolved Exception:
             Type = null

ModelAndView:
        View name = null
             View = null
            Model = null

FlashMap:
       Attributes = null

MockHttpServletResponse:
           Status = 201
    Error message = null
          Headers = [Vary:"Origin", "Access-Control-Request-Method", "Access-Control-Request-Headers", Content-Type:"application/json", X-Content-Type-Options:"nosniff", X-XSS-Protection:"0", Cache-Control:"no-cache, no-store, max-age=0, must-revalidate", Pragma:"no-cache", Expires:"0", X-Frame-Options:"DENY"]
     Content type = application/json
             Body = {"id":4,"ideaId":19,"evaluatorName":"evaluator@test.com","evaluatorId":"62aa27a8-1716-4c8e-b6c4-5edffffd31e8","comment":"This is a great idea!","statusSnapshot":null,"createdAt":"2026-02-26T15:11:36.4944316"}
    Forwarded URL = null
   Redirected URL = null
          Cookies = []
]]></system-out>
  </testcase>
  <testcase name="testUpdateIdeaStatusWithInvalidTransition" classname="com.innovatepam.idea.controller.IdeaEvaluationControllerIntegrationTest" time="1.292">
    <failure message="Status expected:&lt;409&gt; but was:&lt;200&gt;" type="java.lang.AssertionError"><![CDATA[java.lang.AssertionError: Status expected:<409> but was:<200>
	at org.springframework.test.util.AssertionErrors.fail(AssertionErrors.java:59)
	at org.springframework.test.util.AssertionErrors.assertEquals(AssertionErrors.java:122)
	at org.springframework.test.web.servlet.result.StatusResultMatchers.lambda$matcher$9(StatusResultMatchers.java:637)
	at org.springframework.test.web.servlet.MockMvc$1.andExpect(MockMvc.java:214)
	at com.innovatepam.idea.controller.IdeaEvaluationControllerIntegrationTest.testUpdateIdeaStatusWithInvalidTransition(IdeaEvaluationControllerIntegrationTest.java:216)
	at java.base/java.lang.reflect.Method.invoke(Method.java:580)
	at java.base/java.util.ArrayList.forEach(ArrayList.java:1597)
	at java.base/java.util.ArrayList.forEach(ArrayList.java:1597)
]]></failure>
    <system-out><![CDATA[2026-02-26T15:11:36.513+03:00 DEBUG 17952 --- [           main] org.hibernate.SQL                        : 
    select
        r1_0.id,
        r1_0.created_at,
        r1_0.name 
    from
        roles r1_0 
    where
        r1_0.id=?
2026-02-26T15:11:36.515+03:00 DEBUG 17952 --- [           main] org.hibernate.SQL                        : 
    select
        r1_0.id,
        r1_0.created_at,
        r1_0.name 
    from
        roles r1_0 
    where
        r1_0.id=?
2026-02-26T15:11:36.517+03:00 DEBUG 17952 --- [           main] org.hibernate.SQL                        : 
    select
        r1_0.id,
        r1_0.created_at,
        r1_0.name 
    from
        roles r1_0 
    where
        r1_0.id=?
2026-02-26T15:11:36.935+03:00 DEBUG 17952 --- [           main] org.hibernate.SQL                        : 
    select
        u1_0.id,
        u1_0.created_at,
        u1_0.email,
        u1_0.is_locked,
        u1_0.locked_until,
        u1_0.password_hash,
        u1_0.role_id,
        r1_0.id,
        r1_0.created_at,
        r1_0.name,
        u1_0.updated_at 
    from
        users u1_0 
    join
        roles r1_0 
            on r1_0.id=u1_0.role_id 
    where
        u1_0.id=?
2026-02-26T15:11:37.335+03:00 DEBUG 17952 --- [           main] org.hibernate.SQL                        : 
    select
        u1_0.id,
        u1_0.created_at,
        u1_0.email,
        u1_0.is_locked,
        u1_0.locked_until,
        u1_0.password_hash,
        u1_0.role_id,
        r1_0.id,
        r1_0.created_at,
        r1_0.name,
        u1_0.updated_at 
    from
        users u1_0 
    join
        roles r1_0 
            on r1_0.id=u1_0.role_id 
    where
        u1_0.id=?
2026-02-26T15:11:37.769+03:00 DEBUG 17952 --- [           main] org.hibernate.SQL                        : 
    select
        u1_0.id,
        u1_0.created_at,
        u1_0.email,
        u1_0.is_locked,
        u1_0.locked_until,
        u1_0.password_hash,
        u1_0.role_id,
        r1_0.id,
        r1_0.created_at,
        r1_0.name,
        u1_0.updated_at 
    from
        users u1_0 
    join
        roles r1_0 
            on r1_0.id=u1_0.role_id 
    where
        u1_0.id=?
2026-02-26T15:11:37.774+03:00 DEBUG 17952 --- [           main] org.hibernate.SQL                        : 
    insert 
    into
        roles
        (created_at, name, id) 
    values
        (?, ?, ?)
2026-02-26T15:11:37.775+03:00 DEBUG 17952 --- [           main] org.hibernate.SQL                        : 
    insert 
    into
        roles
        (created_at, name, id) 
    values
        (?, ?, ?)
2026-02-26T15:11:37.775+03:00 DEBUG 17952 --- [           main] org.hibernate.SQL                        : 
    insert 
    into
        roles
        (created_at, name, id) 
    values
        (?, ?, ?)
2026-02-26T15:11:37.775+03:00 DEBUG 17952 --- [           main] org.hibernate.SQL                        : 
    insert 
    into
        users
        (created_at, email, is_locked, locked_until, password_hash, role_id, updated_at, id) 
    values
        (?, ?, ?, ?, ?, ?, ?, ?)
2026-02-26T15:11:37.776+03:00 DEBUG 17952 --- [           main] org.hibernate.SQL                        : 
    insert 
    into
        users
        (created_at, email, is_locked, locked_until, password_hash, role_id, updated_at, id) 
    values
        (?, ?, ?, ?, ?, ?, ?, ?)
2026-02-26T15:11:37.777+03:00 DEBUG 17952 --- [           main] org.hibernate.SQL                        : 
    insert 
    into
        users
        (created_at, email, is_locked, locked_until, password_hash, role_id, updated_at, id) 
    values
        (?, ?, ?, ?, ?, ?, ?, ?)
2026-02-26T15:11:37.778+03:00 DEBUG 17952 --- [           main] org.hibernate.SQL                        : 
    insert 
    into
        ideas
        (category, created_at, description, status, submitter_id, title, updated_at, version, id) 
    values
        (?, ?, ?, ?, ?, ?, ?, ?, default)
2026-02-26T15:11:37.787+03:00 DEBUG 17952 --- [           main] org.hibernate.SQL                        : 
    select
        u1_0.id,
        u1_0.created_at,
        u1_0.email,
        u1_0.is_locked,
        u1_0.locked_until,
        u1_0.password_hash,
        u1_0.role_id,
        u1_0.updated_at 
    from
        users u1_0 
    where
        u1_0.email=?
2026-02-26T15:11:37.789+03:00 DEBUG 17952 --- [           main] org.hibernate.SQL                        : 
    insert 
    into
        idea_evaluations
        (comment, created_at, evaluator_id, idea_id, status_snapshot, id) 
    values
        (?, ?, ?, ?, ?, default)

MockHttpServletRequest:
      HTTP Method = PATCH
      Request URI = /api/v1/ideas/20/status
       Parameters = {}
          Headers = [Content-Type:"application/json;charset=UTF-8", Authorization:"Bearer eyJhbGciOiJIUzI1NiJ9.eyJzdWIiOiJldmFsdWF0b3JAdGVzdC5jb20iLCJjcmVhdGVkQXQiOiIyMDI2LTAyLTI2VDE1OjExOjM3LjMzNTk5ODkwMCIsInJvbGUiOiJFVkFMVUFUT1IiLCJ1c2VySWQiOiIxYWI1YWMyNy1hYjljLTQxZTYtYWI0MC02NWFhMjlhM2QwMzgiLCJpYXQiOjE3NzIxMDc4OTcsImV4cCI6MTc3MjExMTQ5N30.z12rOzqJCesx4zUZPcGIllmFkNWsbBiNfFjnig3q9Eo", Content-Length:"54"]
             Body = {"newStatus":"ACCEPTED","comment":"Direct acceptance"}
    Session Attrs = {}

Handler:
             Type = com.innovatepam.idea.controller.IdeaEvaluationController
           Method = com.innovatepam.idea.controller.IdeaEvaluationController#updateIdeaStatus(Long, UpdateIdeaStatusRequest, Authentication)

Async:
    Async started = false
     Async result = null

Resolved Exception:
             Type = null

ModelAndView:
        View name = null
             View = null
            Model = null

FlashMap:
       Attributes = null

MockHttpServletResponse:
           Status = 200
    Error message = null
          Headers = [Vary:"Origin", "Access-Control-Request-Method", "Access-Control-Request-Headers", Content-Type:"application/json", X-Content-Type-Options:"nosniff", X-XSS-Protection:"0", Cache-Control:"no-cache, no-store, max-age=0, must-revalidate", Pragma:"no-cache", Expires:"0", X-Frame-Options:"DENY"]
     Content type = application/json
             Body = {"id":20,"title":"Test Idea","category":"Process Improvement","status":"ACCEPTED","submitterName":"submitter@test.com","submitterId":"3cf24f8b-7670-47e3-8696-23bf756863be","createdAt":"2026-02-26T15:11:37.7736038","updatedAt":"2026-02-26T15:11:37.7736038","hasAttachment":false,"evaluationCount":0}
    Forwarded URL = null
   Redirected URL = null
          Cookies = []
]]></system-out>
  </testcase>
  <testcase name="testAddCommentByAdmin" classname="com.innovatepam.idea.controller.IdeaEvaluationControllerIntegrationTest" time="1.264">
    <system-out><![CDATA[2026-02-26T15:11:37.799+03:00 DEBUG 17952 --- [           main] org.hibernate.SQL                        : 
    select
        r1_0.id,
        r1_0.created_at,
        r1_0.name 
    from
        roles r1_0 
    where
        r1_0.id=?
2026-02-26T15:11:37.801+03:00 DEBUG 17952 --- [           main] org.hibernate.SQL                        : 
    select
        r1_0.id,
        r1_0.created_at,
        r1_0.name 
    from
        roles r1_0 
    where
        r1_0.id=?
2026-02-26T15:11:37.802+03:00 DEBUG 17952 --- [           main] org.hibernate.SQL                        : 
    select
        r1_0.id,
        r1_0.created_at,
        r1_0.name 
    from
        roles r1_0 
    where
        r1_0.id=?
2026-02-26T15:11:38.221+03:00 DEBUG 17952 --- [           main] org.hibernate.SQL                        : 
    select
        u1_0.id,
        u1_0.created_at,
        u1_0.email,
        u1_0.is_locked,
        u1_0.locked_until,
        u1_0.password_hash,
        u1_0.role_id,
        r1_0.id,
        r1_0.created_at,
        r1_0.name,
        u1_0.updated_at 
    from
        users u1_0 
    join
        roles r1_0 
            on r1_0.id=u1_0.role_id 
    where
        u1_0.id=?
2026-02-26T15:11:38.617+03:00 DEBUG 17952 --- [           main] org.hibernate.SQL                        : 
    select
        u1_0.id,
        u1_0.created_at,
        u1_0.email,
        u1_0.is_locked,
        u1_0.locked_until,
        u1_0.password_hash,
        u1_0.role_id,
        r1_0.id,
        r1_0.created_at,
        r1_0.name,
        u1_0.updated_at 
    from
        users u1_0 
    join
        roles r1_0 
            on r1_0.id=u1_0.role_id 
    where
        u1_0.id=?
2026-02-26T15:11:39.036+03:00 DEBUG 17952 --- [           main] org.hibernate.SQL                        : 
    select
        u1_0.id,
        u1_0.created_at,
        u1_0.email,
        u1_0.is_locked,
        u1_0.locked_until,
        u1_0.password_hash,
        u1_0.role_id,
        r1_0.id,
        r1_0.created_at,
        r1_0.name,
        u1_0.updated_at 
    from
        users u1_0 
    join
        roles r1_0 
            on r1_0.id=u1_0.role_id 
    where
        u1_0.id=?
2026-02-26T15:11:39.039+03:00 DEBUG 17952 --- [           main] org.hibernate.SQL                        : 
    insert 
    into
        roles
        (created_at, name, id) 
    values
        (?, ?, ?)
2026-02-26T15:11:39.040+03:00 DEBUG 17952 --- [           main] org.hibernate.SQL                        : 
    insert 
    into
        roles
        (created_at, name, id) 
    values
        (?, ?, ?)
2026-02-26T15:11:39.041+03:00 DEBUG 17952 --- [           main] org.hibernate.SQL                        : 
    insert 
    into
        roles
        (created_at, name, id) 
    values
        (?, ?, ?)
2026-02-26T15:11:39.041+03:00 DEBUG 17952 --- [           main] org.hibernate.SQL                        : 
    insert 
    into
        users
        (created_at, email, is_locked, locked_until, password_hash, role_id, updated_at, id) 
    values
        (?, ?, ?, ?, ?, ?, ?, ?)
2026-02-26T15:11:39.042+03:00 DEBUG 17952 --- [           main] org.hibernate.SQL                        : 
    insert 
    into
        users
        (created_at, email, is_locked, locked_until, password_hash, role_id, updated_at, id) 
    values
        (?, ?, ?, ?, ?, ?, ?, ?)
2026-02-26T15:11:39.042+03:00 DEBUG 17952 --- [           main] org.hibernate.SQL                        : 
    insert 
    into
        users
        (created_at, email, is_locked, locked_until, password_hash, role_id, updated_at, id) 
    values
        (?, ?, ?, ?, ?, ?, ?, ?)
2026-02-26T15:11:39.044+03:00 DEBUG 17952 --- [           main] org.hibernate.SQL                        : 
    insert 
    into
        ideas
        (category, created_at, description, status, submitter_id, title, updated_at, version, id) 
    values
        (?, ?, ?, ?, ?, ?, ?, ?, default)
2026-02-26T15:11:39.051+03:00 DEBUG 17952 --- [           main] org.hibernate.SQL                        : 
    select
        u1_0.id,
        u1_0.created_at,
        u1_0.email,
        u1_0.is_locked,
        u1_0.locked_until,
        u1_0.password_hash,
        u1_0.role_id,
        u1_0.updated_at 
    from
        users u1_0 
    where
        u1_0.email=?
2026-02-26T15:11:39.056+03:00 DEBUG 17952 --- [           main] org.hibernate.SQL                        : 
    insert 
    into
        idea_evaluations
        (comment, created_at, evaluator_id, idea_id, status_snapshot, id) 
    values
        (?, ?, ?, ?, ?, default)
]]></system-out>
  </testcase>
  <testcase name="testUpdateIdeaStatusByAdmin" classname="com.innovatepam.idea.controller.IdeaEvaluationControllerIntegrationTest" time="1.277">
    <system-out><![CDATA[2026-02-26T15:11:39.067+03:00 DEBUG 17952 --- [           main] org.hibernate.SQL                        : 
    select
        r1_0.id,
        r1_0.created_at,
        r1_0.name 
    from
        roles r1_0 
    where
        r1_0.id=?
2026-02-26T15:11:39.069+03:00 DEBUG 17952 --- [           main] org.hibernate.SQL                        : 
    select
        r1_0.id,
        r1_0.created_at,
        r1_0.name 
    from
        roles r1_0 
    where
        r1_0.id=?
2026-02-26T15:11:39.073+03:00 DEBUG 17952 --- [           main] org.hibernate.SQL                        : 
    select
        r1_0.id,
        r1_0.created_at,
        r1_0.name 
    from
        roles r1_0 
    where
        r1_0.id=?
2026-02-26T15:11:39.488+03:00 DEBUG 17952 --- [           main] org.hibernate.SQL                        : 
    select
        u1_0.id,
        u1_0.created_at,
        u1_0.email,
        u1_0.is_locked,
        u1_0.locked_until,
        u1_0.password_hash,
        u1_0.role_id,
        r1_0.id,
        r1_0.created_at,
        r1_0.name,
        u1_0.updated_at 
    from
        users u1_0 
    join
        roles r1_0 
            on r1_0.id=u1_0.role_id 
    where
        u1_0.id=?
2026-02-26T15:11:39.889+03:00 DEBUG 17952 --- [           main] org.hibernate.SQL                        : 
    select
        u1_0.id,
        u1_0.created_at,
        u1_0.email,
        u1_0.is_locked,
        u1_0.locked_until,
        u1_0.password_hash,
        u1_0.role_id,
        r1_0.id,
        r1_0.created_at,
        r1_0.name,
        u1_0.updated_at 
    from
        users u1_0 
    join
        roles r1_0 
            on r1_0.id=u1_0.role_id 
    where
        u1_0.id=?
2026-02-26T15:11:40.310+03:00 DEBUG 17952 --- [           main] org.hibernate.SQL                        : 
    select
        u1_0.id,
        u1_0.created_at,
        u1_0.email,
        u1_0.is_locked,
        u1_0.locked_until,
        u1_0.password_hash,
        u1_0.role_id,
        r1_0.id,
        r1_0.created_at,
        r1_0.name,
        u1_0.updated_at 
    from
        users u1_0 
    join
        roles r1_0 
            on r1_0.id=u1_0.role_id 
    where
        u1_0.id=?
2026-02-26T15:11:40.314+03:00 DEBUG 17952 --- [           main] org.hibernate.SQL                        : 
    insert 
    into
        roles
        (created_at, name, id) 
    values
        (?, ?, ?)
2026-02-26T15:11:40.315+03:00 DEBUG 17952 --- [           main] org.hibernate.SQL                        : 
    insert 
    into
        roles
        (created_at, name, id) 
    values
        (?, ?, ?)
2026-02-26T15:11:40.315+03:00 DEBUG 17952 --- [           main] org.hibernate.SQL                        : 
    insert 
    into
        roles
        (created_at, name, id) 
    values
        (?, ?, ?)
2026-02-26T15:11:40.315+03:00 DEBUG 17952 --- [           main] org.hibernate.SQL                        : 
    insert 
    into
        users
        (created_at, email, is_locked, locked_until, password_hash, role_id, updated_at, id) 
    values
        (?, ?, ?, ?, ?, ?, ?, ?)
2026-02-26T15:11:40.315+03:00 DEBUG 17952 --- [           main] org.hibernate.SQL                        : 
    insert 
    into
        users
        (created_at, email, is_locked, locked_until, password_hash, role_id, updated_at, id) 
    values
        (?, ?, ?, ?, ?, ?, ?, ?)
2026-02-26T15:11:40.315+03:00 DEBUG 17952 --- [           main] org.hibernate.SQL                        : 
    insert 
    into
        users
        (created_at, email, is_locked, locked_until, password_hash, role_id, updated_at, id) 
    values
        (?, ?, ?, ?, ?, ?, ?, ?)
2026-02-26T15:11:40.315+03:00 DEBUG 17952 --- [           main] org.hibernate.SQL                        : 
    insert 
    into
        ideas
        (category, created_at, description, status, submitter_id, title, updated_at, version, id) 
    values
        (?, ?, ?, ?, ?, ?, ?, ?, default)
2026-02-26T15:11:40.330+03:00 DEBUG 17952 --- [           main] org.hibernate.SQL                        : 
    select
        u1_0.id,
        u1_0.created_at,
        u1_0.email,
        u1_0.is_locked,
        u1_0.locked_until,
        u1_0.password_hash,
        u1_0.role_id,
        u1_0.updated_at 
    from
        users u1_0 
    where
        u1_0.email=?
2026-02-26T15:11:40.333+03:00 DEBUG 17952 --- [           main] org.hibernate.SQL                        : 
    insert 
    into
        idea_evaluations
        (comment, created_at, evaluator_id, idea_id, status_snapshot, id) 
    values
        (?, ?, ?, ?, ?, default)
]]></system-out>
  </testcase>
  <testcase name="testMultipleEvaluations" classname="com.innovatepam.idea.controller.IdeaEvaluationControllerIntegrationTest" time="1.422">
    <system-out><![CDATA[2026-02-26T15:11:40.336+03:00 DEBUG 17952 --- [           main] org.hibernate.SQL                        : 
    select
        r1_0.id,
        r1_0.created_at,
        r1_0.name 
    from
        roles r1_0 
    where
        r1_0.id=?
2026-02-26T15:11:40.343+03:00 DEBUG 17952 --- [           main] org.hibernate.SQL                        : 
    select
        r1_0.id,
        r1_0.created_at,
        r1_0.name 
    from
        roles r1_0 
    where
        r1_0.id=?
2026-02-26T15:11:40.345+03:00 DEBUG 17952 --- [           main] org.hibernate.SQL                        : 
    select
        r1_0.id,
        r1_0.created_at,
        r1_0.name 
    from
        roles r1_0 
    where
        r1_0.id=?
2026-02-26T15:11:40.753+03:00 DEBUG 17952 --- [           main] org.hibernate.SQL                        : 
    select
        u1_0.id,
        u1_0.created_at,
        u1_0.email,
        u1_0.is_locked,
        u1_0.locked_until,
        u1_0.password_hash,
        u1_0.role_id,
        r1_0.id,
        r1_0.created_at,
        r1_0.name,
        u1_0.updated_at 
    from
        users u1_0 
    join
        roles r1_0 
            on r1_0.id=u1_0.role_id 
    where
        u1_0.id=?
2026-02-26T15:11:41.199+03:00 DEBUG 17952 --- [           main] org.hibernate.SQL                        : 
    select
        u1_0.id,
        u1_0.created_at,
        u1_0.email,
        u1_0.is_locked,
        u1_0.locked_until,
        u1_0.password_hash,
        u1_0.role_id,
        r1_0.id,
        r1_0.created_at,
        r1_0.name,
        u1_0.updated_at 
    from
        users u1_0 
    join
        roles r1_0 
            on r1_0.id=u1_0.role_id 
    where
        u1_0.id=?
2026-02-26T15:11:41.608+03:00 DEBUG 17952 --- [           main] org.hibernate.SQL                        : 
    select
        u1_0.id,
        u1_0.created_at,
        u1_0.email,
        u1_0.is_locked,
        u1_0.locked_until,
        u1_0.password_hash,
        u1_0.role_id,
        r1_0.id,
        r1_0.created_at,
        r1_0.name,
        u1_0.updated_at 
    from
        users u1_0 
    join
        roles r1_0 
            on r1_0.id=u1_0.role_id 
    where
        u1_0.id=?
2026-02-26T15:11:41.613+03:00 DEBUG 17952 --- [           main] org.hibernate.SQL                        : 
    insert 
    into
        roles
        (created_at, name, id) 
    values
        (?, ?, ?)
2026-02-26T15:11:41.614+03:00 DEBUG 17952 --- [           main] org.hibernate.SQL                        : 
    insert 
    into
        roles
        (created_at, name, id) 
    values
        (?, ?, ?)
2026-02-26T15:11:41.614+03:00 DEBUG 17952 --- [           main] org.hibernate.SQL                        : 
    insert 
    into
        roles
        (created_at, name, id) 
    values
        (?, ?, ?)
2026-02-26T15:11:41.614+03:00 DEBUG 17952 --- [           main] org.hibernate.SQL                        : 
    insert 
    into
        users
        (created_at, email, is_locked, locked_until, password_hash, role_id, updated_at, id) 
    values
        (?, ?, ?, ?, ?, ?, ?, ?)
2026-02-26T15:11:41.614+03:00 DEBUG 17952 --- [           main] org.hibernate.SQL                        : 
    insert 
    into
        users
        (created_at, email, is_locked, locked_until, password_hash, role_id, updated_at, id) 
    values
        (?, ?, ?, ?, ?, ?, ?, ?)
2026-02-26T15:11:41.614+03:00 DEBUG 17952 --- [           main] org.hibernate.SQL                        : 
    insert 
    into
        users
        (created_at, email, is_locked, locked_until, password_hash, role_id, updated_at, id) 
    values
        (?, ?, ?, ?, ?, ?, ?, ?)
2026-02-26T15:11:41.614+03:00 DEBUG 17952 --- [           main] org.hibernate.SQL                        : 
    insert 
    into
        ideas
        (category, created_at, description, status, submitter_id, title, updated_at, version, id) 
    values
        (?, ?, ?, ?, ?, ?, ?, ?, default)
2026-02-26T15:11:41.621+03:00 DEBUG 17952 --- [           main] org.hibernate.SQL                        : 
    select
        u1_0.id,
        u1_0.created_at,
        u1_0.email,
        u1_0.is_locked,
        u1_0.locked_until,
        u1_0.password_hash,
        u1_0.role_id,
        u1_0.updated_at 
    from
        users u1_0 
    where
        u1_0.email=?
2026-02-26T15:11:41.628+03:00 DEBUG 17952 --- [           main] org.hibernate.SQL                        : 
    insert 
    into
        idea_evaluations
        (comment, created_at, evaluator_id, idea_id, status_snapshot, id) 
    values
        (?, ?, ?, ?, ?, default)
2026-02-26T15:11:41.643+03:00 DEBUG 17952 --- [           main] org.hibernate.SQL                        : 
    select
        u1_0.id,
        u1_0.created_at,
        u1_0.email,
        u1_0.is_locked,
        u1_0.locked_until,
        u1_0.password_hash,
        u1_0.role_id,
        u1_0.updated_at 
    from
        users u1_0 
    where
        u1_0.email=?
2026-02-26T15:11:41.643+03:00 DEBUG 17952 --- [           main] org.hibernate.SQL                        : 
    insert 
    into
        idea_evaluations
        (comment, created_at, evaluator_id, idea_id, status_snapshot, id) 
    values
        (?, ?, ?, ?, ?, default)
2026-02-26T15:11:41.730+03:00 DEBUG 17952 --- [           main] org.hibernate.SQL                        : 
    select
        count(*) 
    from
        ideas i1_0 
    where
        i1_0.id=?
2026-02-26T15:11:41.746+03:00 DEBUG 17952 --- [           main] org.hibernate.SQL                        : 
    select
        ie1_0.id,
        ie1_0.comment,
        ie1_0.created_at,
        ie1_0.evaluator_id,
        ie1_0.idea_id,
        ie1_0.status_snapshot 
    from
        idea_evaluations ie1_0 
    left join
        ideas i1_0 
            on i1_0.id=ie1_0.idea_id 
    where
        i1_0.id=? 
    order by
        ie1_0.created_at
]]></system-out>
  </testcase>
  <testcase name="testGetEvaluationHistory" classname="com.innovatepam.idea.controller.IdeaEvaluationControllerIntegrationTest" time="1.334">
    <system-out><![CDATA[2026-02-26T15:11:41.760+03:00 DEBUG 17952 --- [           main] org.hibernate.SQL                        : 
    select
        r1_0.id,
        r1_0.created_at,
        r1_0.name 
    from
        roles r1_0 
    where
        r1_0.id=?
2026-02-26T15:11:41.760+03:00 DEBUG 17952 --- [           main] org.hibernate.SQL                        : 
    select
        r1_0.id,
        r1_0.created_at,
        r1_0.name 
    from
        roles r1_0 
    where
        r1_0.id=?
2026-02-26T15:11:41.765+03:00 DEBUG 17952 --- [           main] org.hibernate.SQL                        : 
    select
        r1_0.id,
        r1_0.created_at,
        r1_0.name 
    from
        roles r1_0 
    where
        r1_0.id=?
2026-02-26T15:11:42.182+03:00 DEBUG 17952 --- [           main] org.hibernate.SQL                        : 
    select
        u1_0.id,
        u1_0.created_at,
        u1_0.email,
        u1_0.is_locked,
        u1_0.locked_until,
        u1_0.password_hash,
        u1_0.role_id,
        r1_0.id,
        r1_0.created_at,
        r1_0.name,
        u1_0.updated_at 
    from
        users u1_0 
    join
        roles r1_0 
            on r1_0.id=u1_0.role_id 
    where
        u1_0.id=?
2026-02-26T15:11:42.609+03:00 DEBUG 17952 --- [           main] org.hibernate.SQL                        : 
    select
        u1_0.id,
        u1_0.created_at,
        u1_0.email,
        u1_0.is_locked,
        u1_0.locked_until,
        u1_0.password_hash,
        u1_0.role_id,
        r1_0.id,
        r1_0.created_at,
        r1_0.name,
        u1_0.updated_at 
    from
        users u1_0 
    join
        roles r1_0 
            on r1_0.id=u1_0.role_id 
    where
        u1_0.id=?
2026-02-26T15:11:43.070+03:00 DEBUG 17952 --- [           main] org.hibernate.SQL                        : 
    select
        u1_0.id,
        u1_0.created_at,
        u1_0.email,
        u1_0.is_locked,
        u1_0.locked_until,
        u1_0.password_hash,
        u1_0.role_id,
        r1_0.id,
        r1_0.created_at,
        r1_0.name,
        u1_0.updated_at 
    from
        users u1_0 
    join
        roles r1_0 
            on r1_0.id=u1_0.role_id 
    where
        u1_0.id=?
2026-02-26T15:11:43.072+03:00 DEBUG 17952 --- [           main] org.hibernate.SQL                        : 
    insert 
    into
        roles
        (created_at, name, id) 
    values
        (?, ?, ?)
2026-02-26T15:11:43.074+03:00 DEBUG 17952 --- [           main] org.hibernate.SQL                        : 
    insert 
    into
        roles
        (created_at, name, id) 
    values
        (?, ?, ?)
2026-02-26T15:11:43.074+03:00 DEBUG 17952 --- [           main] org.hibernate.SQL                        : 
    insert 
    into
        roles
        (created_at, name, id) 
    values
        (?, ?, ?)
2026-02-26T15:11:43.074+03:00 DEBUG 17952 --- [           main] org.hibernate.SQL                        : 
    insert 
    into
        users
        (created_at, email, is_locked, locked_until, password_hash, role_id, updated_at, id) 
    values
        (?, ?, ?, ?, ?, ?, ?, ?)
2026-02-26T15:11:43.075+03:00 DEBUG 17952 --- [           main] org.hibernate.SQL                        : 
    insert 
    into
        users
        (created_at, email, is_locked, locked_until, password_hash, role_id, updated_at, id) 
    values
        (?, ?, ?, ?, ?, ?, ?, ?)
2026-02-26T15:11:43.076+03:00 DEBUG 17952 --- [           main] org.hibernate.SQL                        : 
    insert 
    into
        users
        (created_at, email, is_locked, locked_until, password_hash, role_id, updated_at, id) 
    values
        (?, ?, ?, ?, ?, ?, ?, ?)
2026-02-26T15:11:43.076+03:00 DEBUG 17952 --- [           main] org.hibernate.SQL                        : 
    insert 
    into
        ideas
        (category, created_at, description, status, submitter_id, title, updated_at, version, id) 
    values
        (?, ?, ?, ?, ?, ?, ?, ?, default)
2026-02-26T15:11:43.083+03:00 DEBUG 17952 --- [           main] org.hibernate.SQL                        : 
    select
        count(*) 
    from
        ideas i1_0 
    where
        i1_0.id=?
2026-02-26T15:11:43.087+03:00 DEBUG 17952 --- [           main] org.hibernate.SQL                        : 
    select
        ie1_0.id,
        ie1_0.comment,
        ie1_0.created_at,
        ie1_0.evaluator_id,
        ie1_0.idea_id,
        ie1_0.status_snapshot 
    from
        idea_evaluations ie1_0 
    left join
        ideas i1_0 
            on i1_0.id=ie1_0.idea_id 
    where
        i1_0.id=? 
    order by
        ie1_0.created_at
]]></system-out>
  </testcase>
  <testcase name="testUpdateIdeaStatusWithCommentRequired" classname="com.innovatepam.idea.controller.IdeaEvaluationControllerIntegrationTest" time="1.297">
    <failure message="Status expected:&lt;409&gt; but was:&lt;400&gt;" type="java.lang.AssertionError"><![CDATA[java.lang.AssertionError: Status expected:<409> but was:<400>
	at org.springframework.test.util.AssertionErrors.fail(AssertionErrors.java:59)
	at org.springframework.test.util.AssertionErrors.assertEquals(AssertionErrors.java:122)
	at org.springframework.test.web.servlet.result.StatusResultMatchers.lambda$matcher$9(StatusResultMatchers.java:637)
	at org.springframework.test.web.servlet.MockMvc$1.andExpect(MockMvc.java:214)
	at com.innovatepam.idea.controller.IdeaEvaluationControllerIntegrationTest.testUpdateIdeaStatusWithCommentRequired(IdeaEvaluationControllerIntegrationTest.java:236)
	at java.base/java.lang.reflect.Method.invoke(Method.java:580)
	at java.base/java.util.ArrayList.forEach(ArrayList.java:1597)
	at java.base/java.util.ArrayList.forEach(ArrayList.java:1597)
]]></failure>
    <system-out><![CDATA[2026-02-26T15:11:43.097+03:00 DEBUG 17952 --- [           main] org.hibernate.SQL                        : 
    select
        r1_0.id,
        r1_0.created_at,
        r1_0.name 
    from
        roles r1_0 
    where
        r1_0.id=?
2026-02-26T15:11:43.099+03:00 DEBUG 17952 --- [           main] org.hibernate.SQL                        : 
    select
        r1_0.id,
        r1_0.created_at,
        r1_0.name 
    from
        roles r1_0 
    where
        r1_0.id=?
2026-02-26T15:11:43.100+03:00 DEBUG 17952 --- [           main] org.hibernate.SQL                        : 
    select
        r1_0.id,
        r1_0.created_at,
        r1_0.name 
    from
        roles r1_0 
    where
        r1_0.id=?
2026-02-26T15:11:43.511+03:00 DEBUG 17952 --- [           main] org.hibernate.SQL                        : 
    select
        u1_0.id,
        u1_0.created_at,
        u1_0.email,
        u1_0.is_locked,
        u1_0.locked_until,
        u1_0.password_hash,
        u1_0.role_id,
        r1_0.id,
        r1_0.created_at,
        r1_0.name,
        u1_0.updated_at 
    from
        users u1_0 
    join
        roles r1_0 
            on r1_0.id=u1_0.role_id 
    where
        u1_0.id=?
2026-02-26T15:11:43.920+03:00 DEBUG 17952 --- [           main] org.hibernate.SQL                        : 
    select
        u1_0.id,
        u1_0.created_at,
        u1_0.email,
        u1_0.is_locked,
        u1_0.locked_until,
        u1_0.password_hash,
        u1_0.role_id,
        r1_0.id,
        r1_0.created_at,
        r1_0.name,
        u1_0.updated_at 
    from
        users u1_0 
    join
        roles r1_0 
            on r1_0.id=u1_0.role_id 
    where
        u1_0.id=?
2026-02-26T15:11:44.364+03:00 DEBUG 17952 --- [           main] org.hibernate.SQL                        : 
    select
        u1_0.id,
        u1_0.created_at,
        u1_0.email,
        u1_0.is_locked,
        u1_0.locked_until,
        u1_0.password_hash,
        u1_0.role_id,
        r1_0.id,
        r1_0.created_at,
        r1_0.name,
        u1_0.updated_at 
    from
        users u1_0 
    join
        roles r1_0 
            on r1_0.id=u1_0.role_id 
    where
        u1_0.id=?
2026-02-26T15:11:44.364+03:00 DEBUG 17952 --- [           main] org.hibernate.SQL                        : 
    insert 
    into
        roles
        (created_at, name, id) 
    values
        (?, ?, ?)
2026-02-26T15:11:44.364+03:00 DEBUG 17952 --- [           main] org.hibernate.SQL                        : 
    insert 
    into
        roles
        (created_at, name, id) 
    values
        (?, ?, ?)
2026-02-26T15:11:44.364+03:00 DEBUG 17952 --- [           main] org.hibernate.SQL                        : 
    insert 
    into
        roles
        (created_at, name, id) 
    values
        (?, ?, ?)
2026-02-26T15:11:44.364+03:00 DEBUG 17952 --- [           main] org.hibernate.SQL                        : 
    insert 
    into
        users
        (created_at, email, is_locked, locked_until, password_hash, role_id, updated_at, id) 
    values
        (?, ?, ?, ?, ?, ?, ?, ?)
2026-02-26T15:11:44.364+03:00 DEBUG 17952 --- [           main] org.hibernate.SQL                        : 
    insert 
    into
        users
        (created_at, email, is_locked, locked_until, password_hash, role_id, updated_at, id) 
    values
        (?, ?, ?, ?, ?, ?, ?, ?)
2026-02-26T15:11:44.364+03:00 DEBUG 17952 --- [           main] org.hibernate.SQL                        : 
    insert 
    into
        users
        (created_at, email, is_locked, locked_until, password_hash, role_id, updated_at, id) 
    values
        (?, ?, ?, ?, ?, ?, ?, ?)
2026-02-26T15:11:44.370+03:00 DEBUG 17952 --- [           main] org.hibernate.SQL                        : 
    insert 
    into
        ideas
        (category, created_at, description, status, submitter_id, title, updated_at, version, id) 
    values
        (?, ?, ?, ?, ?, ?, ?, ?, default)
2026-02-26T15:11:44.380+03:00 DEBUG 17952 --- [           main] org.hibernate.SQL                        : 
    select
        u1_0.id,
        u1_0.created_at,
        u1_0.email,
        u1_0.is_locked,
        u1_0.locked_until,
        u1_0.password_hash,
        u1_0.role_id,
        u1_0.updated_at 
    from
        users u1_0 
    where
        u1_0.email=?

MockHttpServletRequest:
      HTTP Method = PATCH
      Request URI = /api/v1/ideas/25/status
       Parameters = {}
          Headers = [Content-Type:"application/json;charset=UTF-8", Authorization:"Bearer eyJhbGciOiJIUzI1NiJ9.eyJzdWIiOiJldmFsdWF0b3JAdGVzdC5jb20iLCJjcmVhdGVkQXQiOiIyMDI2LTAyLTI2VDE1OjExOjQzLjkyMDA3MjYwMCIsInJvbGUiOiJFVkFMVUFUT1IiLCJ1c2VySWQiOiI5MzNmMGFjOS1iNjAxLTQ1ZjAtYjU5Ni01NzIyYmMzYzgyNzAiLCJpYXQiOjE3NzIxMDc5MDMsImV4cCI6MTc3MjExMTUwM30.tCJx3TYBvcPmtux4Sts4K0JNi4Mh97Vs7_EZ8W4cnC8", Content-Length:"39"]
             Body = {"newStatus":"REJECTED","comment":null}
    Session Attrs = {}

Handler:
             Type = com.innovatepam.idea.controller.IdeaEvaluationController
           Method = com.innovatepam.idea.controller.IdeaEvaluationController#updateIdeaStatus(Long, UpdateIdeaStatusRequest, Authentication)

Async:
    Async started = false
     Async result = null

Resolved Exception:
             Type = com.innovatepam.idea.exception.InvalidStatusTransitionException

ModelAndView:
        View name = null
             View = null
            Model = null

FlashMap:
       Attributes = null

MockHttpServletResponse:
           Status = 400
    Error message = null
          Headers = [Vary:"Origin", "Access-Control-Request-Method", "Access-Control-Request-Headers", Content-Type:"application/json", X-Content-Type-Options:"nosniff", X-XSS-Protection:"0", Cache-Control:"no-cache, no-store, max-age=0, must-revalidate", Pragma:"no-cache", Expires:"0", X-Frame-Options:"DENY"]
     Content type = application/json
             Body = {"status":400,"message":"Validation failed","timestamp":"2026-02-26T15:11:44.384395400+03:00","path":"/api/v1/ideas/25/status","details":{"statusTransition":"Comment is required when accepting or rejecting an idea"}}
    Forwarded URL = null
   Redirected URL = null
          Cookies = []
]]></system-out>
  </testcase>
  <testcase name="testAddCommentToNonExistentIdea" classname="com.innovatepam.idea.controller.IdeaEvaluationControllerIntegrationTest" time="1.244">
    <system-out><![CDATA[2026-02-26T15:11:44.392+03:00 DEBUG 17952 --- [           main] org.hibernate.SQL                        : 
    select
        r1_0.id,
        r1_0.created_at,
        r1_0.name 
    from
        roles r1_0 
    where
        r1_0.id=?
2026-02-26T15:11:44.399+03:00 DEBUG 17952 --- [           main] org.hibernate.SQL                        : 
    select
        r1_0.id,
        r1_0.created_at,
        r1_0.name 
    from
        roles r1_0 
    where
        r1_0.id=?
2026-02-26T15:11:44.399+03:00 DEBUG 17952 --- [           main] org.hibernate.SQL                        : 
    select
        r1_0.id,
        r1_0.created_at,
        r1_0.name 
    from
        roles r1_0 
    where
        r1_0.id=?
2026-02-26T15:11:44.801+03:00 DEBUG 17952 --- [           main] org.hibernate.SQL                        : 
    select
        u1_0.id,
        u1_0.created_at,
        u1_0.email,
        u1_0.is_locked,
        u1_0.locked_until,
        u1_0.password_hash,
        u1_0.role_id,
        r1_0.id,
        r1_0.created_at,
        r1_0.name,
        u1_0.updated_at 
    from
        users u1_0 
    join
        roles r1_0 
            on r1_0.id=u1_0.role_id 
    where
        u1_0.id=?
2026-02-26T15:11:45.197+03:00 DEBUG 17952 --- [           main] org.hibernate.SQL                        : 
    select
        u1_0.id,
        u1_0.created_at,
        u1_0.email,
        u1_0.is_locked,
        u1_0.locked_until,
        u1_0.password_hash,
        u1_0.role_id,
        r1_0.id,
        r1_0.created_at,
        r1_0.name,
        u1_0.updated_at 
    from
        users u1_0 
    join
        roles r1_0 
            on r1_0.id=u1_0.role_id 
    where
        u1_0.id=?
2026-02-26T15:11:45.614+03:00 DEBUG 17952 --- [           main] org.hibernate.SQL                        : 
    select
        u1_0.id,
        u1_0.created_at,
        u1_0.email,
        u1_0.is_locked,
        u1_0.locked_until,
        u1_0.password_hash,
        u1_0.role_id,
        r1_0.id,
        r1_0.created_at,
        r1_0.name,
        u1_0.updated_at 
    from
        users u1_0 
    join
        roles r1_0 
            on r1_0.id=u1_0.role_id 
    where
        u1_0.id=?
2026-02-26T15:11:45.614+03:00 DEBUG 17952 --- [           main] org.hibernate.SQL                        : 
    insert 
    into
        roles
        (created_at, name, id) 
    values
        (?, ?, ?)
2026-02-26T15:11:45.614+03:00 DEBUG 17952 --- [           main] org.hibernate.SQL                        : 
    insert 
    into
        roles
        (created_at, name, id) 
    values
        (?, ?, ?)
2026-02-26T15:11:45.614+03:00 DEBUG 17952 --- [           main] org.hibernate.SQL                        : 
    insert 
    into
        roles
        (created_at, name, id) 
    values
        (?, ?, ?)
2026-02-26T15:11:45.619+03:00 DEBUG 17952 --- [           main] org.hibernate.SQL                        : 
    insert 
    into
        users
        (created_at, email, is_locked, locked_until, password_hash, role_id, updated_at, id) 
    values
        (?, ?, ?, ?, ?, ?, ?, ?)
2026-02-26T15:11:45.620+03:00 DEBUG 17952 --- [           main] org.hibernate.SQL                        : 
    insert 
    into
        users
        (created_at, email, is_locked, locked_until, password_hash, role_id, updated_at, id) 
    values
        (?, ?, ?, ?, ?, ?, ?, ?)
2026-02-26T15:11:45.620+03:00 DEBUG 17952 --- [           main] org.hibernate.SQL                        : 
    insert 
    into
        users
        (created_at, email, is_locked, locked_until, password_hash, role_id, updated_at, id) 
    values
        (?, ?, ?, ?, ?, ?, ?, ?)
2026-02-26T15:11:45.621+03:00 DEBUG 17952 --- [           main] org.hibernate.SQL                        : 
    insert 
    into
        ideas
        (category, created_at, description, status, submitter_id, title, updated_at, version, id) 
    values
        (?, ?, ?, ?, ?, ?, ?, ?, default)
2026-02-26T15:11:45.630+03:00 DEBUG 17952 --- [           main] org.hibernate.SQL                        : 
    select
        u1_0.id,
        u1_0.created_at,
        u1_0.email,
        u1_0.is_locked,
        u1_0.locked_until,
        u1_0.password_hash,
        u1_0.role_id,
        u1_0.updated_at 
    from
        users u1_0 
    where
        u1_0.email=?
2026-02-26T15:11:45.632+03:00 DEBUG 17952 --- [           main] org.hibernate.SQL                        : 
    select
        i1_0.id,
        a1_0.id,
        a1_0.created_at,
        a1_0.file_size,
        a1_0.file_type,
        a1_0.idea_id,
        a1_0.original_filename,
        a1_0.storage_location,
        a1_0.stored_filename,
        i1_0.category,
        i1_0.created_at,
        i1_0.description,
        i1_0.status,
        i1_0.submitter_id,
        s1_0.id,
        s1_0.created_at,
        s1_0.email,
        s1_0.is_locked,
        s1_0.locked_until,
        s1_0.password_hash,
        s1_0.role_id,
        r1_0.id,
        r1_0.created_at,
        r1_0.name,
        s1_0.updated_at,
        i1_0.title,
        i1_0.updated_at,
        i1_0.version 
    from
        ideas i1_0 
    left join
        idea_attachments a1_0 
            on i1_0.id=a1_0.idea_id 
    join
        users s1_0 
            on s1_0.id=i1_0.submitter_id 
    left join
        roles r1_0 
            on r1_0.id=s1_0.role_id 
    where
        i1_0.id=?
]]></system-out>
  </testcase>
  <testcase name="testUpdateIdeaStatusForbiddenForSubmitter" classname="com.innovatepam.idea.controller.IdeaEvaluationControllerIntegrationTest" time="1.252">
    <system-out><![CDATA[2026-02-26T15:11:45.639+03:00 DEBUG 17952 --- [           main] org.hibernate.SQL                        : 
    select
        r1_0.id,
        r1_0.created_at,
        r1_0.name 
    from
        roles r1_0 
    where
        r1_0.id=?
2026-02-26T15:11:45.641+03:00 DEBUG 17952 --- [           main] org.hibernate.SQL                        : 
    select
        r1_0.id,
        r1_0.created_at,
        r1_0.name 
    from
        roles r1_0 
    where
        r1_0.id=?
2026-02-26T15:11:45.642+03:00 DEBUG 17952 --- [           main] org.hibernate.SQL                        : 
    select
        r1_0.id,
        r1_0.created_at,
        r1_0.name 
    from
        roles r1_0 
    where
        r1_0.id=?
2026-02-26T15:11:46.052+03:00 DEBUG 17952 --- [           main] org.hibernate.SQL                        : 
    select
        u1_0.id,
        u1_0.created_at,
        u1_0.email,
        u1_0.is_locked,
        u1_0.locked_until,
        u1_0.password_hash,
        u1_0.role_id,
        r1_0.id,
        r1_0.created_at,
        r1_0.name,
        u1_0.updated_at 
    from
        users u1_0 
    join
        roles r1_0 
            on r1_0.id=u1_0.role_id 
    where
        u1_0.id=?
2026-02-26T15:11:46.461+03:00 DEBUG 17952 --- [           main] org.hibernate.SQL                        : 
    select
        u1_0.id,
        u1_0.created_at,
        u1_0.email,
        u1_0.is_locked,
        u1_0.locked_until,
        u1_0.password_hash,
        u1_0.role_id,
        r1_0.id,
        r1_0.created_at,
        r1_0.name,
        u1_0.updated_at 
    from
        users u1_0 
    join
        roles r1_0 
            on r1_0.id=u1_0.role_id 
    where
        u1_0.id=?
2026-02-26T15:11:46.871+03:00 DEBUG 17952 --- [           main] org.hibernate.SQL                        : 
    select
        u1_0.id,
        u1_0.created_at,
        u1_0.email,
        u1_0.is_locked,
        u1_0.locked_until,
        u1_0.password_hash,
        u1_0.role_id,
        r1_0.id,
        r1_0.created_at,
        r1_0.name,
        u1_0.updated_at 
    from
        users u1_0 
    join
        roles r1_0 
            on r1_0.id=u1_0.role_id 
    where
        u1_0.id=?
2026-02-26T15:11:46.871+03:00 DEBUG 17952 --- [           main] org.hibernate.SQL                        : 
    insert 
    into
        roles
        (created_at, name, id) 
    values
        (?, ?, ?)
2026-02-26T15:11:46.871+03:00 DEBUG 17952 --- [           main] org.hibernate.SQL                        : 
    insert 
    into
        roles
        (created_at, name, id) 
    values
        (?, ?, ?)
2026-02-26T15:11:46.871+03:00 DEBUG 17952 --- [           main] org.hibernate.SQL                        : 
    insert 
    into
        roles
        (created_at, name, id) 
    values
        (?, ?, ?)
2026-02-26T15:11:46.871+03:00 DEBUG 17952 --- [           main] org.hibernate.SQL                        : 
    insert 
    into
        users
        (created_at, email, is_locked, locked_until, password_hash, role_id, updated_at, id) 
    values
        (?, ?, ?, ?, ?, ?, ?, ?)
2026-02-26T15:11:46.877+03:00 DEBUG 17952 --- [           main] org.hibernate.SQL                        : 
    insert 
    into
        users
        (created_at, email, is_locked, locked_until, password_hash, role_id, updated_at, id) 
    values
        (?, ?, ?, ?, ?, ?, ?, ?)
2026-02-26T15:11:46.877+03:00 DEBUG 17952 --- [           main] org.hibernate.SQL                        : 
    insert 
    into
        users
        (created_at, email, is_locked, locked_until, password_hash, role_id, updated_at, id) 
    values
        (?, ?, ?, ?, ?, ?, ?, ?)
2026-02-26T15:11:46.878+03:00 DEBUG 17952 --- [           main] org.hibernate.SQL                        : 
    insert 
    into
        ideas
        (category, created_at, description, status, submitter_id, title, updated_at, version, id) 
    values
        (?, ?, ?, ?, ?, ?, ?, ?, default)
]]></system-out>
  </testcase>
  <testcase name="testGetEvaluationHistoryForNonExistentIdea" classname="com.innovatepam.idea.controller.IdeaEvaluationControllerIntegrationTest" time="1.285">
    <system-out><![CDATA[2026-02-26T15:11:46.892+03:00 DEBUG 17952 --- [           main] org.hibernate.SQL                        : 
    select
        r1_0.id,
        r1_0.created_at,
        r1_0.name 
    from
        roles r1_0 
    where
        r1_0.id=?
2026-02-26T15:11:46.892+03:00 DEBUG 17952 --- [           main] org.hibernate.SQL                        : 
    select
        r1_0.id,
        r1_0.created_at,
        r1_0.name 
    from
        roles r1_0 
    where
        r1_0.id=?
2026-02-26T15:11:46.892+03:00 DEBUG 17952 --- [           main] org.hibernate.SQL                        : 
    select
        r1_0.id,
        r1_0.created_at,
        r1_0.name 
    from
        roles r1_0 
    where
        r1_0.id=?
2026-02-26T15:11:47.301+03:00 DEBUG 17952 --- [           main] org.hibernate.SQL                        : 
    select
        u1_0.id,
        u1_0.created_at,
        u1_0.email,
        u1_0.is_locked,
        u1_0.locked_until,
        u1_0.password_hash,
        u1_0.role_id,
        r1_0.id,
        r1_0.created_at,
        r1_0.name,
        u1_0.updated_at 
    from
        users u1_0 
    join
        roles r1_0 
            on r1_0.id=u1_0.role_id 
    where
        u1_0.id=?
2026-02-26T15:11:47.725+03:00 DEBUG 17952 --- [           main] org.hibernate.SQL                        : 
    select
        u1_0.id,
        u1_0.created_at,
        u1_0.email,
        u1_0.is_locked,
        u1_0.locked_until,
        u1_0.password_hash,
        u1_0.role_id,
        r1_0.id,
        r1_0.created_at,
        r1_0.name,
        u1_0.updated_at 
    from
        users u1_0 
    join
        roles r1_0 
            on r1_0.id=u1_0.role_id 
    where
        u1_0.id=?
2026-02-26T15:11:48.156+03:00 DEBUG 17952 --- [           main] org.hibernate.SQL                        : 
    select
        u1_0.id,
        u1_0.created_at,
        u1_0.email,
        u1_0.is_locked,
        u1_0.locked_until,
        u1_0.password_hash,
        u1_0.role_id,
        r1_0.id,
        r1_0.created_at,
        r1_0.name,
        u1_0.updated_at 
    from
        users u1_0 
    join
        roles r1_0 
            on r1_0.id=u1_0.role_id 
    where
        u1_0.id=?
2026-02-26T15:11:48.156+03:00 DEBUG 17952 --- [           main] org.hibernate.SQL                        : 
    insert 
    into
        roles
        (created_at, name, id) 
    values
        (?, ?, ?)
2026-02-26T15:11:48.156+03:00 DEBUG 17952 --- [           main] org.hibernate.SQL                        : 
    insert 
    into
        roles
        (created_at, name, id) 
    values
        (?, ?, ?)
2026-02-26T15:11:48.156+03:00 DEBUG 17952 --- [           main] org.hibernate.SQL                        : 
    insert 
    into
        roles
        (created_at, name, id) 
    values
        (?, ?, ?)
2026-02-26T15:11:48.156+03:00 DEBUG 17952 --- [           main] org.hibernate.SQL                        : 
    insert 
    into
        users
        (created_at, email, is_locked, locked_until, password_hash, role_id, updated_at, id) 
    values
        (?, ?, ?, ?, ?, ?, ?, ?)
2026-02-26T15:11:48.156+03:00 DEBUG 17952 --- [           main] org.hibernate.SQL                        : 
    insert 
    into
        users
        (created_at, email, is_locked, locked_until, password_hash, role_id, updated_at, id) 
    values
        (?, ?, ?, ?, ?, ?, ?, ?)
2026-02-26T15:11:48.156+03:00 DEBUG 17952 --- [           main] org.hibernate.SQL                        : 
    insert 
    into
        users
        (created_at, email, is_locked, locked_until, password_hash, role_id, updated_at, id) 
    values
        (?, ?, ?, ?, ?, ?, ?, ?)
2026-02-26T15:11:48.162+03:00 DEBUG 17952 --- [           main] org.hibernate.SQL                        : 
    insert 
    into
        ideas
        (category, created_at, description, status, submitter_id, title, updated_at, version, id) 
    values
        (?, ?, ?, ?, ?, ?, ?, ?, default)
2026-02-26T15:11:48.170+03:00 DEBUG 17952 --- [           main] org.hibernate.SQL                        : 
    select
        count(*) 
    from
        ideas i1_0 
    where
        i1_0.id=?
]]></system-out>
  </testcase>
  <testcase name="testUpdateIdeaStatusByEvaluator" classname="com.innovatepam.idea.controller.IdeaEvaluationControllerIntegrationTest" time="1.264">
    <system-out><![CDATA[2026-02-26T15:11:48.179+03:00 DEBUG 17952 --- [           main] org.hibernate.SQL                        : 
    select
        r1_0.id,
        r1_0.created_at,
        r1_0.name 
    from
        roles r1_0 
    where
        r1_0.id=?
2026-02-26T15:11:48.180+03:00 DEBUG 17952 --- [           main] org.hibernate.SQL                        : 
    select
        r1_0.id,
        r1_0.created_at,
        r1_0.name 
    from
        roles r1_0 
    where
        r1_0.id=?
2026-02-26T15:11:48.181+03:00 DEBUG 17952 --- [           main] org.hibernate.SQL                        : 
    select
        r1_0.id,
        r1_0.created_at,
        r1_0.name 
    from
        roles r1_0 
    where
        r1_0.id=?
2026-02-26T15:11:48.587+03:00 DEBUG 17952 --- [           main] org.hibernate.SQL                        : 
    select
        u1_0.id,
        u1_0.created_at,
        u1_0.email,
        u1_0.is_locked,
        u1_0.locked_until,
        u1_0.password_hash,
        u1_0.role_id,
        r1_0.id,
        r1_0.created_at,
        r1_0.name,
        u1_0.updated_at 
    from
        users u1_0 
    join
        roles r1_0 
            on r1_0.id=u1_0.role_id 
    where
        u1_0.id=?
2026-02-26T15:11:49.004+03:00 DEBUG 17952 --- [           main] org.hibernate.SQL                        : 
    select
        u1_0.id,
        u1_0.created_at,
        u1_0.email,
        u1_0.is_locked,
        u1_0.locked_until,
        u1_0.password_hash,
        u1_0.role_id,
        r1_0.id,
        r1_0.created_at,
        r1_0.name,
        u1_0.updated_at 
    from
        users u1_0 
    join
        roles r1_0 
            on r1_0.id=u1_0.role_id 
    where
        u1_0.id=?
2026-02-26T15:11:49.412+03:00 DEBUG 17952 --- [           main] org.hibernate.SQL                        : 
    select
        u1_0.id,
        u1_0.created_at,
        u1_0.email,
        u1_0.is_locked,
        u1_0.locked_until,
        u1_0.password_hash,
        u1_0.role_id,
        r1_0.id,
        r1_0.created_at,
        r1_0.name,
        u1_0.updated_at 
    from
        users u1_0 
    join
        roles r1_0 
            on r1_0.id=u1_0.role_id 
    where
        u1_0.id=?
2026-02-26T15:11:49.419+03:00 DEBUG 17952 --- [           main] org.hibernate.SQL                        : 
    insert 
    into
        roles
        (created_at, name, id) 
    values
        (?, ?, ?)
2026-02-26T15:11:49.419+03:00 DEBUG 17952 --- [           main] org.hibernate.SQL                        : 
    insert 
    into
        roles
        (created_at, name, id) 
    values
        (?, ?, ?)
2026-02-26T15:11:49.419+03:00 DEBUG 17952 --- [           main] org.hibernate.SQL                        : 
    insert 
    into
        roles
        (created_at, name, id) 
    values
        (?, ?, ?)
2026-02-26T15:11:49.419+03:00 DEBUG 17952 --- [           main] org.hibernate.SQL                        : 
    insert 
    into
        users
        (created_at, email, is_locked, locked_until, password_hash, role_id, updated_at, id) 
    values
        (?, ?, ?, ?, ?, ?, ?, ?)
2026-02-26T15:11:49.419+03:00 DEBUG 17952 --- [           main] org.hibernate.SQL                        : 
    insert 
    into
        users
        (created_at, email, is_locked, locked_until, password_hash, role_id, updated_at, id) 
    values
        (?, ?, ?, ?, ?, ?, ?, ?)
2026-02-26T15:11:49.419+03:00 DEBUG 17952 --- [           main] org.hibernate.SQL                        : 
    insert 
    into
        users
        (created_at, email, is_locked, locked_until, password_hash, role_id, updated_at, id) 
    values
        (?, ?, ?, ?, ?, ?, ?, ?)
2026-02-26T15:11:49.419+03:00 DEBUG 17952 --- [           main] org.hibernate.SQL                        : 
    insert 
    into
        ideas
        (category, created_at, description, status, submitter_id, title, updated_at, version, id) 
    values
        (?, ?, ?, ?, ?, ?, ?, ?, default)
2026-02-26T15:11:49.432+03:00 DEBUG 17952 --- [           main] org.hibernate.SQL                        : 
    select
        u1_0.id,
        u1_0.created_at,
        u1_0.email,
        u1_0.is_locked,
        u1_0.locked_until,
        u1_0.password_hash,
        u1_0.role_id,
        u1_0.updated_at 
    from
        users u1_0 
    where
        u1_0.email=?
2026-02-26T15:11:49.435+03:00 DEBUG 17952 --- [           main] org.hibernate.SQL                        : 
    insert 
    into
        idea_evaluations
        (comment, created_at, evaluator_id, idea_id, status_snapshot, id) 
    values
        (?, ?, ?, ?, ?, default)
]]></system-out>
  </testcase>
  <testcase name="testAddCommentForbiddenForSubmitter" classname="com.innovatepam.idea.controller.IdeaEvaluationControllerIntegrationTest" time="1.272">
    <system-out><![CDATA[2026-02-26T15:11:49.447+03:00 DEBUG 17952 --- [           main] org.hibernate.SQL                        : 
    select
        r1_0.id,
        r1_0.created_at,
        r1_0.name 
    from
        roles r1_0 
    where
        r1_0.id=?
2026-02-26T15:11:49.449+03:00 DEBUG 17952 --- [           main] org.hibernate.SQL                        : 
    select
        r1_0.id,
        r1_0.created_at,
        r1_0.name 
    from
        roles r1_0 
    where
        r1_0.id=?
2026-02-26T15:11:49.449+03:00 DEBUG 17952 --- [           main] org.hibernate.SQL                        : 
    select
        r1_0.id,
        r1_0.created_at,
        r1_0.name 
    from
        roles r1_0 
    where
        r1_0.id=?
2026-02-26T15:11:49.864+03:00 DEBUG 17952 --- [           main] org.hibernate.SQL                        : 
    select
        u1_0.id,
        u1_0.created_at,
        u1_0.email,
        u1_0.is_locked,
        u1_0.locked_until,
        u1_0.password_hash,
        u1_0.role_id,
        r1_0.id,
        r1_0.created_at,
        r1_0.name,
        u1_0.updated_at 
    from
        users u1_0 
    join
        roles r1_0 
            on r1_0.id=u1_0.role_id 
    where
        u1_0.id=?
2026-02-26T15:11:50.280+03:00 DEBUG 17952 --- [           main] org.hibernate.SQL                        : 
    select
        u1_0.id,
        u1_0.created_at,
        u1_0.email,
        u1_0.is_locked,
        u1_0.locked_until,
        u1_0.password_hash,
        u1_0.role_id,
        r1_0.id,
        r1_0.created_at,
        r1_0.name,
        u1_0.updated_at 
    from
        users u1_0 
    join
        roles r1_0 
            on r1_0.id=u1_0.role_id 
    where
        u1_0.id=?
2026-02-26T15:11:50.697+03:00 DEBUG 17952 --- [           main] org.hibernate.SQL                        : 
    select
        u1_0.id,
        u1_0.created_at,
        u1_0.email,
        u1_0.is_locked,
        u1_0.locked_until,
        u1_0.password_hash,
        u1_0.role_id,
        r1_0.id,
        r1_0.created_at,
        r1_0.name,
        u1_0.updated_at 
    from
        users u1_0 
    join
        roles r1_0 
            on r1_0.id=u1_0.role_id 
    where
        u1_0.id=?
2026-02-26T15:11:50.697+03:00 DEBUG 17952 --- [           main] org.hibernate.SQL                        : 
    insert 
    into
        roles
        (created_at, name, id) 
    values
        (?, ?, ?)
2026-02-26T15:11:50.702+03:00 DEBUG 17952 --- [           main] org.hibernate.SQL                        : 
    insert 
    into
        roles
        (created_at, name, id) 
    values
        (?, ?, ?)
2026-02-26T15:11:50.702+03:00 DEBUG 17952 --- [           main] org.hibernate.SQL                        : 
    insert 
    into
        roles
        (created_at, name, id) 
    values
        (?, ?, ?)
2026-02-26T15:11:50.702+03:00 DEBUG 17952 --- [           main] org.hibernate.SQL                        : 
    insert 
    into
        users
        (created_at, email, is_locked, locked_until, password_hash, role_id, updated_at, id) 
    values
        (?, ?, ?, ?, ?, ?, ?, ?)
2026-02-26T15:11:50.702+03:00 DEBUG 17952 --- [           main] org.hibernate.SQL                        : 
    insert 
    into
        users
        (created_at, email, is_locked, locked_until, password_hash, role_id, updated_at, id) 
    values
        (?, ?, ?, ?, ?, ?, ?, ?)
2026-02-26T15:11:50.703+03:00 DEBUG 17952 --- [           main] org.hibernate.SQL                        : 
    insert 
    into
        users
        (created_at, email, is_locked, locked_until, password_hash, role_id, updated_at, id) 
    values
        (?, ?, ?, ?, ?, ?, ?, ?)
2026-02-26T15:11:50.704+03:00 DEBUG 17952 --- [           main] org.hibernate.SQL                        : 
    insert 
    into
        ideas
        (category, created_at, description, status, submitter_id, title, updated_at, version, id) 
    values
        (?, ?, ?, ?, ?, ?, ?, ?, default)
]]></system-out>
  </testcase>
  <testcase name="testCompleteEvaluationWorkflow" classname="com.innovatepam.idea.controller.IdeaEvaluationControllerIntegrationTest" time="1.379">
    <system-out><![CDATA[2026-02-26T15:11:50.718+03:00 DEBUG 17952 --- [           main] org.hibernate.SQL                        : 
    select
        r1_0.id,
        r1_0.created_at,
        r1_0.name 
    from
        roles r1_0 
    where
        r1_0.id=?
2026-02-26T15:11:50.718+03:00 DEBUG 17952 --- [           main] org.hibernate.SQL                        : 
    select
        r1_0.id,
        r1_0.created_at,
        r1_0.name 
    from
        roles r1_0 
    where
        r1_0.id=?
2026-02-26T15:11:50.718+03:00 DEBUG 17952 --- [           main] org.hibernate.SQL                        : 
    select
        r1_0.id,
        r1_0.created_at,
        r1_0.name 
    from
        roles r1_0 
    where
        r1_0.id=?
2026-02-26T15:11:51.149+03:00 DEBUG 17952 --- [           main] org.hibernate.SQL                        : 
    select
        u1_0.id,
        u1_0.created_at,
        u1_0.email,
        u1_0.is_locked,
        u1_0.locked_until,
        u1_0.password_hash,
        u1_0.role_id,
        r1_0.id,
        r1_0.created_at,
        r1_0.name,
        u1_0.updated_at 
    from
        users u1_0 
    join
        roles r1_0 
            on r1_0.id=u1_0.role_id 
    where
        u1_0.id=?
2026-02-26T15:11:51.571+03:00 DEBUG 17952 --- [           main] org.hibernate.SQL                        : 
    select
        u1_0.id,
        u1_0.created_at,
        u1_0.email,
        u1_0.is_locked,
        u1_0.locked_until,
        u1_0.password_hash,
        u1_0.role_id,
        r1_0.id,
        r1_0.created_at,
        r1_0.name,
        u1_0.updated_at 
    from
        users u1_0 
    join
        roles r1_0 
            on r1_0.id=u1_0.role_id 
    where
        u1_0.id=?
2026-02-26T15:11:51.995+03:00 DEBUG 17952 --- [           main] org.hibernate.SQL                        : 
    select
        u1_0.id,
        u1_0.created_at,
        u1_0.email,
        u1_0.is_locked,
        u1_0.locked_until,
        u1_0.password_hash,
        u1_0.role_id,
        r1_0.id,
        r1_0.created_at,
        r1_0.name,
        u1_0.updated_at 
    from
        users u1_0 
    join
        roles r1_0 
            on r1_0.id=u1_0.role_id 
    where
        u1_0.id=?
2026-02-26T15:11:52.000+03:00 DEBUG 17952 --- [           main] org.hibernate.SQL                        : 
    insert 
    into
        roles
        (created_at, name, id) 
    values
        (?, ?, ?)
2026-02-26T15:11:52.002+03:00 DEBUG 17952 --- [           main] org.hibernate.SQL                        : 
    insert 
    into
        roles
        (created_at, name, id) 
    values
        (?, ?, ?)
2026-02-26T15:11:52.003+03:00 DEBUG 17952 --- [           main] org.hibernate.SQL                        : 
    insert 
    into
        roles
        (created_at, name, id) 
    values
        (?, ?, ?)
2026-02-26T15:11:52.003+03:00 DEBUG 17952 --- [           main] org.hibernate.SQL                        : 
    insert 
    into
        users
        (created_at, email, is_locked, locked_until, password_hash, role_id, updated_at, id) 
    values
        (?, ?, ?, ?, ?, ?, ?, ?)
2026-02-26T15:11:52.003+03:00 DEBUG 17952 --- [           main] org.hibernate.SQL                        : 
    insert 
    into
        users
        (created_at, email, is_locked, locked_until, password_hash, role_id, updated_at, id) 
    values
        (?, ?, ?, ?, ?, ?, ?, ?)
2026-02-26T15:11:52.003+03:00 DEBUG 17952 --- [           main] org.hibernate.SQL                        : 
    insert 
    into
        users
        (created_at, email, is_locked, locked_until, password_hash, role_id, updated_at, id) 
    values
        (?, ?, ?, ?, ?, ?, ?, ?)
2026-02-26T15:11:52.003+03:00 DEBUG 17952 --- [           main] org.hibernate.SQL                        : 
    insert 
    into
        ideas
        (category, created_at, description, status, submitter_id, title, updated_at, version, id) 
    values
        (?, ?, ?, ?, ?, ?, ?, ?, default)
2026-02-26T15:11:52.019+03:00 DEBUG 17952 --- [           main] org.hibernate.SQL                        : 
    select
        u1_0.id,
        u1_0.created_at,
        u1_0.email,
        u1_0.is_locked,
        u1_0.locked_until,
        u1_0.password_hash,
        u1_0.role_id,
        u1_0.updated_at 
    from
        users u1_0 
    where
        u1_0.email=?
2026-02-26T15:11:52.023+03:00 DEBUG 17952 --- [           main] org.hibernate.SQL                        : 
    insert 
    into
        idea_evaluations
        (comment, created_at, evaluator_id, idea_id, status_snapshot, id) 
    values
        (?, ?, ?, ?, ?, default)
2026-02-26T15:11:52.034+03:00 DEBUG 17952 --- [           main] org.hibernate.SQL                        : 
    select
        u1_0.id,
        u1_0.created_at,
        u1_0.email,
        u1_0.is_locked,
        u1_0.locked_until,
        u1_0.password_hash,
        u1_0.role_id,
        u1_0.updated_at 
    from
        users u1_0 
    where
        u1_0.email=?
2026-02-26T15:11:52.036+03:00 DEBUG 17952 --- [           main] org.hibernate.SQL                        : 
    insert 
    into
        idea_evaluations
        (comment, created_at, evaluator_id, idea_id, status_snapshot, id) 
    values
        (?, ?, ?, ?, ?, default)
2026-02-26T15:11:52.051+03:00 DEBUG 17952 --- [           main] org.hibernate.SQL                        : 
    select
        u1_0.id,
        u1_0.created_at,
        u1_0.email,
        u1_0.is_locked,
        u1_0.locked_until,
        u1_0.password_hash,
        u1_0.role_id,
        u1_0.updated_at 
    from
        users u1_0 
    where
        u1_0.email=?
2026-02-26T15:11:52.051+03:00 DEBUG 17952 --- [           main] org.hibernate.SQL                        : 
    insert 
    into
        idea_evaluations
        (comment, created_at, evaluator_id, idea_id, status_snapshot, id) 
    values
        (?, ?, ?, ?, ?, default)
2026-02-26T15:11:52.074+03:00 DEBUG 17952 --- [           main] org.hibernate.SQL                        : 
    update
        ideas 
    set
        category=?,
        created_at=?,
        description=?,
        status=?,
        submitter_id=?,
        title=?,
        updated_at=?,
        version=? 
    where
        id=? 
        and version=?
2026-02-26T15:11:52.085+03:00 DEBUG 17952 --- [           main] org.hibernate.SQL                        : 
    select
        count(*) 
    from
        ideas i1_0 
    where
        i1_0.id=?
2026-02-26T15:11:52.090+03:00 DEBUG 17952 --- [           main] org.hibernate.SQL                        : 
    select
        ie1_0.id,
        ie1_0.comment,
        ie1_0.created_at,
        ie1_0.evaluator_id,
        ie1_0.idea_id,
        ie1_0.status_snapshot 
    from
        idea_evaluations ie1_0 
    left join
        ideas i1_0 
            on i1_0.id=ie1_0.idea_id 
    where
        i1_0.id=? 
    order by
        ie1_0.created_at
]]></system-out>
  </testcase>
</testsuite>