<?xml version="1.0" encoding="UTF-8"?>
<testsuite xmlns:xsi="http://www.w3.org/2001/XMLSchema-instance" xsi:noNamespaceSchemaLocation="https://maven.apache.org/surefire/maven-surefire-plugin/xsd/surefire-test-report-3.0.xsd" version="3.0" name="com.innovatepam.idea.repository.IdeaRepositoryIntegrationTest" time="6.072" tests="7" errors="0" skipped="0" failures="0">
  <properties>
[...]
</properties>
  <testcase name="testFindBySubmitterId" classname="com.innovatepam.idea.repository.IdeaRepositoryIntegrationTest" time="0.073">
    <system-out><![CDATA[2026-02-26T04:44:43.781+03:00  INFO 23776 --- [           main] tc.postgres:15-alpine                    : Creating container for image: postgres:15-alpine
2026-02-26T04:44:43.933+03:00  INFO 23776 --- [           main] tc.postgres:15-alpine                    : Container postgres:15-alpine is starting: 31377543e77a0f3c46debf036163638ea81e72ed0f6df31b45b04d4c4a9bf091
2026-02-26T04:44:46.460+03:00  INFO 23776 --- [           main] tc.postgres:15-alpine                    : Container postgres:15-alpine started in PT2.6790313S
2026-02-26T04:44:46.460+03:00  INFO 23776 --- [           main] tc.postgres:15-alpine                    : Container is started (JDBC URL: jdbc:postgresql://localhost:49672/testdb?loggerLevel=OFF)

  .   ____          _            __ _ _
 /\\ / ___'_ __ _ _(_)_ __  __ _ \ \ \ \
( ( )\___ | '_ | '_| | '_ \/ _` | \ \ \ \
 \\/  ___)| |_)| | | | | || (_| |  ) ) ) )
  '  |____| .__|_| |_|_| |_\__, | / / / /
 =========|_|==============|___/=/_/_/_/
 :: Spring Boot ::                (v3.2.2)

2026-02-26T04:44:46.490+03:00  INFO 23776 --- [           main] c.i.i.r.IdeaRepositoryIntegrationTest    : Starting IdeaRepositoryIntegrationTest using Java 23 with PID 23776 (started by osman in C:\Users\osman\OneDrive\Masaüstü\InnovatEPAM\backend)
2026-02-26T04:44:46.491+03:00  INFO 23776 --- [           main] c.i.i.r.IdeaRepositoryIntegrationTest    : No active profile set, falling back to 1 default profile: "default"
2026-02-26T04:44:46.780+03:00  INFO 23776 --- [           main] .s.d.r.c.RepositoryConfigurationDelegate : Bootstrapping Spring Data JPA repositories in DEFAULT mode.
2026-02-26T04:44:46.792+03:00  INFO 23776 --- [           main] .s.d.r.c.RepositoryConfigurationDelegate : Finished Spring Data repository scanning in 19 ms. Found 6 JPA repository interfaces.
2026-02-26T04:44:47.030+03:00  INFO 23776 --- [           main] com.zaxxer.hikari.HikariDataSource       : HikariPool-4 - Starting...
2026-02-26T04:44:47.063+03:00  INFO 23776 --- [           main] com.zaxxer.hikari.pool.HikariPool        : HikariPool-4 - Added connection org.postgresql.jdbc.PgConnection@71d40a71
2026-02-26T04:44:47.063+03:00  INFO 23776 --- [           main] com.zaxxer.hikari.HikariDataSource       : HikariPool-4 - Start completed.
2026-02-26T04:44:47.079+03:00  INFO 23776 --- [           main] org.flywaydb.core.FlywayExecutor         : Database: jdbc:postgresql://localhost:49672/testdb (PostgreSQL 15.16)
2026-02-26T04:44:47.108+03:00  INFO 23776 --- [           main] o.f.c.i.s.JdbcTableSchemaHistory         : Schema history table "public"."flyway_schema_history" does not exist yet
2026-02-26T04:44:47.110+03:00  INFO 23776 --- [           main] o.f.core.internal.command.DbValidate     : Successfully validated 6 migrations (execution time 00:00.015s)
2026-02-26T04:44:47.131+03:00  INFO 23776 --- [           main] o.f.c.i.s.JdbcTableSchemaHistory         : Creating Schema History table "public"."flyway_schema_history" ...
2026-02-26T04:44:47.180+03:00  INFO 23776 --- [           main] o.f.core.internal.command.DbMigrate      : Current version of schema "public": << Empty Schema >>
2026-02-26T04:44:47.186+03:00  INFO 23776 --- [           main] o.f.core.internal.command.DbMigrate      : Migrating schema "public" to version "1 - create roles table"
2026-02-26T04:44:47.227+03:00  INFO 23776 --- [           main] o.f.core.internal.command.DbMigrate      : Migrating schema "public" to version "2 - create users table"
2026-02-26T04:44:47.266+03:00  INFO 23776 --- [           main] o.f.core.internal.command.DbMigrate      : Migrating schema "public" to version "3 - create authentication attempts table"
2026-02-26T04:44:47.296+03:00  INFO 23776 --- [           main] o.f.core.internal.command.DbMigrate      : Migrating schema "public" to version "4 - create ideas table"
2026-02-26T04:44:47.340+03:00  INFO 23776 --- [           main] o.f.core.internal.command.DbMigrate      : Migrating schema "public" to version "5 - create idea evaluations table"
2026-02-26T04:44:47.381+03:00  INFO 23776 --- [           main] o.f.core.internal.command.DbMigrate      : Migrating schema "public" to version "6 - create idea attachments table"
2026-02-26T04:44:47.412+03:00  INFO 23776 --- [           main] o.f.core.internal.command.DbMigrate      : Successfully applied 6 migrations to schema "public", now at version v6 (execution time 00:00.114s)
2026-02-26T04:44:47.471+03:00  INFO 23776 --- [           main] o.hibernate.jpa.internal.util.LogHelper  : HHH000204: Processing PersistenceUnitInfo [name: default]
2026-02-26T04:44:47.476+03:00  INFO 23776 --- [           main] o.h.c.internal.RegionFactoryInitiator    : HHH000026: Second-level cache disabled
2026-02-26T04:44:47.484+03:00  INFO 23776 --- [           main] o.s.o.j.p.SpringPersistenceUnitInfo      : No LoadTimeWeaver setup: ignoring JPA class transformer
2026-02-26T04:44:47.683+03:00  INFO 23776 --- [           main] o.h.e.t.j.p.i.JtaPlatformInitiator       : HHH000489: No JTA platform available (set 'hibernate.transaction.jta.platform' to enable JTA platform integration)
2026-02-26T04:44:47.712+03:00  INFO 23776 --- [           main] j.LocalContainerEntityManagerFactoryBean : Initialized JPA EntityManagerFactory for persistence unit 'default'
2026-02-26T04:44:48.001+03:00  WARN 23776 --- [           main] .s.s.UserDetailsServiceAutoConfiguration : 

Using generated security password: fe8cb873-bbeb-4dce-9816-d84bbff72630

This generated password is for development use only. Your security configuration must be updated before running your application in production.

2026-02-26T04:44:48.272+03:00  INFO 23776 --- [           main] o.s.b.a.e.web.EndpointLinksResolver      : Exposing 2 endpoint(s) beneath base path '/actuator'
2026-02-26T04:44:48.347+03:00  INFO 23776 --- [           main] o.s.s.web.DefaultSecurityFilterChain     : Will secure any request with [org.springframework.security.web.session.DisableEncodeUrlFilter@4c77c019, org.springframework.security.web.context.request.async.WebAsyncManagerIntegrationFilter@444796e9, org.springframework.security.web.context.SecurityContextHolderFilter@1e5779a5, org.springframework.security.web.header.HeaderWriterFilter@4fdad1f9, org.springframework.web.filter.CorsFilter@6c08a0d6, org.springframework.security.web.authentication.logout.LogoutFilter@724750ea, com.innovatepam.auth.security.JwtAuthenticationFilter@7df413d2, org.springframework.security.web.savedrequest.RequestCacheAwareFilter@728a0b37, org.springframework.security.web.servletapi.SecurityContextHolderAwareRequestFilter@575357d8, org.springframework.security.web.authentication.AnonymousAuthenticationFilter@725c1d96, org.springframework.security.web.session.SessionManagementFilter@119f6951, org.springframework.security.web.access.ExceptionTranslationFilter@5001d850, org.springframework.security.web.access.intercept.AuthorizationFilter@9c03f09]
2026-02-26T04:44:48.736+03:00  INFO 23776 --- [           main] c.i.i.r.IdeaRepositoryIntegrationTest    : Started IdeaRepositoryIntegrationTest in 2.273 seconds (process running for 72.048)
2026-02-26T04:44:48.761+03:00 DEBUG 23776 --- [           main] org.hibernate.SQL                        : 
    select
        r1_0.id,
        r1_0.created_at,
        r1_0.name 
    from
        roles r1_0 
    where
        r1_0.id=?
2026-02-26T04:44:48.771+03:00 DEBUG 23776 --- [           main] org.hibernate.SQL                        : 
    select
        u1_0.id,
        u1_0.created_at,
        u1_0.email,
        u1_0.is_locked,
        u1_0.locked_until,
        u1_0.password_hash,
        u1_0.role_id,
        r1_0.id,
        r1_0.created_at,
        r1_0.name,
        u1_0.updated_at 
    from
        users u1_0 
    join
        roles r1_0 
            on r1_0.id=u1_0.role_id 
    where
        u1_0.id=?
2026-02-26T04:44:48.779+03:00 DEBUG 23776 --- [           main] org.hibernate.SQL                        : 
    insert 
    into
        roles
        (created_at, name, id) 
    values
        (?, ?, ?)
2026-02-26T04:44:48.783+03:00 DEBUG 23776 --- [           main] org.hibernate.SQL                        : 
    insert 
    into
        users
        (created_at, email, is_locked, locked_until, password_hash, role_id, updated_at, id) 
    values
        (?, ?, ?, ?, ?, ?, ?, ?)
2026-02-26T04:44:48.790+03:00 DEBUG 23776 --- [           main] org.hibernate.SQL                        : 
    insert 
    into
        ideas
        (category, created_at, description, status, submitter_id, title, updated_at, version) 
    values
        (?, ?, ?, ?, ?, ?, ?, ?)
2026-02-26T04:44:48.797+03:00 DEBUG 23776 --- [           main] org.hibernate.SQL                        : 
    insert 
    into
        ideas
        (category, created_at, description, status, submitter_id, title, updated_at, version) 
    values
        (?, ?, ?, ?, ?, ?, ?, ?)
2026-02-26T04:44:48.806+03:00 DEBUG 23776 --- [           main] org.hibernate.SQL                        : 
    select
        i1_0.id,
        i1_0.category,
        i1_0.created_at,
        i1_0.description,
        i1_0.status,
        i1_0.submitter_id,
        i1_0.title,
        i1_0.updated_at,
        i1_0.version 
    from
        ideas i1_0 
    left join
        users s1_0 
            on s1_0.id=i1_0.submitter_id 
    where
        s1_0.id=? 
    offset
        ? rows 
    fetch
        first ? rows only
]]></system-out>
  </testcase>
  <testcase name="testFindByStatus" classname="com.innovatepam.idea.repository.IdeaRepositoryIntegrationTest" time="0.042">
    <system-out><![CDATA[2026-02-26T04:44:48.819+03:00 DEBUG 23776 --- [           main] org.hibernate.SQL                        : 
    select
        r1_0.id,
        r1_0.created_at,
        r1_0.name 
    from
        roles r1_0 
    where
        r1_0.id=?
2026-02-26T04:44:48.823+03:00 DEBUG 23776 --- [           main] org.hibernate.SQL                        : 
    select
        u1_0.id,
        u1_0.created_at,
        u1_0.email,
        u1_0.is_locked,
        u1_0.locked_until,
        u1_0.password_hash,
        u1_0.role_id,
        r1_0.id,
        r1_0.created_at,
        r1_0.name,
        u1_0.updated_at 
    from
        users u1_0 
    join
        roles r1_0 
            on r1_0.id=u1_0.role_id 
    where
        u1_0.id=?
2026-02-26T04:44:48.827+03:00 DEBUG 23776 --- [           main] org.hibernate.SQL                        : 
    insert 
    into
        roles
        (created_at, name, id) 
    values
        (?, ?, ?)
2026-02-26T04:44:48.829+03:00 DEBUG 23776 --- [           main] org.hibernate.SQL                        : 
    insert 
    into
        users
        (created_at, email, is_locked, locked_until, password_hash, role_id, updated_at, id) 
    values
        (?, ?, ?, ?, ?, ?, ?, ?)
2026-02-26T04:44:48.833+03:00 DEBUG 23776 --- [           main] org.hibernate.SQL                        : 
    insert 
    into
        ideas
        (category, created_at, description, status, submitter_id, title, updated_at, version) 
    values
        (?, ?, ?, ?, ?, ?, ?, ?)
2026-02-26T04:44:48.836+03:00 DEBUG 23776 --- [           main] org.hibernate.SQL                        : 
    insert 
    into
        ideas
        (category, created_at, description, status, submitter_id, title, updated_at, version) 
    values
        (?, ?, ?, ?, ?, ?, ?, ?)
2026-02-26T04:44:48.843+03:00 DEBUG 23776 --- [           main] org.hibernate.SQL                        : 
    select
        i1_0.id,
        i1_0.category,
        i1_0.created_at,
        i1_0.description,
        i1_0.status,
        i1_0.submitter_id,
        i1_0.title,
        i1_0.updated_at,
        i1_0.version 
    from
        ideas i1_0 
    where
        i1_0.status=? 
    offset
        ? rows 
    fetch
        first ? rows only
2026-02-26T04:44:48.851+03:00 DEBUG 23776 --- [           main] org.hibernate.SQL                        : 
    select
        i1_0.id,
        i1_0.category,
        i1_0.created_at,
        i1_0.description,
        i1_0.status,
        i1_0.submitter_id,
        i1_0.title,
        i1_0.updated_at,
        i1_0.version 
    from
        ideas i1_0 
    where
        i1_0.status=? 
    offset
        ? rows 
    fetch
        first ? rows only
]]></system-out>
  </testcase>
  <testcase name="testFindAllWithPagination" classname="com.innovatepam.idea.repository.IdeaRepositoryIntegrationTest" time="0.124">
    <system-out><![CDATA[2026-02-26T04:44:48.863+03:00 DEBUG 23776 --- [           main] org.hibernate.SQL                        : 
    select
        r1_0.id,
        r1_0.created_at,
        r1_0.name 
    from
        roles r1_0 
    where
        r1_0.id=?
2026-02-26T04:44:48.866+03:00 DEBUG 23776 --- [           main] org.hibernate.SQL                        : 
    select
        u1_0.id,
        u1_0.created_at,
        u1_0.email,
        u1_0.is_locked,
        u1_0.locked_until,
        u1_0.password_hash,
        u1_0.role_id,
        r1_0.id,
        r1_0.created_at,
        r1_0.name,
        u1_0.updated_at 
    from
        users u1_0 
    join
        roles r1_0 
            on r1_0.id=u1_0.role_id 
    where
        u1_0.id=?
2026-02-26T04:44:48.871+03:00 DEBUG 23776 --- [           main] org.hibernate.SQL                        : 
    insert 
    into
        roles
        (created_at, name, id) 
    values
        (?, ?, ?)
2026-02-26T04:44:48.873+03:00 DEBUG 23776 --- [           main] org.hibernate.SQL                        : 
    insert 
    into
        users
        (created_at, email, is_locked, locked_until, password_hash, role_id, updated_at, id) 
    values
        (?, ?, ?, ?, ?, ?, ?, ?)
2026-02-26T04:44:48.876+03:00 DEBUG 23776 --- [           main] org.hibernate.SQL                        : 
    insert 
    into
        ideas
        (category, created_at, description, status, submitter_id, title, updated_at, version) 
    values
        (?, ?, ?, ?, ?, ?, ?, ?)
2026-02-26T04:44:48.880+03:00 DEBUG 23776 --- [           main] org.hibernate.SQL                        : 
    insert 
    into
        ideas
        (category, created_at, description, status, submitter_id, title, updated_at, version) 
    values
        (?, ?, ?, ?, ?, ?, ?, ?)
2026-02-26T04:44:48.888+03:00 DEBUG 23776 --- [           main] org.hibernate.SQL                        : 
    insert 
    into
        ideas
        (category, created_at, description, status, submitter_id, title, updated_at, version) 
    values
        (?, ?, ?, ?, ?, ?, ?, ?)
2026-02-26T04:44:48.894+03:00 DEBUG 23776 --- [           main] org.hibernate.SQL                        : 
    insert 
    into
        ideas
        (category, created_at, description, status, submitter_id, title, updated_at, version) 
    values
        (?, ?, ?, ?, ?, ?, ?, ?)
2026-02-26T04:44:48.899+03:00 DEBUG 23776 --- [           main] org.hibernate.SQL                        : 
    insert 
    into
        ideas
        (category, created_at, description, status, submitter_id, title, updated_at, version) 
    values
        (?, ?, ?, ?, ?, ?, ?, ?)
2026-02-26T04:44:48.904+03:00 DEBUG 23776 --- [           main] org.hibernate.SQL                        : 
    insert 
    into
        ideas
        (category, created_at, description, status, submitter_id, title, updated_at, version) 
    values
        (?, ?, ?, ?, ?, ?, ?, ?)
2026-02-26T04:44:48.909+03:00 DEBUG 23776 --- [           main] org.hibernate.SQL                        : 
    insert 
    into
        ideas
        (category, created_at, description, status, submitter_id, title, updated_at, version) 
    values
        (?, ?, ?, ?, ?, ?, ?, ?)
2026-02-26T04:44:48.915+03:00 DEBUG 23776 --- [           main] org.hibernate.SQL                        : 
    insert 
    into
        ideas
        (category, created_at, description, status, submitter_id, title, updated_at, version) 
    values
        (?, ?, ?, ?, ?, ?, ?, ?)
2026-02-26T04:44:48.919+03:00 DEBUG 23776 --- [           main] org.hibernate.SQL                        : 
    insert 
    into
        ideas
        (category, created_at, description, status, submitter_id, title, updated_at, version) 
    values
        (?, ?, ?, ?, ?, ?, ?, ?)
2026-02-26T04:44:48.924+03:00 DEBUG 23776 --- [           main] org.hibernate.SQL                        : 
    insert 
    into
        ideas
        (category, created_at, description, status, submitter_id, title, updated_at, version) 
    values
        (?, ?, ?, ?, ?, ?, ?, ?)
2026-02-26T04:44:48.929+03:00 DEBUG 23776 --- [           main] org.hibernate.SQL                        : 
    insert 
    into
        ideas
        (category, created_at, description, status, submitter_id, title, updated_at, version) 
    values
        (?, ?, ?, ?, ?, ?, ?, ?)
2026-02-26T04:44:48.933+03:00 DEBUG 23776 --- [           main] org.hibernate.SQL                        : 
    insert 
    into
        ideas
        (category, created_at, description, status, submitter_id, title, updated_at, version) 
    values
        (?, ?, ?, ?, ?, ?, ?, ?)
2026-02-26T04:44:48.938+03:00 DEBUG 23776 --- [           main] org.hibernate.SQL                        : 
    insert 
    into
        ideas
        (category, created_at, description, status, submitter_id, title, updated_at, version) 
    values
        (?, ?, ?, ?, ?, ?, ?, ?)
2026-02-26T04:44:48.943+03:00 DEBUG 23776 --- [           main] org.hibernate.SQL                        : 
    insert 
    into
        ideas
        (category, created_at, description, status, submitter_id, title, updated_at, version) 
    values
        (?, ?, ?, ?, ?, ?, ?, ?)
2026-02-26T04:44:48.948+03:00 DEBUG 23776 --- [           main] org.hibernate.SQL                        : 
    insert 
    into
        ideas
        (category, created_at, description, status, submitter_id, title, updated_at, version) 
    values
        (?, ?, ?, ?, ?, ?, ?, ?)
2026-02-26T04:44:48.957+03:00 DEBUG 23776 --- [           main] org.hibernate.SQL                        : 
    select
        i1_0.id,
        i1_0.category,
        i1_0.created_at,
        i1_0.description,
        i1_0.status,
        i1_0.submitter_id,
        i1_0.title,
        i1_0.updated_at,
        i1_0.version 
    from
        ideas i1_0 
    offset
        ? rows 
    fetch
        first ? rows only
2026-02-26T04:44:48.970+03:00 DEBUG 23776 --- [           main] org.hibernate.SQL                        : 
    select
        count(i1_0.id) 
    from
        ideas i1_0
2026-02-26T04:44:48.977+03:00 DEBUG 23776 --- [           main] org.hibernate.SQL                        : 
    select
        i1_0.id,
        i1_0.category,
        i1_0.created_at,
        i1_0.description,
        i1_0.status,
        i1_0.submitter_id,
        i1_0.title,
        i1_0.updated_at,
        i1_0.version 
    from
        ideas i1_0 
    offset
        ? rows 
    fetch
        first ? rows only
]]></system-out>
  </testcase>
  <testcase name="testUpdateIdeaStatus" classname="com.innovatepam.idea.repository.IdeaRepositoryIntegrationTest" time="0.035">
    <system-out><![CDATA[2026-02-26T04:44:48.987+03:00 DEBUG 23776 --- [           main] org.hibernate.SQL                        : 
    select
        r1_0.id,
        r1_0.created_at,
        r1_0.name 
    from
        roles r1_0 
    where
        r1_0.id=?
2026-02-26T04:44:48.991+03:00 DEBUG 23776 --- [           main] org.hibernate.SQL                        : 
    select
        u1_0.id,
        u1_0.created_at,
        u1_0.email,
        u1_0.is_locked,
        u1_0.locked_until,
        u1_0.password_hash,
        u1_0.role_id,
        r1_0.id,
        r1_0.created_at,
        r1_0.name,
        u1_0.updated_at 
    from
        users u1_0 
    join
        roles r1_0 
            on r1_0.id=u1_0.role_id 
    where
        u1_0.id=?
2026-02-26T04:44:48.996+03:00 DEBUG 23776 --- [           main] org.hibernate.SQL                        : 
    insert 
    into
        roles
        (created_at, name, id) 
    values
        (?, ?, ?)
2026-02-26T04:44:48.998+03:00 DEBUG 23776 --- [           main] org.hibernate.SQL                        : 
    insert 
    into
        users
        (created_at, email, is_locked, locked_until, password_hash, role_id, updated_at, id) 
    values
        (?, ?, ?, ?, ?, ?, ?, ?)
2026-02-26T04:44:49.002+03:00 DEBUG 23776 --- [           main] org.hibernate.SQL                        : 
    insert 
    into
        ideas
        (category, created_at, description, status, submitter_id, title, updated_at, version) 
    values
        (?, ?, ?, ?, ?, ?, ?, ?)
]]></system-out>
  </testcase>
  <testcase name="testOptimisticLocking" classname="com.innovatepam.idea.repository.IdeaRepositoryIntegrationTest" time="0.071">
    <system-out><![CDATA[2026-02-26T04:44:49.023+03:00 DEBUG 23776 --- [           main] org.hibernate.SQL                        : 
    select
        r1_0.id,
        r1_0.created_at,
        r1_0.name 
    from
        roles r1_0 
    where
        r1_0.id=?
2026-02-26T04:44:49.025+03:00 DEBUG 23776 --- [           main] org.hibernate.SQL                        : 
    select
        u1_0.id,
        u1_0.created_at,
        u1_0.email,
        u1_0.is_locked,
        u1_0.locked_until,
        u1_0.password_hash,
        u1_0.role_id,
        r1_0.id,
        r1_0.created_at,
        r1_0.name,
        u1_0.updated_at 
    from
        users u1_0 
    join
        roles r1_0 
            on r1_0.id=u1_0.role_id 
    where
        u1_0.id=?
2026-02-26T04:44:49.028+03:00 DEBUG 23776 --- [           main] org.hibernate.SQL                        : 
    insert 
    into
        roles
        (created_at, name, id) 
    values
        (?, ?, ?)
2026-02-26T04:44:49.031+03:00 DEBUG 23776 --- [           main] org.hibernate.SQL                        : 
    insert 
    into
        users
        (created_at, email, is_locked, locked_until, password_hash, role_id, updated_at, id) 
    values
        (?, ?, ?, ?, ?, ?, ?, ?)
2026-02-26T04:44:49.033+03:00 DEBUG 23776 --- [           main] org.hibernate.SQL                        : 
    insert 
    into
        ideas
        (category, created_at, description, status, submitter_id, title, updated_at, version) 
    values
        (?, ?, ?, ?, ?, ?, ?, ?)
2026-02-26T04:44:49.044+03:00 DEBUG 23776 --- [           main] org.hibernate.SQL                        : 
    select
        i1_0.id,
        a1_0.id,
        a1_0.created_at,
        a1_0.file_size,
        a1_0.file_type,
        a1_0.idea_id,
        a1_0.original_filename,
        a1_0.storage_location,
        a1_0.stored_filename,
        i1_0.category,
        i1_0.created_at,
        i1_0.description,
        i1_0.status,
        i1_0.submitter_id,
        s1_0.id,
        s1_0.created_at,
        s1_0.email,
        s1_0.is_locked,
        s1_0.locked_until,
        s1_0.password_hash,
        s1_0.role_id,
        r1_0.id,
        r1_0.created_at,
        r1_0.name,
        s1_0.updated_at,
        i1_0.title,
        i1_0.updated_at,
        i1_0.version 
    from
        ideas i1_0 
    left join
        idea_attachments a1_0 
            on i1_0.id=a1_0.idea_id 
    join
        users s1_0 
            on s1_0.id=i1_0.submitter_id 
    left join
        roles r1_0 
            on r1_0.id=s1_0.role_id 
    where
        i1_0.id=?
2026-02-26T04:44:49.052+03:00 DEBUG 23776 --- [           main] org.hibernate.SQL                        : 
    select
        i1_0.id,
        a1_0.id,
        a1_0.created_at,
        a1_0.file_size,
        a1_0.file_type,
        a1_0.idea_id,
        a1_0.original_filename,
        a1_0.storage_location,
        a1_0.stored_filename,
        i1_0.category,
        i1_0.created_at,
        i1_0.description,
        i1_0.status,
        i1_0.submitter_id,
        s1_0.id,
        s1_0.created_at,
        s1_0.email,
        s1_0.is_locked,
        s1_0.locked_until,
        s1_0.password_hash,
        s1_0.role_id,
        r1_0.id,
        r1_0.created_at,
        r1_0.name,
        s1_0.updated_at,
        i1_0.title,
        i1_0.updated_at,
        i1_0.version 
    from
        ideas i1_0 
    left join
        idea_attachments a1_0 
            on i1_0.id=a1_0.idea_id 
    join
        users s1_0 
            on s1_0.id=i1_0.submitter_id 
    left join
        roles r1_0 
            on r1_0.id=s1_0.role_id 
    where
        i1_0.id=?
2026-02-26T04:44:49.070+03:00 DEBUG 23776 --- [           main] org.hibernate.SQL                        : 
    select
        i1_0.id,
        a1_0.id,
        a1_0.created_at,
        a1_0.file_size,
        a1_0.file_type,
        a1_0.idea_id,
        a1_0.original_filename,
        a1_0.storage_location,
        a1_0.stored_filename,
        i1_0.category,
        i1_0.created_at,
        i1_0.description,
        i1_0.status,
        i1_0.submitter_id,
        s1_0.id,
        s1_0.created_at,
        s1_0.email,
        s1_0.is_locked,
        s1_0.locked_until,
        s1_0.password_hash,
        s1_0.role_id,
        r1_0.id,
        r1_0.created_at,
        r1_0.name,
        s1_0.updated_at,
        i1_0.title,
        i1_0.updated_at,
        i1_0.version,
        e1_0.idea_id,
        e1_0.id,
        e1_0.comment,
        e1_0.created_at,
        e1_0.evaluator_id,
        e2_0.id,
        e2_0.created_at,
        e2_0.email,
        e2_0.is_locked,
        e2_0.locked_until,
        e2_0.password_hash,
        e2_0.role_id,
        r2_0.id,
        r2_0.created_at,
        r2_0.name,
        e2_0.updated_at,
        e1_0.status_snapshot 
    from
        ideas i1_0 
    left join
        idea_attachments a1_0 
            on i1_0.id=a1_0.idea_id 
    join
        users s1_0 
            on s1_0.id=i1_0.submitter_id 
    left join
        roles r1_0 
            on r1_0.id=s1_0.role_id 
    left join
        idea_evaluations e1_0 
            on i1_0.id=e1_0.idea_id 
    left join
        users e2_0 
            on e2_0.id=e1_0.evaluator_id 
    left join
        roles r2_0 
            on r2_0.id=e2_0.role_id 
    where
        i1_0.id=? 
    order by
        e1_0.created_at
2026-02-26T04:44:49.081+03:00 DEBUG 23776 --- [           main] org.hibernate.SQL                        : 
    update
        ideas 
    set
        category=?,
        created_at=?,
        description=?,
        status=?,
        submitter_id=?,
        title=?,
        updated_at=?,
        version=? 
    where
        id=? 
        and version=?
]]></system-out>
  </testcase>
  <testcase name="testDeleteIdea" classname="com.innovatepam.idea.repository.IdeaRepositoryIntegrationTest" time="0.02">
    <system-out><![CDATA[2026-02-26T04:44:49.095+03:00 DEBUG 23776 --- [           main] org.hibernate.SQL                        : 
    select
        r1_0.id,
        r1_0.created_at,
        r1_0.name 
    from
        roles r1_0 
    where
        r1_0.id=?
2026-02-26T04:44:49.097+03:00 DEBUG 23776 --- [           main] org.hibernate.SQL                        : 
    select
        u1_0.id,
        u1_0.created_at,
        u1_0.email,
        u1_0.is_locked,
        u1_0.locked_until,
        u1_0.password_hash,
        u1_0.role_id,
        r1_0.id,
        r1_0.created_at,
        r1_0.name,
        u1_0.updated_at 
    from
        users u1_0 
    join
        roles r1_0 
            on r1_0.id=u1_0.role_id 
    where
        u1_0.id=?
2026-02-26T04:44:49.100+03:00 DEBUG 23776 --- [           main] org.hibernate.SQL                        : 
    insert 
    into
        roles
        (created_at, name, id) 
    values
        (?, ?, ?)
2026-02-26T04:44:49.102+03:00 DEBUG 23776 --- [           main] org.hibernate.SQL                        : 
    insert 
    into
        users
        (created_at, email, is_locked, locked_until, password_hash, role_id, updated_at, id) 
    values
        (?, ?, ?, ?, ?, ?, ?, ?)
2026-02-26T04:44:49.104+03:00 DEBUG 23776 --- [           main] org.hibernate.SQL                        : 
    insert 
    into
        ideas
        (category, created_at, description, status, submitter_id, title, updated_at, version) 
    values
        (?, ?, ?, ?, ?, ?, ?, ?)
]]></system-out>
  </testcase>
  <testcase name="testSaveAndFindIdea" classname="com.innovatepam.idea.repository.IdeaRepositoryIntegrationTest" time="0.021">
    <system-out><![CDATA[2026-02-26T04:44:49.116+03:00 DEBUG 23776 --- [           main] org.hibernate.SQL                        : 
    select
        r1_0.id,
        r1_0.created_at,
        r1_0.name 
    from
        roles r1_0 
    where
        r1_0.id=?
2026-02-26T04:44:49.119+03:00 DEBUG 23776 --- [           main] org.hibernate.SQL                        : 
    select
        u1_0.id,
        u1_0.created_at,
        u1_0.email,
        u1_0.is_locked,
        u1_0.locked_until,
        u1_0.password_hash,
        u1_0.role_id,
        r1_0.id,
        r1_0.created_at,
        r1_0.name,
        u1_0.updated_at 
    from
        users u1_0 
    join
        roles r1_0 
            on r1_0.id=u1_0.role_id 
    where
        u1_0.id=?
2026-02-26T04:44:49.123+03:00 DEBUG 23776 --- [           main] org.hibernate.SQL                        : 
    insert 
    into
        roles
        (created_at, name, id) 
    values
        (?, ?, ?)
2026-02-26T04:44:49.125+03:00 DEBUG 23776 --- [           main] org.hibernate.SQL                        : 
    insert 
    into
        users
        (created_at, email, is_locked, locked_until, password_hash, role_id, updated_at, id) 
    values
        (?, ?, ?, ?, ?, ?, ?, ?)
2026-02-26T04:44:49.127+03:00 DEBUG 23776 --- [           main] org.hibernate.SQL                        : 
    insert 
    into
        ideas
        (category, created_at, description, status, submitter_id, title, updated_at, version) 
    values
        (?, ?, ?, ?, ?, ?, ?, ?)
]]></system-out>
  </testcase>
</testsuite>